>>>>>>>>>>>>>>>> [['void', 'ns3::Ptr<ns3::Packet const>', 'ns3::Ipv4Header const&', 'ns3::Socket::SocketErrno', 'ns3::empty', 'ns3::empty', 'ns3::empty', 'ns3::empty', 'ns3::empty', 'ns3::empty'], ['void', 'ns3::Ptr<ns3::Ipv4Route>', 'ns3::Ptr<ns3::Packet const>', 'ns3::Ipv4Header const&', 'ns3::empty', 'ns3::empty', 'ns3::empty', 'ns3::empty', 'ns3::empty', 'ns3::empty'], ['void', 'ns3::Ptr<ns3::Socket>', 'ns3::empty', 'ns3::empty', 'ns3::empty', 'ns3::empty', 'ns3::empty', 'ns3::empty', 'ns3::empty', 'ns3::empty'], ['void', 'ns3::Ptr<ns3::Socket>', 'unsigned int', 'ns3::empty', 'ns3::empty', 'ns3::empty', 'ns3::empty', 'ns3::empty', 'ns3::empty', 'ns3::empty'], ['void', 'ns3::Ptr<ns3::Socket>', 'ns3::Address const&', 'ns3::empty', 'ns3::empty', 'ns3::empty', 'ns3::empty', 'ns3::empty', 'ns3::empty', 'ns3::empty'], ['bool', 'ns3::Ptr<ns3::Socket>', 'ns3::Address const&', 'ns3::empty', 'ns3::empty', 'ns3::empty', 'ns3::empty', 'ns3::empty', 'ns3::empty', 'ns3::empty'], ['void', 'ns3::Ptr<ns3::NetDevice>', 'ns3::Ptr<ns3::Packet const>', 'unsigned short', 'ns3::Address const&', 'ns3::Address const&', 'ns3::NetDevice::PacketType', 'ns3::empty', 'ns3::empty', 'ns3::empty']]
***** registering callback handler: 'ns3::Callback< void, ns3::Ptr< ns3::Packet const >, ns3::Ipv4Header const &, ns3::Socket::SocketErrno, ns3::empty, ns3::empty, ns3::empty, ns3::empty, ns3::empty, ns3::empty >'
***** registering callback handler: 'ns3::Callback< void, ns3::Ptr< ns3::Ipv4Route >, ns3::Ptr< ns3::Packet const >, ns3::Ipv4Header const &, ns3::empty, ns3::empty, ns3::empty, ns3::empty, ns3::empty, ns3::empty >'
***** registering callback handler: 'ns3::Callback< void, ns3::Ptr< ns3::Socket >, ns3::empty, ns3::empty, ns3::empty, ns3::empty, ns3::empty, ns3::empty, ns3::empty, ns3::empty >'
***** registering callback handler: 'ns3::Callback< void, ns3::Ptr< ns3::Socket >, unsigned int, ns3::empty, ns3::empty, ns3::empty, ns3::empty, ns3::empty, ns3::empty, ns3::empty >'
***** registering callback handler: 'ns3::Callback< void, ns3::Ptr< ns3::Socket >, ns3::Address const &, ns3::empty, ns3::empty, ns3::empty, ns3::empty, ns3::empty, ns3::empty, ns3::empty >'
***** registering callback handler: 'ns3::Callback< bool, ns3::Ptr< ns3::Socket >, ns3::Address const &, ns3::empty, ns3::empty, ns3::empty, ns3::empty, ns3::empty, ns3::empty, ns3::empty >'
***** registering callback handler: 'ns3::Callback< void, ns3::Ptr< ns3::NetDevice >, ns3::Ptr< ns3::Packet const >, unsigned short, ns3::Address const &, ns3::Address const &, ns3::NetDevice::PacketType, ns3::empty, ns3::empty, ns3::empty >'
/home/mattia/repos/ns-3-allinone/ns-3-dev/src/dsdv/bindings/modulegen__gcc_LP64.py:577: Warning: exception TypeConfigurationError('direction not given',) in wrapper <pybindgen.cppmethod.CppConstructor object at 0x7fe7ad66b650>
  cls.add_constructor([param('uint8_t', 'type'), param('uint8_t const *', 'buffer'), param('uint8_t', 'len')])
/home/mattia/repos/ns-3-allinone/ns-3-dev/src/dsdv/bindings/modulegen__gcc_LP64.py:588: Warning: exception TypeConfigurationError('direction not given',) in wrapper public: retval? ???::CopyAllFrom (params?);
  [param('uint8_t const *', 'buffer'), param('uint8_t', 'len')])
/home/mattia/repos/ns-3-allinone/ns-3-dev/src/dsdv/bindings/modulegen__gcc_LP64.py:593: Warning: exception TypeConfigurationError('direction not given',) in wrapper public: retval? ???::CopyAllTo (params?) const;
  is_const=True)
/home/mattia/repos/ns-3-allinone/ns-3-dev/src/dsdv/bindings/modulegen__gcc_LP64.py:597: Warning: exception TypeConfigurationError('direction not given',) in wrapper public: retval? ???::CopyFrom (params?);
  [param('uint8_t const *', 'buffer'), param('uint8_t', 'len')])
/home/mattia/repos/ns-3-allinone/ns-3-dev/src/dsdv/bindings/modulegen__gcc_LP64.py:602: Warning: exception TypeConfigurationError('direction not given',) in wrapper public: retval? ???::CopyTo (params?) const;
  is_const=True)
/home/mattia/repos/ns-3-allinone/ns-3-dev/src/dsdv/bindings/modulegen__gcc_LP64.py:652: Warning: exception TypeLookupError(['std::_List_const_iterator< ns3::AttributeConstructionList::Item >'],) in wrapper public: retval? ???::Begin (params?) const;
  is_const=True)
/home/mattia/repos/ns-3-allinone/ns-3-dev/src/dsdv/bindings/modulegen__gcc_LP64.py:657: Warning: exception TypeLookupError(['std::_List_const_iterator< ns3::AttributeConstructionList::Item >'],) in wrapper public: retval? ???::End (params?) const;
  is_const=True)
/home/mattia/repos/ns-3-allinone/ns-3-dev/src/dsdv/bindings/modulegen__gcc_LP64.py:708: Warning: exception TypeLookupError(['std::ostream *'],) in wrapper public: retval? ???::CopyData (params?) const;
  is_const=True)
/home/mattia/repos/ns-3-allinone/ns-3-dev/src/dsdv/bindings/modulegen__gcc_LP64.py:713: Warning: exception TypeConfigurationError('direction not given',) in wrapper public: retval? ???::CopyData (params?) const;
  is_const=True)
/home/mattia/repos/ns-3-allinone/ns-3-dev/src/dsdv/bindings/modulegen__gcc_LP64.py:727: Warning: exception TypeConfigurationError('direction not given',) in wrapper public: retval? ???::Deserialize (params?);
  [param('uint8_t const *', 'buffer'), param('uint32_t', 'size')])
/home/mattia/repos/ns-3-allinone/ns-3-dev/src/dsdv/bindings/modulegen__gcc_LP64.py:757: Warning: exception TypeLookupError(['uint8_t *'],) in wrapper public: retval? ???::PeekData (params?) const;
  is_const=True)
/home/mattia/repos/ns-3-allinone/ns-3-dev/src/dsdv/bindings/modulegen__gcc_LP64.py:770: Warning: exception TypeConfigurationError('direction not given',) in wrapper public: retval? ???::Serialize (params?) const;
  is_const=True)
/home/mattia/repos/ns-3-allinone/ns-3-dev/src/dsdv/bindings/modulegen__gcc_LP64.py:825: Warning: exception TypeConfigurationError('direction not given',) in wrapper public: retval? ???::Read (params?);
  [param('uint8_t *', 'buffer'), param('uint32_t', 'size')])
/home/mattia/repos/ns-3-allinone/ns-3-dev/src/dsdv/bindings/modulegen__gcc_LP64.py:869: Warning: exception TypeConfigurationError('direction not given',) in wrapper public: retval? ???::Write (params?);
  [param('uint8_t const *', 'buffer'), param('uint32_t', 'size')])
/home/mattia/repos/ns-3-allinone/ns-3-dev/src/dsdv/bindings/modulegen__gcc_LP64.py:1055: Warning: exception TypeLookupError(['ns3::Ptr< ns3::EventImpl > &'],) in wrapper <pybindgen.cppmethod.CppConstructor object at 0x7fe7ad573910>
  cls.add_constructor([param('ns3::Ptr< ns3::EventImpl > const &', 'impl'), param('uint64_t', 'ts'), param('uint32_t', 'context'), param('uint32_t', 'uid')])
/home/mattia/repos/ns-3-allinone/ns-3-dev/src/dsdv/bindings/modulegen__gcc_LP64.py:1089: Warning: exception TypeConfigurationError('Either caller_owns_return or self.reference_existing_object must be given',) in wrapper public: retval? ???::PeekEventImpl (params?) const;
  is_const=True)
/home/mattia/repos/ns-3-allinone/ns-3-dev/src/dsdv/bindings/modulegen__gcc_LP64.py:1283: Warning: exception TypeConfigurationError('direction not given',) in wrapper public: retval? ???::Deserialize (params?);
  is_static=True)
/home/mattia/repos/ns-3-allinone/ns-3-dev/src/dsdv/bindings/modulegen__gcc_LP64.py:1348: Warning: exception TypeLookupError(['std::ostream &'],) in wrapper public: retval? ???::Print (params?) const;
  is_const=True)
/home/mattia/repos/ns-3-allinone/ns-3-dev/src/dsdv/bindings/modulegen__gcc_LP64.py:1353: Warning: exception TypeConfigurationError('direction not given',) in wrapper public: retval? ???::Serialize (params?) const;
  is_const=True)
/home/mattia/repos/ns-3-allinone/ns-3-dev/src/dsdv/bindings/modulegen__gcc_LP64.py:1481: Warning: exception TypeLookupError(['std::ostream &'],) in wrapper public: retval? ???::Print (params?) const;
  is_const=True)
/home/mattia/repos/ns-3-allinone/ns-3-dev/src/dsdv/bindings/modulegen__gcc_LP64.py:1497: Warning: exception TypeConfigurationError('Either caller_owns_return or self.reference_existing_object must be given',) in wrapper public: virtual retval? ???::Copy (params?) const = 0;
  is_pure_virtual=True, is_const=True, is_virtual=True)
/home/mattia/repos/ns-3-allinone/ns-3-dev/src/dsdv/bindings/modulegen__gcc_LP64.py:1535: Warning: exception TypeConfigurationError('direction not given',) in wrapper <pybindgen.cppmethod.CppConstructor object at 0x7fe7ad485990>
  cls.add_constructor([param('uint8_t *', 'address')])
/home/mattia/repos/ns-3-allinone/ns-3-dev/src/dsdv/bindings/modulegen__gcc_LP64.py:1553: Warning: exception TypeConfigurationError('direction not given',) in wrapper public: retval? ???::Deserialize (params?);
  is_static=True)
/home/mattia/repos/ns-3-allinone/ns-3-dev/src/dsdv/bindings/modulegen__gcc_LP64.py:1578: Warning: exception TypeConfigurationError('direction not given',) in wrapper public: retval? ???::GetBytes (params?) const;
  is_const=True)
/home/mattia/repos/ns-3-allinone/ns-3-dev/src/dsdv/bindings/modulegen__gcc_LP64.py:1667: Warning: exception TypeLookupError(['ns3::Mac16Address'],) in wrapper public: retval? ???::MakeAutoconfiguredAddress (params?);
  is_static=True)
/home/mattia/repos/ns-3-allinone/ns-3-dev/src/dsdv/bindings/modulegen__gcc_LP64.py:1672: Warning: exception TypeLookupError(['ns3::Mac48Address'],) in wrapper public: retval? ???::MakeAutoconfiguredAddress (params?);
  is_static=True)
/home/mattia/repos/ns-3-allinone/ns-3-dev/src/dsdv/bindings/modulegen__gcc_LP64.py:1677: Warning: exception TypeLookupError(['ns3::Mac64Address'],) in wrapper public: retval? ???::MakeAutoconfiguredAddress (params?);
  is_static=True)
/home/mattia/repos/ns-3-allinone/ns-3-dev/src/dsdv/bindings/modulegen__gcc_LP64.py:1682: Warning: exception TypeLookupError(['ns3::Mac16Address'],) in wrapper public: retval? ???::MakeAutoconfiguredLinkLocalAddress (params?);
  is_static=True)
/home/mattia/repos/ns-3-allinone/ns-3-dev/src/dsdv/bindings/modulegen__gcc_LP64.py:1687: Warning: exception TypeLookupError(['ns3::Mac48Address'],) in wrapper public: retval? ???::MakeAutoconfiguredLinkLocalAddress (params?);
  is_static=True)
/home/mattia/repos/ns-3-allinone/ns-3-dev/src/dsdv/bindings/modulegen__gcc_LP64.py:1692: Warning: exception TypeLookupError(['ns3::Mac64Address'],) in wrapper public: retval? ???::MakeAutoconfiguredLinkLocalAddress (params?);
  is_static=True)
/home/mattia/repos/ns-3-allinone/ns-3-dev/src/dsdv/bindings/modulegen__gcc_LP64.py:1707: Warning: exception TypeLookupError(['std::ostream &'],) in wrapper public: retval? ???::Print (params?) const;
  is_const=True)
/home/mattia/repos/ns-3-allinone/ns-3-dev/src/dsdv/bindings/modulegen__gcc_LP64.py:1712: Warning: exception TypeConfigurationError('direction not given',) in wrapper public: retval? ???::Serialize (params?) const;
  is_const=True)
/home/mattia/repos/ns-3-allinone/ns-3-dev/src/dsdv/bindings/modulegen__gcc_LP64.py:1720: Warning: exception TypeConfigurationError('direction not given',) in wrapper public: retval? ???::Set (params?);
  [param('uint8_t *', 'address')])
/home/mattia/repos/ns-3-allinone/ns-3-dev/src/dsdv/bindings/modulegen__gcc_LP64.py:1785: Warning: exception TypeConfigurationError('direction not given',) in wrapper <pybindgen.cppmethod.CppConstructor object at 0x7fe7ad3ebc50>
  cls.add_constructor([param('uint8_t *', 'prefix')])
/home/mattia/repos/ns-3-allinone/ns-3-dev/src/dsdv/bindings/modulegen__gcc_LP64.py:1798: Warning: exception TypeConfigurationError('direction not given',) in wrapper public: retval? ???::GetBytes (params?) const;
  is_const=True)
/home/mattia/repos/ns-3-allinone/ns-3-dev/src/dsdv/bindings/modulegen__gcc_LP64.py:1833: Warning: exception TypeLookupError(['std::ostream &'],) in wrapper public: retval? ???::Print (params?) const;
  is_const=True)
/home/mattia/repos/ns-3-allinone/ns-3-dev/src/dsdv/bindings/modulegen__gcc_LP64.py:1869: Warning: exception TypeLookupError(['__gnu_cxx::__normal_iterator< ns3::Ptr< ns3::Node > const, std::vector< ns3::Ptr< ns3::Node > > >'],) in wrapper public: retval? ???::Begin (params?) const;
  is_const=True)
/home/mattia/repos/ns-3-allinone/ns-3-dev/src/dsdv/bindings/modulegen__gcc_LP64.py:1882: Warning: exception TypeLookupError(['__gnu_cxx::__normal_iterator< ns3::Ptr< ns3::Node > const, std::vector< ns3::Ptr< ns3::Node > > >'],) in wrapper public: retval? ???::End (params?) const;
  is_const=True)
/home/mattia/repos/ns-3-allinone/ns-3-dev/src/dsdv/bindings/modulegen__gcc_LP64.py:1970: Warning: exception TypeConfigurationError('Missing transfer_ownership option',) in wrapper public: retval? ???::Delete (params?);
  is_static=True)
/home/mattia/repos/ns-3-allinone/ns-3-dev/src/dsdv/bindings/modulegen__gcc_LP64.py:2043: Warning: exception TypeConfigurationError('direction not given',) in wrapper public: retval? ???::Deserialize (params?);
  [param('uint8_t const *', 'buffer'), param('uint32_t', 'size')])
/home/mattia/repos/ns-3-allinone/ns-3-dev/src/dsdv/bindings/modulegen__gcc_LP64.py:2084: Warning: exception TypeConfigurationError('direction not given',) in wrapper public: retval? ???::Serialize (params?) const;
  is_const=True)
bindings/python/ns3modulegen-modular.py:27: UserWarning: exception TypeLookupError(['uint8_t [ 20 ]'],) in wrapper None
  warnings.warn("exception %r in wrapper %s" % (exception, wrapper))
bindings/python/ns3modulegen-modular.py:27: UserWarning: exception TypeConfigurationError('Either caller_owns_return or self.reference_existing_object must be given',) in wrapper None
  warnings.warn("exception %r in wrapper %s" % (exception, wrapper))
/home/mattia/repos/ns-3-allinone/ns-3-dev/src/dsdv/bindings/modulegen__gcc_LP64.py:2239: Warning: exception TypeLookupError(['ns3::Ptr< ns3::SimulatorImpl >', 'ns3::SimulatorImpl *'],) in wrapper public: retval? ???::GetImplementation (params?);
  is_static=True)
/home/mattia/repos/ns-3-allinone/ns-3-dev/src/dsdv/bindings/modulegen__gcc_LP64.py:2274: Warning: exception TypeLookupError(['ns3::Ptr< ns3::SimulatorImpl >', 'ns3::SimulatorImpl *'],) in wrapper public: retval? ???::SetImplementation (params?);
  is_static=True)
/home/mattia/repos/ns-3-allinone/ns-3-dev/src/dsdv/bindings/modulegen__gcc_LP64.py:2316: Warning: exception TypeLookupError(['std::ostream &'],) in wrapper public: virtual retval? ???::Print (params?) const = 0;
  is_pure_virtual=True, is_const=True, is_virtual=True)
/home/mattia/repos/ns-3-allinone/ns-3-dev/src/dsdv/bindings/modulegen__gcc_LP64.py:2328: Warning: exception TypeConfigurationError('direction not given',) in wrapper <pybindgen.cppmethod.CppConstructor object at 0x7fe7ad2c63d0>
  cls.add_constructor([param('uint8_t *', 'start'), param('uint8_t *', 'end')])
/home/mattia/repos/ns-3-allinone/ns-3-dev/src/dsdv/bindings/modulegen__gcc_LP64.py:2336: Warning: exception TypeConfigurationError('direction not given',) in wrapper public: retval? ???::Read (params?);
  [param('uint8_t *', 'buffer'), param('uint32_t', 'size')])
/home/mattia/repos/ns-3-allinone/ns-3-dev/src/dsdv/bindings/modulegen__gcc_LP64.py:2364: Warning: exception TypeConfigurationError('direction not given',) in wrapper public: retval? ???::Write (params?);
  [param('uint8_t const *', 'buffer'), param('uint32_t', 'size')])
/home/mattia/repos/ns-3-allinone/ns-3-dev/src/dsdv/bindings/modulegen__gcc_LP64.py:2513: Warning: exception TypeLookupError(['ns3::Callback< ns3::ObjectBase *, ns3::empty, ns3::empty, ns3::empty, ns3::empty, ns3::empty, ns3::empty, ns3::empty, ns3::empty, ns3::empty >'],) in wrapper public: retval? ???::GetConstructor (params?) const;
  is_const=True)
/home/mattia/repos/ns-3-allinone/ns-3-dev/src/dsdv/bindings/modulegen__gcc_LP64.py:2592: Warning: exception TypeConfigurationError('Missing transfer_ownership option',) in wrapper public: retval? ???::LookupByHashFailSafe (params?);
  is_static=True)
bindings/python/ns3modulegen-modular.py:27: UserWarning: exception TypeLookupError(['short unsigned int'],) in wrapper None
  warnings.warn("exception %r in wrapper %s" % (exception, wrapper))
/home/mattia/repos/ns-3-allinone/ns-3-dev/src/dsdv/bindings/modulegen__gcc_LP64.py:2793: Warning: exception TypeLookupError(['std::ostream &'],) in wrapper public: virtual retval? ???::Print (params?) const = 0;
  is_pure_virtual=True, is_const=True, is_virtual=True)
/home/mattia/repos/ns-3-allinone/ns-3-dev/src/dsdv/bindings/modulegen__gcc_LP64.py:2805: Warning: exception TypeConfigurationError('Either caller_owns_return or self.reference_existing_object must be given',) in wrapper public: virtual retval? ???::Copy (params?) const;
  is_const=True, is_virtual=True)
/home/mattia/repos/ns-3-allinone/ns-3-dev/src/dsdv/bindings/modulegen__gcc_LP64.py:2842: Warning: exception TypeLookupError(['std::ostream &'],) in wrapper public: virtual retval? ???::Print (params?) const = 0;
  is_pure_virtual=True, is_const=True, is_virtual=True)
/home/mattia/repos/ns-3-allinone/ns-3-dev/src/dsdv/bindings/modulegen__gcc_LP64.py:2958: Warning: exception TypeLookupError(['std::ostream &'],) in wrapper public: virtual retval? ???::Print (params?) const;
  is_const=True, is_virtual=True)
/home/mattia/repos/ns-3-allinone/ns-3-dev/src/dsdv/bindings/modulegen__gcc_LP64.py:3086: Warning: exception TypeLookupError(['std::ostream &'],) in wrapper public: virtual retval? ???::Print (params?) const;
  is_const=True, is_virtual=True)
/home/mattia/repos/ns-3-allinone/ns-3-dev/src/dsdv/bindings/modulegen__gcc_LP64.py:3228: Warning: exception TypeLookupError(['ns3::RngStream *'],) in wrapper protected: retval? ???::Peek (params?) const;
  is_const=True, visibility='protected')
/home/mattia/repos/ns-3-allinone/ns-3-dev/src/dsdv/bindings/modulegen__gcc_LP64.py:3561: Warning: exception TypeConfigurationError('direction not given',) in wrapper public: retval? ???::Recv (params?);
  [param('uint8_t *', 'buf'), param('uint32_t', 'size'), param('uint32_t', 'flags')])
/home/mattia/repos/ns-3-allinone/ns-3-dev/src/dsdv/bindings/modulegen__gcc_LP64.py:3574: Warning: exception TypeConfigurationError('direction not given',) in wrapper public: retval? ???::RecvFrom (params?);
  [param('uint8_t *', 'buf'), param('uint32_t', 'size'), param('uint32_t', 'flags'), param('ns3::Address &', 'fromAddress')])
/home/mattia/repos/ns-3-allinone/ns-3-dev/src/dsdv/bindings/modulegen__gcc_LP64.py:3587: Warning: exception TypeConfigurationError('direction not given',) in wrapper public: retval? ???::Send (params?);
  [param('uint8_t const *', 'buf'), param('uint32_t', 'size'), param('uint32_t', 'flags')])
/home/mattia/repos/ns-3-allinone/ns-3-dev/src/dsdv/bindings/modulegen__gcc_LP64.py:3596: Warning: exception TypeConfigurationError('direction not given',) in wrapper public: retval? ???::SendTo (params?);
  [param('uint8_t const *', 'buf'), param('uint32_t', 'size'), param('uint32_t', 'flags'), param('ns3::Address const &', 'address')])
/home/mattia/repos/ns-3-allinone/ns-3-dev/src/dsdv/bindings/modulegen__gcc_LP64.py:3780: Warning: exception TypeLookupError(['std::ostream &'],) in wrapper public: virtual retval? ???::Print (params?) const;
  is_const=True, is_virtual=True)
/home/mattia/repos/ns-3-allinone/ns-3-dev/src/dsdv/bindings/modulegen__gcc_LP64.py:3826: Warning: exception TypeLookupError(['std::ostream &'],) in wrapper public: virtual retval? ???::Print (params?) const;
  is_const=True, is_virtual=True)
/home/mattia/repos/ns-3-allinone/ns-3-dev/src/dsdv/bindings/modulegen__gcc_LP64.py:3872: Warning: exception TypeLookupError(['std::ostream &'],) in wrapper public: virtual retval? ???::Print (params?) const;
  is_const=True, is_virtual=True)
/home/mattia/repos/ns-3-allinone/ns-3-dev/src/dsdv/bindings/modulegen__gcc_LP64.py:3918: Warning: exception TypeLookupError(['std::ostream &'],) in wrapper public: virtual retval? ???::Print (params?) const;
  is_const=True, is_virtual=True)
/home/mattia/repos/ns-3-allinone/ns-3-dev/src/dsdv/bindings/modulegen__gcc_LP64.py:3964: Warning: exception TypeLookupError(['std::ostream &'],) in wrapper public: virtual retval? ???::Print (params?) const;
  is_const=True, is_virtual=True)
/home/mattia/repos/ns-3-allinone/ns-3-dev/src/dsdv/bindings/modulegen__gcc_LP64.py:4018: Warning: exception TypeLookupError(['std::ostream &'],) in wrapper public: virtual retval? ???::Print (params?) const;
  is_const=True, is_virtual=True)
/home/mattia/repos/ns-3-allinone/ns-3-dev/src/dsdv/bindings/modulegen__gcc_LP64.py:4249: Warning: exception TypeLookupError(['std::ostream &'],) in wrapper public: virtual retval? ???::Print (params?) const = 0;
  is_pure_virtual=True, is_const=True, is_virtual=True)
/home/mattia/repos/ns-3-allinone/ns-3-dev/src/dsdv/bindings/modulegen__gcc_LP64.py:4850: Warning: exception TypeLookupError(['ns3::Callback< void, ns3::Ptr< ns3::Packet >, ns3::Ipv4Address, ns3::Ipv4Address, unsigned char, ns3::Ptr< ns3::Ipv4Route >, ns3::empty, ns3::empty, ns3::empty, ns3::empty >'],) in wrapper public: virtual retval? ???::GetDownTarget (params?) const = 0;
  is_pure_virtual=True, is_const=True, is_virtual=True)
/home/mattia/repos/ns-3-allinone/ns-3-dev/src/dsdv/bindings/modulegen__gcc_LP64.py:4855: Warning: exception TypeLookupError(['ns3::Callback< void, ns3::Ptr< ns3::Packet >, ns3::Ipv6Address, ns3::Ipv6Address, unsigned char, ns3::Ptr< ns3::Ipv6Route >, ns3::empty, ns3::empty, ns3::empty, ns3::empty >'],) in wrapper public: virtual retval? ???::GetDownTarget6 (params?) const = 0;
  is_pure_virtual=True, is_const=True, is_virtual=True)
/home/mattia/repos/ns-3-allinone/ns-3-dev/src/dsdv/bindings/modulegen__gcc_LP64.py:4880: Warning: exception TypeConfigurationError('direction not given',) in wrapper public: virtual retval? ???::ReceiveIcmp (params?);
  is_virtual=True)
/home/mattia/repos/ns-3-allinone/ns-3-dev/src/dsdv/bindings/modulegen__gcc_LP64.py:4885: Warning: exception TypeConfigurationError('direction not given',) in wrapper public: virtual retval? ???::ReceiveIcmp (params?);
  is_virtual=True)
/home/mattia/repos/ns-3-allinone/ns-3-dev/src/dsdv/bindings/modulegen__gcc_LP64.py:4890: Warning: exception TypeLookupError(['ns3::Callback< void, ns3::Ptr< ns3::Packet >, ns3::Ipv4Address, ns3::Ipv4Address, unsigned char, ns3::Ptr< ns3::Ipv4Route >, ns3::empty, ns3::empty, ns3::empty, ns3::empty >'],) in wrapper public: virtual retval? ???::SetDownTarget (params?) = 0;
  is_pure_virtual=True, is_virtual=True)
/home/mattia/repos/ns-3-allinone/ns-3-dev/src/dsdv/bindings/modulegen__gcc_LP64.py:4895: Warning: exception TypeLookupError(['ns3::Callback< void, ns3::Ptr< ns3::Packet >, ns3::Ipv6Address, ns3::Ipv6Address, unsigned char, ns3::Ptr< ns3::Ipv6Route >, ns3::empty, ns3::empty, ns3::empty, ns3::empty >'],) in wrapper public: virtual retval? ???::SetDownTarget6 (params?) = 0;
  is_pure_virtual=True, is_virtual=True)
/home/mattia/repos/ns-3-allinone/ns-3-dev/src/dsdv/bindings/modulegen__gcc_LP64.py:5135: Warning: exception TypeLookupError(['ns3::Ptr< ns3::ArpCache >', 'ns3::ArpCache *'],) in wrapper public: retval? ???::GetArpCache (params?) const;
  is_const=True)
/home/mattia/repos/ns-3-allinone/ns-3-dev/src/dsdv/bindings/modulegen__gcc_LP64.py:5186: Warning: exception TypeLookupError(['ns3::Ptr< ns3::ArpCache >', 'ns3::ArpCache *'],) in wrapper public: retval? ???::SetArpCache (params?);
  [param('ns3::Ptr< ns3::ArpCache >', 'arg0')])
/home/mattia/repos/ns-3-allinone/ns-3-dev/src/dsdv/bindings/modulegen__gcc_LP64.py:5601: Warning: exception TypeLookupError(['ns3::Callback< void, ns3::Ptr< ns3::Ipv4MulticastRoute >, ns3::Ptr< ns3::Packet const >, ns3::Ipv4Header const &, ns3::empty, ns3::empty, ns3::empty, ns3::empty, ns3::empty, ns3::empty >'],) in wrapper public: virtual retval? ???::RouteInput (params?) = 0;
  is_pure_virtual=True, is_virtual=True)
/home/mattia/repos/ns-3-allinone/ns-3-dev/src/dsdv/bindings/modulegen__gcc_LP64.py:5886: Warning: exception TypeLookupError(['ns3::Callback< void, ns3::empty, ns3::empty, ns3::empty, ns3::empty, ns3::empty, ns3::empty, ns3::empty, ns3::empty, ns3::empty >'],) in wrapper public: virtual retval? ???::AddLinkChangeCallback (params?) = 0;
  is_pure_virtual=True, is_virtual=True)
/home/mattia/repos/ns-3-allinone/ns-3-dev/src/dsdv/bindings/modulegen__gcc_LP64.py:5901: Warning: exception TypeLookupError(['ns3::Ptr< ns3::Channel >', 'ns3::Channel *'],) in wrapper public: virtual retval? ???::GetChannel (params?) const = 0;
  is_pure_virtual=True, is_const=True, is_virtual=True)
/home/mattia/repos/ns-3-allinone/ns-3-dev/src/dsdv/bindings/modulegen__gcc_LP64.py:5996: Warning: exception TypeLookupError(['ns3::Callback< bool, ns3::Ptr< ns3::NetDevice >, ns3::Ptr< ns3::Packet const >, short unsigned int, ns3::Address const &, ns3::Address const &, ns3::NetDevice::PacketType, ns3::empty, ns3::empty, ns3::empty >'],) in wrapper public: virtual retval? ???::SetPromiscReceiveCallback (params?) = 0;
  is_pure_virtual=True, is_virtual=True)
/home/mattia/repos/ns-3-allinone/ns-3-dev/src/dsdv/bindings/modulegen__gcc_LP64.py:6001: Warning: exception TypeLookupError(['ns3::Callback< bool, ns3::Ptr< ns3::NetDevice >, ns3::Ptr< ns3::Packet const >, short unsigned int, ns3::Address const &, ns3::empty, ns3::empty, ns3::empty, ns3::empty, ns3::empty >'],) in wrapper public: virtual retval? ???::SetReceiveCallback (params?) = 0;
  is_pure_virtual=True, is_virtual=True)
/home/mattia/repos/ns-3-allinone/ns-3-dev/src/dsdv/bindings/modulegen__gcc_LP64.py:6063: Warning: exception TypeLookupError(['ns3::Ptr< ns3::Application >', 'ns3::Application *'],) in wrapper public: retval? ???::AddApplication (params?);
  [param('ns3::Ptr< ns3::Application >', 'application')])
/home/mattia/repos/ns-3-allinone/ns-3-dev/src/dsdv/bindings/modulegen__gcc_LP64.py:6077: Warning: exception TypeLookupError(['ns3::Ptr< ns3::Application >', 'ns3::Application *'],) in wrapper public: retval? ???::GetApplication (params?) const;
  is_const=True)
/home/mattia/repos/ns-3-allinone/ns-3-dev/src/dsdv/bindings/modulegen__gcc_LP64.py:6111: Warning: exception TypeLookupError(['ns3::Callback< void, ns3::Ptr< ns3::NetDevice >, ns3::empty, ns3::empty, ns3::empty, ns3::empty, ns3::empty, ns3::empty, ns3::empty, ns3::empty >'],) in wrapper public: retval? ???::RegisterDeviceAdditionListener (params?);
  [param('ns3::Callback< void, ns3::Ptr< ns3::NetDevice >, ns3::empty, ns3::empty, ns3::empty, ns3::empty, ns3::empty, ns3::empty, ns3::empty, ns3::empty >', 'listener')])
/home/mattia/repos/ns-3-allinone/ns-3-dev/src/dsdv/bindings/modulegen__gcc_LP64.py:6119: Warning: exception TypeLookupError(['ns3::Callback< void, ns3::Ptr< ns3::NetDevice >, ns3::empty, ns3::empty, ns3::empty, ns3::empty, ns3::empty, ns3::empty, ns3::empty, ns3::empty >'],) in wrapper public: retval? ???::UnregisterDeviceAdditionListener (params?);
  [param('ns3::Callback< void, ns3::Ptr< ns3::NetDevice >, ns3::empty, ns3::empty, ns3::empty, ns3::empty, ns3::empty, ns3::empty, ns3::empty, ns3::empty >', 'listener')])
/home/mattia/repos/ns-3-allinone/ns-3-dev/src/dsdv/bindings/modulegen__gcc_LP64.py:6227: Warning: exception TypeLookupError(['std::ostream *'],) in wrapper <pybindgen.cppmethod.CppConstructor object at 0x7fe7ac8c5790>
  cls.add_constructor([param('std::ostream *', 'os')])
/home/mattia/repos/ns-3-allinone/ns-3-dev/src/dsdv/bindings/modulegen__gcc_LP64.py:6231: Warning: exception TypeLookupError(['std::ostream *'],) in wrapper public: retval? ???::GetStream (params?);
  [])
/home/mattia/repos/ns-3-allinone/ns-3-dev/src/dsdv/bindings/modulegen__gcc_LP64.py:6243: Warning: exception TypeConfigurationError('direction not given',) in wrapper <pybindgen.cppmethod.CppConstructor object at 0x7fe7ac8cb390>
  cls.add_constructor([param('uint8_t const *', 'buffer'), param('uint32_t', 'size'), param('bool', 'magic')])
/home/mattia/repos/ns-3-allinone/ns-3-dev/src/dsdv/bindings/modulegen__gcc_LP64.py:6245: Warning: exception TypeConfigurationError('direction not given',) in wrapper <pybindgen.cppmethod.CppConstructor object at 0x7fe7ac8cb3d0>
  cls.add_constructor([param('uint8_t const *', 'buffer'), param('uint32_t', 'size')])
/home/mattia/repos/ns-3-allinone/ns-3-dev/src/dsdv/bindings/modulegen__gcc_LP64.py:6286: Warning: exception TypeConfigurationError('direction not given',) in wrapper public: retval? ???::CopyData (params?) const;
  is_const=True)
/home/mattia/repos/ns-3-allinone/ns-3-dev/src/dsdv/bindings/modulegen__gcc_LP64.py:6291: Warning: exception TypeLookupError(['std::ostream *'],) in wrapper public: retval? ???::CopyData (params?) const;
  is_const=True)
/home/mattia/repos/ns-3-allinone/ns-3-dev/src/dsdv/bindings/modulegen__gcc_LP64.py:6346: Warning: exception TypeLookupError(['uint8_t *'],) in wrapper public: retval? ???::PeekData (params?) const;
  deprecated=True, is_const=True)
/home/mattia/repos/ns-3-allinone/ns-3-dev/src/dsdv/bindings/modulegen__gcc_LP64.py:6365: Warning: exception TypeLookupError(['std::ostream &'],) in wrapper public: retval? ???::Print (params?) const;
  is_const=True)
/home/mattia/repos/ns-3-allinone/ns-3-dev/src/dsdv/bindings/modulegen__gcc_LP64.py:6370: Warning: exception TypeLookupError(['std::ostream &'],) in wrapper public: retval? ???::PrintByteTags (params?) const;
  is_const=True)
/home/mattia/repos/ns-3-allinone/ns-3-dev/src/dsdv/bindings/modulegen__gcc_LP64.py:6375: Warning: exception TypeLookupError(['std::ostream &'],) in wrapper public: retval? ???::PrintPacketTags (params?) const;
  is_const=True)
/home/mattia/repos/ns-3-allinone/ns-3-dev/src/dsdv/bindings/modulegen__gcc_LP64.py:6412: Warning: exception TypeConfigurationError('direction not given',) in wrapper public: retval? ???::Serialize (params?) const;
  is_const=True)
/home/mattia/repos/ns-3-allinone/ns-3-dev/src/dsdv/bindings/modulegen__gcc_LP64.py:6629: Warning: exception TypeLookupError(['ns3::Callback< void, ns3::Ptr< ns3::Ipv4MulticastRoute >, ns3::Ptr< ns3::Packet const >, ns3::Ipv4Header const &, ns3::empty, ns3::empty, ns3::empty, ns3::empty, ns3::empty, ns3::empty >'],) in wrapper public: virtual retval? ???::RouteInput (params?);
  is_virtual=True)
/home/mattia/repos/ns-3-allinone/ns-3-dev/src/dsdv/bindings/modulegen__gcc_LP64.py:6700: Warning: exception TypeLookupError(['ns3::Hash::Hash32Function_ptr'],) in wrapper <pybindgen.cppmethod.CppConstructor object at 0x7fe7ac7d6d10>
  cls.add_constructor([param('ns3::Hash::Hash32Function_ptr', 'hp')])
/home/mattia/repos/ns-3-allinone/ns-3-dev/src/dsdv/bindings/modulegen__gcc_LP64.py:6717: Warning: exception TypeLookupError(['ns3::Hash::Hash64Function_ptr'],) in wrapper <pybindgen.cppmethod.CppConstructor object at 0x7fe7ac7e0dd0>
  cls.add_constructor([param('ns3::Hash::Hash64Function_ptr', 'hp')])
/home/mattia/repos/ns-3-allinone/ns-3-dev/src/dsdv/bindings/modulegen__gcc_LP64.py:6802: Warning: exception TypeLookupError(['std::ostream &'],) in wrapper public: virtual retval? ???::Print (params?) const;
  is_const=True, is_virtual=True)
/home/mattia/repos/ns-3-allinone/ns-3-dev/src/dsdv/bindings/modulegen__gcc_LP64.py:6890: Warning: exception TypeLookupError(['ns3::Callback< void, ns3::Ptr< ns3::Packet const >, ns3::Ipv4Header const &, ns3::Socket::SocketErrno, ns3::empty, ns3::empty, ns3::empty, ns3::empty, ns3::empty, ns3::empty >'],) in wrapper public: retval? ???::GetErrorCallback (params?) const;
  is_const=True)
/home/mattia/repos/ns-3-allinone/ns-3-dev/src/dsdv/bindings/modulegen__gcc_LP64.py:6910: Warning: exception TypeLookupError(['ns3::Callback< void, ns3::Ptr< ns3::Ipv4Route >, ns3::Ptr< ns3::Packet const >, ns3::Ipv4Header const &, ns3::empty, ns3::empty, ns3::empty, ns3::empty, ns3::empty, ns3::empty >'],) in wrapper public: retval? ???::GetUnicastForwardCallback (params?) const;
  is_const=True)
/home/mattia/repos/ns-3-allinone/ns-3-dev/src/dsdv/bindings/modulegen__gcc_LP64.py:6996: Warning: exception TypeLookupError(['ns3::Callback< void, ns3::Ptr< ns3::Ipv4MulticastRoute >, ns3::Ptr< ns3::Packet const >, ns3::Ipv4Header const &, ns3::empty, ns3::empty, ns3::empty, ns3::empty, ns3::empty, ns3::empty >'],) in wrapper public: virtual retval? ???::RouteInput (params?);
  is_virtual=True)
