>>>>>>>>>>>>>>>> [['void', 'ns3::Mac48Address', 'ns3::Mac48Address', 'unsigned int', 'bool', 'ns3::empty', 'ns3::empty', 'ns3::empty', 'ns3::empty', 'ns3::empty'], ['void', 'unsigned int', 'ns3::Mac48Address', 'ns3::Mac48Address', 'ns3::dot11s::PeerLink::PeerState', 'ns3::dot11s::PeerLink::PeerState', 'ns3::empty', 'ns3::empty', 'ns3::empty', 'ns3::empty'], ['void', 'ns3::Ptr<ns3::NetDevice>', 'ns3::Ptr<ns3::Packet const>', 'unsigned short', 'ns3::Address const&', 'ns3::Address const&', 'ns3::NetDevice::PacketType', 'ns3::empty', 'ns3::empty', 'ns3::empty'], ['std::vector<ns3::Mac48Address, std::allocator<ns3::Mac48Address> >', 'unsigned int', 'ns3::empty', 'ns3::empty', 'ns3::empty', 'ns3::empty', 'ns3::empty', 'ns3::empty', 'ns3::empty', 'ns3::empty'], ['void', 'bool', 'ns3::Ptr<ns3::Packet>', 'ns3::Mac48Address', 'ns3::Mac48Address', 'unsigned short', 'unsigned int', 'ns3::empty', 'ns3::empty', 'ns3::empty'], ['unsigned int', 'ns3::Mac48Address', 'ns3::Ptr<ns3::MeshWifiInterfaceMac>', 'ns3::empty', 'ns3::empty', 'ns3::empty', 'ns3::empty', 'ns3::empty', 'ns3::empty', 'ns3::empty'], ['void', 'ns3::empty', 'ns3::empty', 'ns3::empty', 'ns3::empty', 'ns3::empty', 'ns3::empty', 'ns3::empty', 'ns3::empty', 'ns3::empty'], ['void', 'ns3::WifiMacHeader const&', 'ns3::empty', 'ns3::empty', 'ns3::empty', 'ns3::empty', 'ns3::empty', 'ns3::empty', 'ns3::empty', 'ns3::empty'], ['void', 'ns3::Ptr<ns3::Packet>', 'ns3::Mac48Address', 'ns3::Mac48Address', 'ns3::empty', 'ns3::empty', 'ns3::empty', 'ns3::empty', 'ns3::empty', 'ns3::empty'], ['void', 'ns3::Mac48Address', 'unsigned char', 'ns3::empty', 'ns3::empty', 'ns3::empty', 'ns3::empty', 'ns3::empty', 'ns3::empty', 'ns3::empty'], ['void', 'ns3::Mac48Address', 'unsigned char', 'bool', 'ns3::empty', 'ns3::empty', 'ns3::empty', 'ns3::empty', 'ns3::empty', 'ns3::empty'], ['bool', 'ns3::Ptr<ns3::NetDevice>', 'ns3::Ptr<ns3::Packet const>', 'unsigned short', 'ns3::Address const&', 'ns3::Address const&', 'ns3::NetDevice::PacketType', 'ns3::empty', 'ns3::empty', 'ns3::empty'], ['bool', 'ns3::Ptr<ns3::NetDevice>', 'ns3::Ptr<ns3::Packet const>', 'unsigned short', 'ns3::Address const&', 'ns3::empty', 'ns3::empty', 'ns3::empty', 'ns3::empty', 'ns3::empty']]
bindings/python/ns3modulegen-modular.py:27: UserWarning: exception TypeLookupError(['std::pair< unsigned int, ns3::Mac48Address >'],) in wrapper <pybindgen.Container 'std::vector< std::pair< unsigned int, ns3::Mac48Address > >'>
  warnings.warn("exception %r in wrapper %s" % (exception, wrapper))
***** registering callback handler: 'ns3::Callback< void, ns3::Mac48Address, ns3::Mac48Address, unsigned int, bool, ns3::empty, ns3::empty, ns3::empty, ns3::empty, ns3::empty >'
***** registering callback handler: 'ns3::Callback< void, unsigned int, ns3::Mac48Address, ns3::Mac48Address, ns3::dot11s::PeerLink::PeerState, ns3::dot11s::PeerLink::PeerState, ns3::empty, ns3::empty, ns3::empty, ns3::empty >'
***** registering callback handler: 'ns3::Callback< void, ns3::Ptr< ns3::NetDevice >, ns3::Ptr< ns3::Packet const >, unsigned short, ns3::Address const &, ns3::Address const &, ns3::NetDevice::PacketType, ns3::empty, ns3::empty, ns3::empty >'
/home/mattia/repos/ns-3-allinone/ns-3-dev/bindings/python/ns3modulegen_core_customizations.py:209: Warning: ***** Unable to register callback; Return value 'std::vector<ns3::Mac48Address, std::allocator<ns3::Mac48Address> >' error (used in ns3::Callback< std::vector<ns3::Mac48Address, std::allocator<ns3::Mac48Address> >, unsigned int, ns3::empty, ns3::empty, ns3::empty, ns3::empty, ns3::empty, ns3::empty, ns3::empty, ns3::empty >): TypeLookupError(['std::vector< ns3::Mac48Address, std::allocator< ns3::Mac48Address > >'],)
  Warning)
***** registering callback handler: 'ns3::Callback< void, bool, ns3::Ptr< ns3::Packet >, ns3::Mac48Address, ns3::Mac48Address, unsigned short, unsigned int, ns3::empty, ns3::empty, ns3::empty >'
***** registering callback handler: 'ns3::Callback< unsigned int, ns3::Mac48Address, ns3::Ptr< ns3::MeshWifiInterfaceMac >, ns3::empty, ns3::empty, ns3::empty, ns3::empty, ns3::empty, ns3::empty, ns3::empty >'
***** registering callback handler: 'ns3::Callback< void, ns3::empty, ns3::empty, ns3::empty, ns3::empty, ns3::empty, ns3::empty, ns3::empty, ns3::empty, ns3::empty >'
***** registering callback handler: 'ns3::Callback< void, ns3::WifiMacHeader const &, ns3::empty, ns3::empty, ns3::empty, ns3::empty, ns3::empty, ns3::empty, ns3::empty, ns3::empty >'
***** registering callback handler: 'ns3::Callback< void, ns3::Ptr< ns3::Packet >, ns3::Mac48Address, ns3::Mac48Address, ns3::empty, ns3::empty, ns3::empty, ns3::empty, ns3::empty, ns3::empty >'
***** registering callback handler: 'ns3::Callback< void, ns3::Mac48Address, unsigned char, ns3::empty, ns3::empty, ns3::empty, ns3::empty, ns3::empty, ns3::empty, ns3::empty >'
***** registering callback handler: 'ns3::Callback< void, ns3::Mac48Address, unsigned char, bool, ns3::empty, ns3::empty, ns3::empty, ns3::empty, ns3::empty, ns3::empty >'
***** registering callback handler: 'ns3::Callback< bool, ns3::Ptr< ns3::NetDevice >, ns3::Ptr< ns3::Packet const >, unsigned short, ns3::Address const &, ns3::Address const &, ns3::NetDevice::PacketType, ns3::empty, ns3::empty, ns3::empty >'
***** registering callback handler: 'ns3::Callback< bool, ns3::Ptr< ns3::NetDevice >, ns3::Ptr< ns3::Packet const >, unsigned short, ns3::Address const &, ns3::empty, ns3::empty, ns3::empty, ns3::empty, ns3::empty >'
/home/mattia/repos/ns-3-allinone/ns-3-dev/src/mesh/bindings/modulegen__gcc_LP64.py:799: Warning: exception TypeConfigurationError('direction not given',) in wrapper <pybindgen.cppmethod.CppConstructor object at 0x7f4db3731890>
  cls.add_constructor([param('uint8_t', 'type'), param('uint8_t const *', 'buffer'), param('uint8_t', 'len')])
/home/mattia/repos/ns-3-allinone/ns-3-dev/src/mesh/bindings/modulegen__gcc_LP64.py:810: Warning: exception TypeConfigurationError('direction not given',) in wrapper public: retval? ???::CopyAllFrom (params?);
  [param('uint8_t const *', 'buffer'), param('uint8_t', 'len')])
/home/mattia/repos/ns-3-allinone/ns-3-dev/src/mesh/bindings/modulegen__gcc_LP64.py:815: Warning: exception TypeConfigurationError('direction not given',) in wrapper public: retval? ???::CopyAllTo (params?) const;
  is_const=True)
/home/mattia/repos/ns-3-allinone/ns-3-dev/src/mesh/bindings/modulegen__gcc_LP64.py:819: Warning: exception TypeConfigurationError('direction not given',) in wrapper public: retval? ???::CopyFrom (params?);
  [param('uint8_t const *', 'buffer'), param('uint8_t', 'len')])
/home/mattia/repos/ns-3-allinone/ns-3-dev/src/mesh/bindings/modulegen__gcc_LP64.py:824: Warning: exception TypeConfigurationError('direction not given',) in wrapper public: retval? ???::CopyTo (params?) const;
  is_const=True)
/home/mattia/repos/ns-3-allinone/ns-3-dev/src/mesh/bindings/modulegen__gcc_LP64.py:993: Warning: exception TypeLookupError(['std::_List_const_iterator< ns3::AttributeConstructionList::Item >'],) in wrapper public: retval? ???::Begin (params?) const;
  is_const=True)
/home/mattia/repos/ns-3-allinone/ns-3-dev/src/mesh/bindings/modulegen__gcc_LP64.py:998: Warning: exception TypeLookupError(['std::_List_const_iterator< ns3::AttributeConstructionList::Item >'],) in wrapper public: retval? ???::End (params?) const;
  is_const=True)
/home/mattia/repos/ns-3-allinone/ns-3-dev/src/mesh/bindings/modulegen__gcc_LP64.py:1207: Warning: exception TypeLookupError(['ns3::Ptr< ns3::WifiMacQueue >', 'ns3::WifiMacQueue *'],) in wrapper public: retval? ???::SetQueue (params?);
  [param('ns3::Ptr< ns3::WifiMacQueue >', 'queue')])
/home/mattia/repos/ns-3-allinone/ns-3-dev/src/mesh/bindings/modulegen__gcc_LP64.py:1211: Warning: exception TypeLookupError(['ns3::MacTxMiddle *'],) in wrapper public: retval? ???::SetTxMiddle (params?);
  [param('ns3::MacTxMiddle *', 'txMiddle')])
/home/mattia/repos/ns-3-allinone/ns-3-dev/src/mesh/bindings/modulegen__gcc_LP64.py:1264: Warning: exception TypeLookupError(['std::ostream *'],) in wrapper public: retval? ???::CopyData (params?) const;
  is_const=True)
/home/mattia/repos/ns-3-allinone/ns-3-dev/src/mesh/bindings/modulegen__gcc_LP64.py:1269: Warning: exception TypeConfigurationError('direction not given',) in wrapper public: retval? ???::CopyData (params?) const;
  is_const=True)
/home/mattia/repos/ns-3-allinone/ns-3-dev/src/mesh/bindings/modulegen__gcc_LP64.py:1283: Warning: exception TypeConfigurationError('direction not given',) in wrapper public: retval? ???::Deserialize (params?);
  [param('uint8_t const *', 'buffer'), param('uint32_t', 'size')])
/home/mattia/repos/ns-3-allinone/ns-3-dev/src/mesh/bindings/modulegen__gcc_LP64.py:1313: Warning: exception TypeLookupError(['uint8_t *'],) in wrapper public: retval? ???::PeekData (params?) const;
  is_const=True)
/home/mattia/repos/ns-3-allinone/ns-3-dev/src/mesh/bindings/modulegen__gcc_LP64.py:1326: Warning: exception TypeConfigurationError('direction not given',) in wrapper public: retval? ???::Serialize (params?) const;
  is_const=True)
/home/mattia/repos/ns-3-allinone/ns-3-dev/src/mesh/bindings/modulegen__gcc_LP64.py:1381: Warning: exception TypeConfigurationError('direction not given',) in wrapper public: retval? ???::Read (params?);
  [param('uint8_t *', 'buffer'), param('uint32_t', 'size')])
/home/mattia/repos/ns-3-allinone/ns-3-dev/src/mesh/bindings/modulegen__gcc_LP64.py:1425: Warning: exception TypeConfigurationError('direction not given',) in wrapper public: retval? ???::Write (params?);
  [param('uint8_t const *', 'buffer'), param('uint32_t', 'size')])
/home/mattia/repos/ns-3-allinone/ns-3-dev/src/mesh/bindings/modulegen__gcc_LP64.py:1650: Warning: exception TypeLookupError(['ns3::Ptr< ns3::EventImpl > &'],) in wrapper <pybindgen.cppmethod.CppConstructor object at 0x7f4db354b110>
  cls.add_constructor([param('ns3::Ptr< ns3::EventImpl > const &', 'impl'), param('uint64_t', 'ts'), param('uint32_t', 'context'), param('uint32_t', 'uid')])
/home/mattia/repos/ns-3-allinone/ns-3-dev/src/mesh/bindings/modulegen__gcc_LP64.py:1684: Warning: exception TypeConfigurationError('Either caller_owns_return or self.reference_existing_object must be given',) in wrapper public: retval? ???::PeekEventImpl (params?) const;
  is_const=True)
/home/mattia/repos/ns-3-allinone/ns-3-dev/src/mesh/bindings/modulegen__gcc_LP64.py:1743: Warning: exception TypeConfigurationError('direction not given',) in wrapper public: retval? ???::Deserialize (params?);
  is_static=True)
/home/mattia/repos/ns-3-allinone/ns-3-dev/src/mesh/bindings/modulegen__gcc_LP64.py:1808: Warning: exception TypeLookupError(['std::ostream &'],) in wrapper public: retval? ???::Print (params?) const;
  is_const=True)
/home/mattia/repos/ns-3-allinone/ns-3-dev/src/mesh/bindings/modulegen__gcc_LP64.py:1813: Warning: exception TypeConfigurationError('direction not given',) in wrapper public: retval? ???::Serialize (params?) const;
  is_const=True)
/home/mattia/repos/ns-3-allinone/ns-3-dev/src/mesh/bindings/modulegen__gcc_LP64.py:1880: Warning: exception TypeLookupError(['std::ostream &'],) in wrapper public: retval? ???::Print (params?) const;
  is_const=True)
/home/mattia/repos/ns-3-allinone/ns-3-dev/src/mesh/bindings/modulegen__gcc_LP64.py:1897: Warning: exception TypeConfigurationError('direction not given',) in wrapper <pybindgen.cppmethod.CppConstructor object at 0x7f4db34c0d50>
  cls.add_constructor([param('uint8_t *', 'address')])
/home/mattia/repos/ns-3-allinone/ns-3-dev/src/mesh/bindings/modulegen__gcc_LP64.py:1915: Warning: exception TypeConfigurationError('direction not given',) in wrapper public: retval? ???::Deserialize (params?);
  is_static=True)
/home/mattia/repos/ns-3-allinone/ns-3-dev/src/mesh/bindings/modulegen__gcc_LP64.py:1940: Warning: exception TypeConfigurationError('direction not given',) in wrapper public: retval? ???::GetBytes (params?) const;
  is_const=True)
/home/mattia/repos/ns-3-allinone/ns-3-dev/src/mesh/bindings/modulegen__gcc_LP64.py:2029: Warning: exception TypeLookupError(['ns3::Mac16Address'],) in wrapper public: retval? ???::MakeAutoconfiguredAddress (params?);
  is_static=True)
/home/mattia/repos/ns-3-allinone/ns-3-dev/src/mesh/bindings/modulegen__gcc_LP64.py:2039: Warning: exception TypeLookupError(['ns3::Mac64Address'],) in wrapper public: retval? ???::MakeAutoconfiguredAddress (params?);
  is_static=True)
/home/mattia/repos/ns-3-allinone/ns-3-dev/src/mesh/bindings/modulegen__gcc_LP64.py:2044: Warning: exception TypeLookupError(['ns3::Mac16Address'],) in wrapper public: retval? ???::MakeAutoconfiguredLinkLocalAddress (params?);
  is_static=True)
/home/mattia/repos/ns-3-allinone/ns-3-dev/src/mesh/bindings/modulegen__gcc_LP64.py:2054: Warning: exception TypeLookupError(['ns3::Mac64Address'],) in wrapper public: retval? ???::MakeAutoconfiguredLinkLocalAddress (params?);
  is_static=True)
/home/mattia/repos/ns-3-allinone/ns-3-dev/src/mesh/bindings/modulegen__gcc_LP64.py:2069: Warning: exception TypeLookupError(['std::ostream &'],) in wrapper public: retval? ???::Print (params?) const;
  is_const=True)
/home/mattia/repos/ns-3-allinone/ns-3-dev/src/mesh/bindings/modulegen__gcc_LP64.py:2074: Warning: exception TypeConfigurationError('direction not given',) in wrapper public: retval? ???::Serialize (params?) const;
  is_const=True)
/home/mattia/repos/ns-3-allinone/ns-3-dev/src/mesh/bindings/modulegen__gcc_LP64.py:2082: Warning: exception TypeConfigurationError('direction not given',) in wrapper public: retval? ???::Set (params?);
  [param('uint8_t *', 'address')])
/home/mattia/repos/ns-3-allinone/ns-3-dev/src/mesh/bindings/modulegen__gcc_LP64.py:2092: Warning: exception TypeConfigurationError('direction not given',) in wrapper <pybindgen.cppmethod.CppConstructor object at 0x7f4db34938d0>
  cls.add_constructor([param('uint8_t *', 'prefix')])
/home/mattia/repos/ns-3-allinone/ns-3-dev/src/mesh/bindings/modulegen__gcc_LP64.py:2105: Warning: exception TypeConfigurationError('direction not given',) in wrapper public: retval? ???::GetBytes (params?) const;
  is_const=True)
/home/mattia/repos/ns-3-allinone/ns-3-dev/src/mesh/bindings/modulegen__gcc_LP64.py:2140: Warning: exception TypeLookupError(['std::ostream &'],) in wrapper public: retval? ???::Print (params?) const;
  is_const=True)
/home/mattia/repos/ns-3-allinone/ns-3-dev/src/mesh/bindings/modulegen__gcc_LP64.py:2167: Warning: exception TypeConfigurationError('direction not given',) in wrapper public: retval? ???::CopyFrom (params?);
  [param('uint8_t const *', 'buffer')])
/home/mattia/repos/ns-3-allinone/ns-3-dev/src/mesh/bindings/modulegen__gcc_LP64.py:2172: Warning: exception TypeConfigurationError('direction not given',) in wrapper public: retval? ???::CopyTo (params?) const;
  is_const=True)
/home/mattia/repos/ns-3-allinone/ns-3-dev/src/mesh/bindings/modulegen__gcc_LP64.py:2237: Warning: exception TypeLookupError(['ns3::Ptr< ns3::NetDevice > &'],) in wrapper public: retval? ???::Report (params?);
  [param('ns3::Ptr< ns3::NetDevice > const &', 'arg0'), param('std::ostream &', 'arg1')])
/home/mattia/repos/ns-3-allinone/ns-3-dev/src/mesh/bindings/modulegen__gcc_LP64.py:2241: Warning: exception TypeLookupError(['ns3::Ptr< ns3::NetDevice > &'],) in wrapper public: retval? ???::ResetStats (params?);
  [param('ns3::Ptr< ns3::NetDevice > const &', 'arg0')])
/home/mattia/repos/ns-3-allinone/ns-3-dev/src/mesh/bindings/modulegen__gcc_LP64.py:2324: Warning: exception TypeLookupError(['__gnu_cxx::__normal_iterator< ns3::Ptr< ns3::NetDevice > const, std::vector< ns3::Ptr< ns3::NetDevice > > >'],) in wrapper public: retval? ???::Begin (params?) const;
  is_const=True)
/home/mattia/repos/ns-3-allinone/ns-3-dev/src/mesh/bindings/modulegen__gcc_LP64.py:2329: Warning: exception TypeLookupError(['__gnu_cxx::__normal_iterator< ns3::Ptr< ns3::NetDevice > const, std::vector< ns3::Ptr< ns3::NetDevice > > >'],) in wrapper public: retval? ???::End (params?) const;
  is_const=True)
/home/mattia/repos/ns-3-allinone/ns-3-dev/src/mesh/bindings/modulegen__gcc_LP64.py:2375: Warning: exception TypeLookupError(['__gnu_cxx::__normal_iterator< ns3::Ptr< ns3::Node > const, std::vector< ns3::Ptr< ns3::Node > > >'],) in wrapper public: retval? ???::Begin (params?) const;
  is_const=True)
/home/mattia/repos/ns-3-allinone/ns-3-dev/src/mesh/bindings/modulegen__gcc_LP64.py:2388: Warning: exception TypeLookupError(['__gnu_cxx::__normal_iterator< ns3::Ptr< ns3::Node > const, std::vector< ns3::Ptr< ns3::Node > > >'],) in wrapper public: retval? ???::End (params?) const;
  is_const=True)
/home/mattia/repos/ns-3-allinone/ns-3-dev/src/mesh/bindings/modulegen__gcc_LP64.py:2476: Warning: exception TypeConfigurationError('Missing transfer_ownership option',) in wrapper public: retval? ???::Delete (params?);
  is_static=True)
/home/mattia/repos/ns-3-allinone/ns-3-dev/src/mesh/bindings/modulegen__gcc_LP64.py:2595: Warning: exception TypeConfigurationError('direction not given',) in wrapper public: retval? ???::Deserialize (params?);
  [param('uint8_t const *', 'buffer'), param('uint32_t', 'size')])
/home/mattia/repos/ns-3-allinone/ns-3-dev/src/mesh/bindings/modulegen__gcc_LP64.py:2636: Warning: exception TypeConfigurationError('direction not given',) in wrapper public: retval? ???::Serialize (params?) const;
  is_const=True)
bindings/python/ns3modulegen-modular.py:27: UserWarning: exception TypeLookupError(['uint8_t [ 20 ]'],) in wrapper None
  warnings.warn("exception %r in wrapper %s" % (exception, wrapper))
bindings/python/ns3modulegen-modular.py:27: UserWarning: exception TypeConfigurationError('Either caller_owns_return or self.reference_existing_object must be given',) in wrapper None
  warnings.warn("exception %r in wrapper %s" % (exception, wrapper))
/home/mattia/repos/ns-3-allinone/ns-3-dev/src/mesh/bindings/modulegen__gcc_LP64.py:2767: Warning: exception TypeLookupError(['uint32_t &'],) in wrapper public: retval? ???::Diff (params?);
  is_static=True)
/home/mattia/repos/ns-3-allinone/ns-3-dev/src/mesh/bindings/modulegen__gcc_LP64.py:2821: Warning: exception TypeConfigurationError('direction not given',) in wrapper public: retval? ???::Read (params?);
  [param('uint8_t * const', 'data'), param('uint32_t', 'maxBytes'), param('uint32_t &', 'tsSec'), param('uint32_t &', 'tsUsec'), param('uint32_t &', 'inclLen'), param('uint32_t &', 'origLen'), param('uint32_t &', 'readLen')])
/home/mattia/repos/ns-3-allinone/ns-3-dev/src/mesh/bindings/modulegen__gcc_LP64.py:2825: Warning: exception TypeConfigurationError('direction not given',) in wrapper public: retval? ???::Write (params?);
  [param('uint32_t', 'tsSec'), param('uint32_t', 'tsUsec'), param('uint8_t const * const', 'data'), param('uint32_t', 'totalLen')])
/home/mattia/repos/ns-3-allinone/ns-3-dev/src/mesh/bindings/modulegen__gcc_LP64.py:2934: Warning: exception TypeLookupError(['ns3::Ptr< ns3::SimulatorImpl >', 'ns3::SimulatorImpl *'],) in wrapper public: retval? ???::GetImplementation (params?);
  is_static=True)
/home/mattia/repos/ns-3-allinone/ns-3-dev/src/mesh/bindings/modulegen__gcc_LP64.py:2969: Warning: exception TypeLookupError(['ns3::Ptr< ns3::SimulatorImpl >', 'ns3::SimulatorImpl *'],) in wrapper public: retval? ???::SetImplementation (params?);
  is_static=True)
/home/mattia/repos/ns-3-allinone/ns-3-dev/src/mesh/bindings/modulegen__gcc_LP64.py:3046: Warning: exception TypeLookupError(['std::ostream &'],) in wrapper public: virtual retval? ???::Print (params?) const = 0;
  is_pure_virtual=True, is_const=True, is_virtual=True)
/home/mattia/repos/ns-3-allinone/ns-3-dev/src/mesh/bindings/modulegen__gcc_LP64.py:3058: Warning: exception TypeConfigurationError('direction not given',) in wrapper <pybindgen.cppmethod.CppConstructor object at 0x7f4db31f62d0>
  cls.add_constructor([param('uint8_t *', 'start'), param('uint8_t *', 'end')])
/home/mattia/repos/ns-3-allinone/ns-3-dev/src/mesh/bindings/modulegen__gcc_LP64.py:3066: Warning: exception TypeConfigurationError('direction not given',) in wrapper public: retval? ???::Read (params?);
  [param('uint8_t *', 'buffer'), param('uint32_t', 'size')])
/home/mattia/repos/ns-3-allinone/ns-3-dev/src/mesh/bindings/modulegen__gcc_LP64.py:3094: Warning: exception TypeConfigurationError('direction not given',) in wrapper public: retval? ???::Write (params?);
  [param('uint8_t const *', 'buffer'), param('uint32_t', 'size')])
/home/mattia/repos/ns-3-allinone/ns-3-dev/src/mesh/bindings/modulegen__gcc_LP64.py:3159: Warning: exception TypeLookupError(['ns3::Callback< ns3::ObjectBase *, ns3::empty, ns3::empty, ns3::empty, ns3::empty, ns3::empty, ns3::empty, ns3::empty, ns3::empty, ns3::empty >'],) in wrapper public: retval? ???::GetConstructor (params?) const;
  is_const=True)
/home/mattia/repos/ns-3-allinone/ns-3-dev/src/mesh/bindings/modulegen__gcc_LP64.py:3238: Warning: exception TypeConfigurationError('Missing transfer_ownership option',) in wrapper public: retval? ???::LookupByHashFailSafe (params?);
  is_static=True)
/home/mattia/repos/ns-3-allinone/ns-3-dev/src/mesh/bindings/modulegen__gcc_LP64.py:3437: Warning: exception TypeLookupError(['ns3::Ptr< ns3::WifiNetDevice >', 'ns3::WifiNetDevice *'],) in wrapper public: virtual retval? ???::Create (params?) const = 0;
  is_pure_virtual=True, is_const=True, is_virtual=True)
bindings/python/ns3modulegen-modular.py:27: UserWarning: exception TypeLookupError(['short unsigned int'],) in wrapper None
  warnings.warn("exception %r in wrapper %s" % (exception, wrapper))
/home/mattia/repos/ns-3-allinone/ns-3-dev/src/mesh/bindings/modulegen__gcc_LP64.py:3743: Warning: exception TypeLookupError(['std::ostream &'],) in wrapper public: virtual retval? ???::Print (params?) const = 0;
  is_pure_virtual=True, is_const=True, is_virtual=True)
/home/mattia/repos/ns-3-allinone/ns-3-dev/src/mesh/bindings/modulegen__gcc_LP64.py:3771: Warning: exception TypeLookupError(['std::ostream &'],) in wrapper public: virtual retval? ???::Print (params?) const = 0;
  is_pure_virtual=True, is_const=True, is_virtual=True)
/home/mattia/repos/ns-3-allinone/ns-3-dev/src/mesh/bindings/modulegen__gcc_LP64.py:3838: Warning: exception TypeLookupError(['std::ostream &'],) in wrapper public: virtual retval? ???::Print (params?) const;
  is_const=True, is_virtual=True)
/home/mattia/repos/ns-3-allinone/ns-3-dev/src/mesh/bindings/modulegen__gcc_LP64.py:3933: Warning: exception TypeLookupError(['std::ostream &'],) in wrapper public: virtual retval? ???::Print (params?) const;
  is_const=True, is_virtual=True)
/home/mattia/repos/ns-3-allinone/ns-3-dev/src/mesh/bindings/modulegen__gcc_LP64.py:4018: Warning: exception TypeLookupError(['std::ostream &'],) in wrapper public: virtual retval? ???::Print (params?) const;
  is_const=True, is_virtual=True)
/home/mattia/repos/ns-3-allinone/ns-3-dev/src/mesh/bindings/modulegen__gcc_LP64.py:4084: Warning: exception TypeLookupError(['std::ostream &'],) in wrapper public: virtual retval? ???::Print (params?) const;
  is_const=True, is_virtual=True)
/home/mattia/repos/ns-3-allinone/ns-3-dev/src/mesh/bindings/modulegen__gcc_LP64.py:4143: Warning: exception TypeLookupError(['std::ostream &'],) in wrapper public: virtual retval? ???::Print (params?) const;
  is_const=True, is_virtual=True)
/home/mattia/repos/ns-3-allinone/ns-3-dev/src/mesh/bindings/modulegen__gcc_LP64.py:4207: Warning: exception TypeLookupError(['std::ostream &'],) in wrapper public: virtual retval? ???::Print (params?) const;
  is_const=True, is_virtual=True)
/home/mattia/repos/ns-3-allinone/ns-3-dev/src/mesh/bindings/modulegen__gcc_LP64.py:4280: Warning: exception TypeLookupError(['std::ostream &'],) in wrapper public: virtual retval? ???::Print (params?) const;
  is_const=True, is_virtual=True)
/home/mattia/repos/ns-3-allinone/ns-3-dev/src/mesh/bindings/modulegen__gcc_LP64.py:4415: Warning: exception TypeConfigurationError('direction not given',) in wrapper public: retval? ???::Write (params?);
  [param('ns3::Time', 't'), param('uint8_t const *', 'buffer'), param('uint32_t', 'length')])
/home/mattia/repos/ns-3-allinone/ns-3-dev/src/mesh/bindings/modulegen__gcc_LP64.py:4837: Warning: exception TypeLookupError(['std::ostream &'],) in wrapper public: virtual retval? ???::Print (params?) const = 0;
  is_pure_virtual=True, is_const=True, is_virtual=True)
/home/mattia/repos/ns-3-allinone/ns-3-dev/src/mesh/bindings/modulegen__gcc_LP64.py:4882: Warning: exception TypeLookupError(['std::ostream &'],) in wrapper public: virtual retval? ???::Print (params?) const;
  is_const=True, is_virtual=True)
/home/mattia/repos/ns-3-allinone/ns-3-dev/src/mesh/bindings/modulegen__gcc_LP64.py:4952: Warning: exception TypeLookupError(['std::ostream &'],) in wrapper public: virtual retval? ???::Print (params?) const;
  is_const=True, is_virtual=True)
/home/mattia/repos/ns-3-allinone/ns-3-dev/src/mesh/bindings/modulegen__gcc_LP64.py:4978: Warning: exception TypeLookupError(['__gnu_cxx::__normal_iterator< ns3::Ptr< ns3::WifiInformationElement >, std::vector< ns3::Ptr< ns3::WifiInformationElement > > >'],) in wrapper public: retval? ???::Begin (params?);
  [])
/home/mattia/repos/ns-3-allinone/ns-3-dev/src/mesh/bindings/modulegen__gcc_LP64.py:4992: Warning: exception TypeLookupError(['__gnu_cxx::__normal_iterator< ns3::Ptr< ns3::WifiInformationElement >, std::vector< ns3::Ptr< ns3::WifiInformationElement > > >'],) in wrapper public: retval? ???::End (params?);
  [])
/home/mattia/repos/ns-3-allinone/ns-3-dev/src/mesh/bindings/modulegen__gcc_LP64.py:5017: Warning: exception TypeLookupError(['std::ostream &'],) in wrapper public: virtual retval? ???::Print (params?) const;
  is_const=True, is_virtual=True)
/home/mattia/repos/ns-3-allinone/ns-3-dev/src/mesh/bindings/modulegen__gcc_LP64.py:5513: Warning: exception TypeLookupError(['std::ostream &'],) in wrapper public: virtual retval? ???::Print (params?) const;
  is_const=True, is_virtual=True)
/home/mattia/repos/ns-3-allinone/ns-3-dev/src/mesh/bindings/modulegen__gcc_LP64.py:5715: Warning: exception TypeLookupError(['ns3::Ptr< ns3::WifiChannel >', 'ns3::WifiChannel *'],) in wrapper public: virtual retval? ???::GetChannel (params?) const = 0;
  is_pure_virtual=True, is_const=True, is_virtual=True)
/home/mattia/repos/ns-3-allinone/ns-3-dev/src/mesh/bindings/modulegen__gcc_LP64.py:6272: Warning: exception TypeConfigurationError('Missing transfer_ownership option',) in wrapper public: virtual retval? ???::RegisterListener (params?) = 0;
  is_pure_virtual=True, is_virtual=True)
/home/mattia/repos/ns-3-allinone/ns-3-dev/src/mesh/bindings/modulegen__gcc_LP64.py:6322: Warning: exception TypeLookupError(['ns3::Callback< void, ns3::Ptr< ns3::Packet const >, double, ns3::empty, ns3::empty, ns3::empty, ns3::empty, ns3::empty, ns3::empty, ns3::empty >'],) in wrapper public: virtual retval? ???::SetReceiveErrorCallback (params?) = 0;
  is_pure_virtual=True, is_virtual=True)
/home/mattia/repos/ns-3-allinone/ns-3-dev/src/mesh/bindings/modulegen__gcc_LP64.py:6327: Warning: exception TypeLookupError(['ns3::Callback< void, ns3::Ptr< ns3::Packet >, double, ns3::WifiMode, ns3::WifiPreamble, ns3::empty, ns3::empty, ns3::empty, ns3::empty, ns3::empty >'],) in wrapper public: virtual retval? ???::SetReceiveOkCallback (params?) = 0;
  is_pure_virtual=True, is_virtual=True)
/home/mattia/repos/ns-3-allinone/ns-3-dev/src/mesh/bindings/modulegen__gcc_LP64.py:6672: Warning: exception TypeConfigurationError('Either caller_owns_return or self.reference_existing_object must be given',) in wrapper private: virtual retval? ???::DoCreateStation (params?) const = 0;
  is_pure_virtual=True, is_const=True, visibility='private', is_virtual=True)
/home/mattia/repos/ns-3-allinone/ns-3-dev/src/mesh/bindings/modulegen__gcc_LP64.py:6752: Warning: exception TypeConfigurationError('Missing transfer_ownership option',) in wrapper private: virtual retval? ???::DoGetDataTxVector (params?) = 0;
  is_pure_virtual=True, visibility='private', is_virtual=True)
/home/mattia/repos/ns-3-allinone/ns-3-dev/src/mesh/bindings/modulegen__gcc_LP64.py:6757: Warning: exception TypeConfigurationError('Missing transfer_ownership option',) in wrapper private: virtual retval? ???::DoGetRtsTxVector (params?) = 0;
  is_pure_virtual=True, visibility='private', is_virtual=True)
/home/mattia/repos/ns-3-allinone/ns-3-dev/src/mesh/bindings/modulegen__gcc_LP64.py:6762: Warning: exception TypeConfigurationError('Missing transfer_ownership option',) in wrapper private: virtual retval? ???::DoNeedDataRetransmission (params?);
  visibility='private', is_virtual=True)
/home/mattia/repos/ns-3-allinone/ns-3-dev/src/mesh/bindings/modulegen__gcc_LP64.py:6767: Warning: exception TypeConfigurationError('Missing transfer_ownership option',) in wrapper private: virtual retval? ???::DoNeedFragmentation (params?);
  visibility='private', is_virtual=True)
/home/mattia/repos/ns-3-allinone/ns-3-dev/src/mesh/bindings/modulegen__gcc_LP64.py:6772: Warning: exception TypeConfigurationError('Missing transfer_ownership option',) in wrapper private: virtual retval? ???::DoNeedRts (params?);
  visibility='private', is_virtual=True)
/home/mattia/repos/ns-3-allinone/ns-3-dev/src/mesh/bindings/modulegen__gcc_LP64.py:6777: Warning: exception TypeConfigurationError('Missing transfer_ownership option',) in wrapper private: virtual retval? ???::DoNeedRtsRetransmission (params?);
  visibility='private', is_virtual=True)
/home/mattia/repos/ns-3-allinone/ns-3-dev/src/mesh/bindings/modulegen__gcc_LP64.py:6782: Warning: exception TypeConfigurationError('Missing transfer_ownership option',) in wrapper private: virtual retval? ???::DoReportDataFailed (params?) = 0;
  is_pure_virtual=True, visibility='private', is_virtual=True)
/home/mattia/repos/ns-3-allinone/ns-3-dev/src/mesh/bindings/modulegen__gcc_LP64.py:6787: Warning: exception TypeConfigurationError('Missing transfer_ownership option',) in wrapper private: virtual retval? ???::DoReportDataOk (params?) = 0;
  is_pure_virtual=True, visibility='private', is_virtual=True)
/home/mattia/repos/ns-3-allinone/ns-3-dev/src/mesh/bindings/modulegen__gcc_LP64.py:6792: Warning: exception TypeConfigurationError('Missing transfer_ownership option',) in wrapper private: virtual retval? ???::DoReportFinalDataFailed (params?) = 0;
  is_pure_virtual=True, visibility='private', is_virtual=True)
/home/mattia/repos/ns-3-allinone/ns-3-dev/src/mesh/bindings/modulegen__gcc_LP64.py:6797: Warning: exception TypeConfigurationError('Missing transfer_ownership option',) in wrapper private: virtual retval? ???::DoReportFinalRtsFailed (params?) = 0;
  is_pure_virtual=True, visibility='private', is_virtual=True)
/home/mattia/repos/ns-3-allinone/ns-3-dev/src/mesh/bindings/modulegen__gcc_LP64.py:6802: Warning: exception TypeConfigurationError('Missing transfer_ownership option',) in wrapper private: virtual retval? ???::DoReportRtsFailed (params?) = 0;
  is_pure_virtual=True, visibility='private', is_virtual=True)
/home/mattia/repos/ns-3-allinone/ns-3-dev/src/mesh/bindings/modulegen__gcc_LP64.py:6807: Warning: exception TypeConfigurationError('Missing transfer_ownership option',) in wrapper private: virtual retval? ???::DoReportRtsOk (params?) = 0;
  is_pure_virtual=True, visibility='private', is_virtual=True)
/home/mattia/repos/ns-3-allinone/ns-3-dev/src/mesh/bindings/modulegen__gcc_LP64.py:6812: Warning: exception TypeConfigurationError('Missing transfer_ownership option',) in wrapper private: virtual retval? ???::DoReportRxOk (params?) = 0;
  is_pure_virtual=True, visibility='private', is_virtual=True)
/home/mattia/repos/ns-3-allinone/ns-3-dev/src/mesh/bindings/modulegen__gcc_LP64.py:7090: Warning: exception TypeLookupError(['std::ostream &'],) in wrapper public: virtual retval? ???::Print (params?) const;
  is_const=True, is_virtual=True)
/home/mattia/repos/ns-3-allinone/ns-3-dev/src/mesh/bindings/modulegen__gcc_LP64.py:7128: Warning: exception TypeLookupError(['uint16_t *'],) in wrapper public: retval? ???::GetBitmap (params?) const;
  is_const=True)
/home/mattia/repos/ns-3-allinone/ns-3-dev/src/mesh/bindings/modulegen__gcc_LP64.py:7198: Warning: exception TypeLookupError(['std::ostream &'],) in wrapper public: virtual retval? ???::Print (params?) const;
  is_const=True, is_virtual=True)
/home/mattia/repos/ns-3-allinone/ns-3-dev/src/mesh/bindings/modulegen__gcc_LP64.py:7329: Warning: exception TypeLookupError(['ns3::Ptr< ns3::MacLow >', 'ns3::MacLow *'],) in wrapper public: retval? ???::SetLow (params?);
  [param('ns3::Ptr< ns3::MacLow >', 'low')])
/home/mattia/repos/ns-3-allinone/ns-3-dev/src/mesh/bindings/modulegen__gcc_LP64.py:7333: Warning: exception TypeLookupError(['ns3::MacTxMiddle *'],) in wrapper public: retval? ???::SetTxMiddle (params?);
  [param('ns3::MacTxMiddle *', 'txMiddle')])
/home/mattia/repos/ns-3-allinone/ns-3-dev/src/mesh/bindings/modulegen__gcc_LP64.py:7337: Warning: exception TypeLookupError(['ns3::DcfManager *'],) in wrapper public: retval? ???::SetManager (params?);
  [param('ns3::DcfManager *', 'manager')])
/home/mattia/repos/ns-3-allinone/ns-3-dev/src/mesh/bindings/modulegen__gcc_LP64.py:7363: Warning: exception TypeLookupError(['ns3::Ptr< ns3::WifiMacQueue >', 'ns3::WifiMacQueue *'],) in wrapper public: retval? ???::GetQueue (params?) const;
  is_const=True)
/home/mattia/repos/ns-3-allinone/ns-3-dev/src/mesh/bindings/modulegen__gcc_LP64.py:7397: Warning: exception TypeLookupError(['ns3::Ptr< ns3::MacLow >', 'ns3::MacLow *'],) in wrapper public: retval? ???::Low (params?);
  [])
/home/mattia/repos/ns-3-allinone/ns-3-dev/src/mesh/bindings/modulegen__gcc_LP64.py:7402: Warning: exception TypeLookupError(['ns3::Ptr< ns3::MsduAggregator >', 'ns3::MsduAggregator *'],) in wrapper public: retval? ???::GetMsduAggregator (params?) const;
  is_const=True)
/home/mattia/repos/ns-3-allinone/ns-3-dev/src/mesh/bindings/modulegen__gcc_LP64.py:7517: Warning: exception TypeConfigurationError('Missing transfer_ownership option',) in wrapper public: retval? ???::GetFragmentPacket (params?);
  [param('ns3::WifiMacHeader *', 'hdr')])
/home/mattia/repos/ns-3-allinone/ns-3-dev/src/mesh/bindings/modulegen__gcc_LP64.py:7529: Warning: exception TypeLookupError(['ns3::Ptr< ns3::MsduAggregator >', 'ns3::MsduAggregator *'],) in wrapper public: retval? ???::SetMsduAggregator (params?);
  [param('ns3::Ptr< ns3::MsduAggregator >', 'aggr')])
/home/mattia/repos/ns-3-allinone/ns-3-dev/src/mesh/bindings/modulegen__gcc_LP64.py:7696: Warning: exception TypeConfigurationError('Missing transfer_ownership option',) in wrapper <pybindgen.cppmethod.CppConstructor object at 0x7f4db274a690>
  cls.add_constructor([param('ns3::SupportedRates *', 'rates')])
/home/mattia/repos/ns-3-allinone/ns-3-dev/src/mesh/bindings/modulegen__gcc_LP64.py:7773: Warning: exception TypeLookupError(['uint8_t *'],) in wrapper public: retval? ???::GetRxMcsBitmask (params?);
  [])
/home/mattia/repos/ns-3-allinone/ns-3-dev/src/mesh/bindings/modulegen__gcc_LP64.py:8181: Warning: exception TypeLookupError(['ns3::Ptr< ns3::MeshPointDevice >'],) in wrapper public: virtual retval? ???::Report (params?) = 0;
  is_pure_virtual=True, is_virtual=True)
/home/mattia/repos/ns-3-allinone/ns-3-dev/src/mesh/bindings/modulegen__gcc_LP64.py:8186: Warning: exception TypeLookupError(['ns3::Ptr< ns3::MeshPointDevice >'],) in wrapper public: virtual retval? ???::ResetStats (params?) = 0;
  is_pure_virtual=True, is_virtual=True)
/home/mattia/repos/ns-3-allinone/ns-3-dev/src/mesh/bindings/modulegen__gcc_LP64.py:8414: Warning: exception TypeLookupError(['ns3::Ptr< ns3::Application >', 'ns3::Application *'],) in wrapper public: retval? ???::AddApplication (params?);
  [param('ns3::Ptr< ns3::Application >', 'application')])
/home/mattia/repos/ns-3-allinone/ns-3-dev/src/mesh/bindings/modulegen__gcc_LP64.py:8428: Warning: exception TypeLookupError(['ns3::Ptr< ns3::Application >', 'ns3::Application *'],) in wrapper public: retval? ???::GetApplication (params?) const;
  is_const=True)
/home/mattia/repos/ns-3-allinone/ns-3-dev/src/mesh/bindings/modulegen__gcc_LP64.py:8462: Warning: exception TypeLookupError(['ns3::Callback< void, ns3::Ptr< ns3::NetDevice >, ns3::empty, ns3::empty, ns3::empty, ns3::empty, ns3::empty, ns3::empty, ns3::empty, ns3::empty >'],) in wrapper public: retval? ???::RegisterDeviceAdditionListener (params?);
  [param('ns3::Callback< void, ns3::Ptr< ns3::NetDevice >, ns3::empty, ns3::empty, ns3::empty, ns3::empty, ns3::empty, ns3::empty, ns3::empty, ns3::empty >', 'listener')])
/home/mattia/repos/ns-3-allinone/ns-3-dev/src/mesh/bindings/modulegen__gcc_LP64.py:8470: Warning: exception TypeLookupError(['ns3::Callback< void, ns3::Ptr< ns3::NetDevice >, ns3::empty, ns3::empty, ns3::empty, ns3::empty, ns3::empty, ns3::empty, ns3::empty, ns3::empty >'],) in wrapper public: retval? ???::UnregisterDeviceAdditionListener (params?);
  [param('ns3::Callback< void, ns3::Ptr< ns3::NetDevice >, ns3::empty, ns3::empty, ns3::empty, ns3::empty, ns3::empty, ns3::empty, ns3::empty, ns3::empty >', 'listener')])
/home/mattia/repos/ns-3-allinone/ns-3-dev/src/mesh/bindings/modulegen__gcc_LP64.py:8533: Warning: exception TypeLookupError(['std::ostream *'],) in wrapper <pybindgen.cppmethod.CppConstructor object at 0x7f4db24f8d50>
  cls.add_constructor([param('std::ostream *', 'os')])
/home/mattia/repos/ns-3-allinone/ns-3-dev/src/mesh/bindings/modulegen__gcc_LP64.py:8537: Warning: exception TypeLookupError(['std::ostream *'],) in wrapper public: retval? ???::GetStream (params?);
  [])
/home/mattia/repos/ns-3-allinone/ns-3-dev/src/mesh/bindings/modulegen__gcc_LP64.py:8549: Warning: exception TypeConfigurationError('direction not given',) in wrapper <pybindgen.cppmethod.CppConstructor object at 0x7f4db2501950>
  cls.add_constructor([param('uint8_t const *', 'buffer'), param('uint32_t', 'size'), param('bool', 'magic')])
/home/mattia/repos/ns-3-allinone/ns-3-dev/src/mesh/bindings/modulegen__gcc_LP64.py:8551: Warning: exception TypeConfigurationError('direction not given',) in wrapper <pybindgen.cppmethod.CppConstructor object at 0x7f4db2501990>
  cls.add_constructor([param('uint8_t const *', 'buffer'), param('uint32_t', 'size')])
/home/mattia/repos/ns-3-allinone/ns-3-dev/src/mesh/bindings/modulegen__gcc_LP64.py:8592: Warning: exception TypeConfigurationError('direction not given',) in wrapper public: retval? ???::CopyData (params?) const;
  is_const=True)
/home/mattia/repos/ns-3-allinone/ns-3-dev/src/mesh/bindings/modulegen__gcc_LP64.py:8597: Warning: exception TypeLookupError(['std::ostream *'],) in wrapper public: retval? ???::CopyData (params?) const;
  is_const=True)
/home/mattia/repos/ns-3-allinone/ns-3-dev/src/mesh/bindings/modulegen__gcc_LP64.py:8652: Warning: exception TypeLookupError(['uint8_t *'],) in wrapper public: retval? ???::PeekData (params?) const;
  deprecated=True, is_const=True)
/home/mattia/repos/ns-3-allinone/ns-3-dev/src/mesh/bindings/modulegen__gcc_LP64.py:8671: Warning: exception TypeLookupError(['std::ostream &'],) in wrapper public: retval? ???::Print (params?) const;
  is_const=True)
/home/mattia/repos/ns-3-allinone/ns-3-dev/src/mesh/bindings/modulegen__gcc_LP64.py:8676: Warning: exception TypeLookupError(['std::ostream &'],) in wrapper public: retval? ???::PrintByteTags (params?) const;
  is_const=True)
/home/mattia/repos/ns-3-allinone/ns-3-dev/src/mesh/bindings/modulegen__gcc_LP64.py:8681: Warning: exception TypeLookupError(['std::ostream &'],) in wrapper public: retval? ???::PrintPacketTags (params?) const;
  is_const=True)
/home/mattia/repos/ns-3-allinone/ns-3-dev/src/mesh/bindings/modulegen__gcc_LP64.py:8718: Warning: exception TypeConfigurationError('direction not given',) in wrapper public: retval? ???::Serialize (params?) const;
  is_const=True)
/home/mattia/repos/ns-3-allinone/ns-3-dev/src/mesh/bindings/modulegen__gcc_LP64.py:9355: Warning: exception TypeLookupError(['ns3::Ptr< ns3::MacLow >', 'ns3::MacLow *'],) in wrapper public: retval? ???::SetLow (params?);
  [param('ns3::Ptr< ns3::MacLow >', 'low')])
/home/mattia/repos/ns-3-allinone/ns-3-dev/src/mesh/bindings/modulegen__gcc_LP64.py:9359: Warning: exception TypeLookupError(['ns3::DcfManager *'],) in wrapper public: retval? ???::SetManager (params?);
  [param('ns3::DcfManager *', 'manager')])
/home/mattia/repos/ns-3-allinone/ns-3-dev/src/mesh/bindings/modulegen__gcc_LP64.py:9376: Warning: exception TypeLookupError(['ns3::Ptr< ns3::WifiMacQueue >', 'ns3::WifiMacQueue *'],) in wrapper public: retval? ???::GetQueue (params?) const;
  is_const=True)
/home/mattia/repos/ns-3-allinone/ns-3-dev/src/mesh/bindings/modulegen__gcc_LP64.py:9451: Warning: exception TypeLookupError(['ns3::Ptr< ns3::MeshPointDevice >'],) in wrapper public: virtual retval? ???::Report (params?);
  is_virtual=True)
/home/mattia/repos/ns-3-allinone/ns-3-dev/src/mesh/bindings/modulegen__gcc_LP64.py:9456: Warning: exception TypeLookupError(['ns3::Ptr< ns3::MeshPointDevice >'],) in wrapper public: virtual retval? ???::ResetStats (params?);
  is_virtual=True)
/home/mattia/repos/ns-3-allinone/ns-3-dev/src/mesh/bindings/modulegen__gcc_LP64.py:9483: Warning: exception TypeLookupError(['ns3::Ptr< ns3::MeshPointDevice >'],) in wrapper public: virtual retval? ???::Report (params?);
  is_virtual=True)
/home/mattia/repos/ns-3-allinone/ns-3-dev/src/mesh/bindings/modulegen__gcc_LP64.py:9488: Warning: exception TypeLookupError(['ns3::Ptr< ns3::MeshPointDevice >'],) in wrapper public: virtual retval? ???::ResetStats (params?);
  is_virtual=True)
/home/mattia/repos/ns-3-allinone/ns-3-dev/src/mesh/bindings/modulegen__gcc_LP64.py:9609: Warning: exception TypeLookupError(['std::ostream &'],) in wrapper public: retval? ???::Report (params?) const;
  is_const=True)
/home/mattia/repos/ns-3-allinone/ns-3-dev/src/mesh/bindings/modulegen__gcc_LP64.py:9739: Warning: exception TypeLookupError(['std::ostream &'],) in wrapper public: retval? ???::Report (params?) const;
  is_const=True)
/home/mattia/repos/ns-3-allinone/ns-3-dev/src/mesh/bindings/modulegen__gcc_LP64.py:9851: Warning: exception TypeLookupError(['ns3::Hash::Hash32Function_ptr'],) in wrapper <pybindgen.cppmethod.CppConstructor object at 0x7f4db218a310>
  cls.add_constructor([param('ns3::Hash::Hash32Function_ptr', 'hp')])
/home/mattia/repos/ns-3-allinone/ns-3-dev/src/mesh/bindings/modulegen__gcc_LP64.py:9868: Warning: exception TypeLookupError(['ns3::Hash::Hash64Function_ptr'],) in wrapper <pybindgen.cppmethod.CppConstructor object at 0x7f4db2192390>
  cls.add_constructor([param('ns3::Hash::Hash64Function_ptr', 'hp')])
/home/mattia/repos/ns-3-allinone/ns-3-dev/src/mesh/bindings/modulegen__gcc_LP64.py:10030: Warning: exception TypeLookupError(['std::ostream &'],) in wrapper public: retval? ???::Report (params?) const;
  is_const=True)
/home/mattia/repos/ns-3-allinone/ns-3-dev/src/mesh/bindings/modulegen__gcc_LP64.py:10043: Warning: exception TypeLookupError(['ns3::Callback< std::vector< ns3::Mac48Address >, unsigned int, ns3::empty, ns3::empty, ns3::empty, ns3::empty, ns3::empty, ns3::empty, ns3::empty, ns3::empty >'],) in wrapper public: retval? ???::SetNeighboursCallback (params?);
  [param('ns3::Callback< std::vector< ns3::Mac48Address >, unsigned int, ns3::empty, ns3::empty, ns3::empty, ns3::empty, ns3::empty, ns3::empty, ns3::empty, ns3::empty >', 'cb')])
/home/mattia/repos/ns-3-allinone/ns-3-dev/src/mesh/bindings/modulegen__gcc_LP64.py:10107: Warning: exception TypeLookupError(['std::vector< std::pair< unsigned int, ns3::Mac48Address > >'],) in wrapper public: retval? ???::GetPrecursors (params?);
  [param('ns3::Mac48Address', 'destination')])
/home/mattia/repos/ns-3-allinone/ns-3-dev/src/mesh/bindings/modulegen__gcc_LP64.py:10203: Warning: exception TypeLookupError(['std::ostream &'],) in wrapper public: virtual retval? ???::Print (params?) const;
  is_const=True, is_virtual=True)
/home/mattia/repos/ns-3-allinone/ns-3-dev/src/mesh/bindings/modulegen__gcc_LP64.py:10288: Warning: exception TypeLookupError(['std::ostream &'],) in wrapper public: virtual retval? ???::Print (params?) const;
  is_const=True, is_virtual=True)
/home/mattia/repos/ns-3-allinone/ns-3-dev/src/mesh/bindings/modulegen__gcc_LP64.py:10342: Warning: exception TypeLookupError(['std::ostream &'],) in wrapper public: virtual retval? ???::Print (params?) const;
  is_const=True, is_virtual=True)
/home/mattia/repos/ns-3-allinone/ns-3-dev/src/mesh/bindings/modulegen__gcc_LP64.py:10397: Warning: exception TypeLookupError(['std::ostream &'],) in wrapper public: virtual retval? ???::Print (params?) const;
  is_const=True, is_virtual=True)
/home/mattia/repos/ns-3-allinone/ns-3-dev/src/mesh/bindings/modulegen__gcc_LP64.py:10491: Warning: exception TypeLookupError(['std::ostream &'],) in wrapper public: virtual retval? ???::Print (params?) const;
  is_const=True, is_virtual=True)
/home/mattia/repos/ns-3-allinone/ns-3-dev/src/mesh/bindings/modulegen__gcc_LP64.py:10550: Warning: exception TypeLookupError(['std::ostream &'],) in wrapper public: virtual retval? ???::Print (params?) const;
  is_const=True, is_virtual=True)
/home/mattia/repos/ns-3-allinone/ns-3-dev/src/mesh/bindings/modulegen__gcc_LP64.py:10607: Warning: exception TypeLookupError(['std::ostream &'],) in wrapper public: virtual retval? ???::Print (params?) const;
  is_const=True, is_virtual=True)
/home/mattia/repos/ns-3-allinone/ns-3-dev/src/mesh/bindings/modulegen__gcc_LP64.py:10698: Warning: exception TypeLookupError(['std::ostream &'],) in wrapper public: virtual retval? ???::Print (params?) const;
  is_const=True, is_virtual=True)
/home/mattia/repos/ns-3-allinone/ns-3-dev/src/mesh/bindings/modulegen__gcc_LP64.py:10851: Warning: exception TypeLookupError(['std::ostream &'],) in wrapper public: virtual retval? ???::Print (params?) const;
  is_const=True, is_virtual=True)
/home/mattia/repos/ns-3-allinone/ns-3-dev/src/mesh/bindings/modulegen__gcc_LP64.py:10957: Warning: exception TypeLookupError(['std::ostream &'],) in wrapper public: virtual retval? ???::Print (params?) const;
  is_const=True, is_virtual=True)
/home/mattia/repos/ns-3-allinone/ns-3-dev/src/mesh/bindings/modulegen__gcc_LP64.py:11049: Warning: exception TypeLookupError(['std::ostream &'],) in wrapper public: virtual retval? ???::Print (params?) const;
  is_const=True, is_virtual=True)
/home/mattia/repos/ns-3-allinone/ns-3-dev/src/mesh/bindings/modulegen__gcc_LP64.py:11101: Warning: exception TypeLookupError(['ns3::Callback< void, unsigned int, ns3::Mac48Address, bool, ns3::empty, ns3::empty, ns3::empty, ns3::empty, ns3::empty, ns3::empty >'],) in wrapper public: retval? ???::SetLinkStatusCallback (params?);
  [param('ns3::Callback< void, unsigned int, ns3::Mac48Address, bool, ns3::empty, ns3::empty, ns3::empty, ns3::empty, ns3::empty, ns3::empty >', 'cb')])
/home/mattia/repos/ns-3-allinone/ns-3-dev/src/mesh/bindings/modulegen__gcc_LP64.py:11184: Warning: exception TypeLookupError(['std::ostream &'],) in wrapper public: retval? ???::Report (params?) const;
  is_const=True)
/home/mattia/repos/ns-3-allinone/ns-3-dev/src/mesh/bindings/modulegen__gcc_LP64.py:11220: Warning: exception TypeLookupError(['std::ostream &'],) in wrapper public: virtual retval? ???::Print (params?) const;
  is_const=True, is_virtual=True)
/home/mattia/repos/ns-3-allinone/ns-3-dev/src/mesh/bindings/modulegen__gcc_LP64.py:11340: Warning: exception TypeLookupError(['std::ostream &'],) in wrapper public: retval? ???::Report (params?) const;
  is_const=True)
/home/mattia/repos/ns-3-allinone/ns-3-dev/src/mesh/bindings/modulegen__gcc_LP64.py:11431: Warning: exception TypeLookupError(['std::ostream &'],) in wrapper public: virtual retval? ???::Print (params?) const;
  is_const=True, is_virtual=True)
/home/mattia/repos/ns-3-allinone/ns-3-dev/src/mesh/bindings/modulegen__gcc_LP64.py:11485: Warning: exception TypeLookupError(['std::ostream &'],) in wrapper public: retval? ???::Report (params?) const;
  is_const=True)
/home/mattia/repos/ns-3-allinone/ns-3-dev/src/mesh/bindings/modulegen__gcc_LP64.py:11521: Warning: exception TypeLookupError(['std::ostream &'],) in wrapper public: retval? ???::Report (params?) const;
  is_const=True)
/home/mattia/repos/ns-3-allinone/ns-3-dev/src/mesh/bindings/modulegen__gcc_LP64.py:11620: Warning: exception TypeLookupError(['std::ostream &'],) in wrapper public: virtual retval? ???::Print (params?) const;
  is_const=True, is_virtual=True)
/home/mattia/repos/ns-3-allinone/ns-3-dev/src/mesh/bindings/modulegen__gcc_LP64.py:8160: Warning: exception NotSupportedError('Reverse wrappers for ns3::Callback<...> types (python using callbacks defined in C++) not implemented.',) in wrapper public: virtual bool ns3::MeshL2RoutingProtocol::RequestRoute (uint32_t sourceIface, ns3::Mac48Address const source, ns3::Mac48Address const destination, ns3::Ptr< ns3::Packet const > packet, uint16_t protocolType, ns3::Callback< void, bool, ns3::Ptr< ns3::Packet >, ns3::Mac48Address, ns3::Mac48Address, unsigned short, unsigned int, ns3::empty, ns3::empty, ns3::empty > routeReply) = 0;
  is_pure_virtual=True, is_virtual=True)
/home/mattia/repos/ns-3-allinone/ns-3-dev/src/mesh/bindings/modulegen__gcc_LP64.py:9504: Warning: exception NotSupportedError('Reverse wrappers for ns3::Callback<...> types (python using callbacks defined in C++) not implemented.',) in wrapper public: virtual void ns3::MeshPointDevice::AddLinkChangeCallback (ns3::Callback< void, ns3::empty, ns3::empty, ns3::empty, ns3::empty, ns3::empty, ns3::empty, ns3::empty, ns3::empty, ns3::empty > callback);
  is_virtual=True)
/home/mattia/repos/ns-3-allinone/pybindgen/pybindgen/cppclass_typehandlers.py:1098: UserWarning: Returning shared pointers is dangerous!  The C++ API should be redesigned to avoid this situation.
  warnings.warn("Returning shared pointers is dangerous!"
/home/mattia/repos/ns-3-allinone/ns-3-dev/src/mesh/bindings/modulegen__gcc_LP64.py:9648: Warning: exception NotSupportedError('Reverse wrappers for ns3::Callback<...> types (python using callbacks defined in C++) not implemented.',) in wrapper public: virtual void ns3::MeshPointDevice::SetPromiscReceiveCallback (ns3::Callback< bool, ns3::Ptr< ns3::NetDevice >, ns3::Ptr< ns3::Packet const >, unsigned short, ns3::Address const &, ns3::Address const &, ns3::NetDevice::PacketType, ns3::empty, ns3::empty, ns3::empty > cb);
  is_virtual=True)
/home/mattia/repos/ns-3-allinone/ns-3-dev/src/mesh/bindings/modulegen__gcc_LP64.py:9653: Warning: exception NotSupportedError('Reverse wrappers for ns3::Callback<...> types (python using callbacks defined in C++) not implemented.',) in wrapper public: virtual void ns3::MeshPointDevice::SetReceiveCallback (ns3::Callback< bool, ns3::Ptr< ns3::NetDevice >, ns3::Ptr< ns3::Packet const >, unsigned short, ns3::Address const &, ns3::empty, ns3::empty, ns3::empty, ns3::empty, ns3::empty > cb);
  is_virtual=True)
/home/mattia/repos/ns-3-allinone/ns-3-dev/src/mesh/bindings/modulegen__gcc_LP64.py:9764: Warning: exception NotSupportedError('Reverse wrappers for ns3::Callback<...> types (python using callbacks defined in C++) not implemented.',) in wrapper public: virtual void ns3::MeshWifiInterfaceMac::SetLinkUpCallback (ns3::Callback< void, ns3::empty, ns3::empty, ns3::empty, ns3::empty, ns3::empty, ns3::empty, ns3::empty, ns3::empty, ns3::empty > linkUp);
  is_virtual=True)
bindings/python/ns3modulegen-modular.py:27: UserWarning: exception NotSupportedError('Reverse wrappers for ns3::Callback<...> types (python using callbacks defined in C++) not implemented.',) in wrapper public: virtual void ns3::RegularWifiMac::SetForwardUpCallback (ns3::Callback< void, ns3::Ptr< ns3::Packet >, ns3::Mac48Address, ns3::Mac48Address, ns3::empty, ns3::empty, ns3::empty, ns3::empty, ns3::empty, ns3::empty > upCallback);
  warnings.warn("exception %r in wrapper %s" % (exception, wrapper))
bindings/python/ns3modulegen-modular.py:27: UserWarning: exception NotSupportedError('Reverse wrappers for ns3::Callback<...> types (python using callbacks defined in C++) not implemented.',) in wrapper public: virtual void ns3::RegularWifiMac::SetLinkDownCallback (ns3::Callback< void, ns3::empty, ns3::empty, ns3::empty, ns3::empty, ns3::empty, ns3::empty, ns3::empty, ns3::empty, ns3::empty > linkDown);
  warnings.warn("exception %r in wrapper %s" % (exception, wrapper))
/home/mattia/repos/ns-3-allinone/ns-3-dev/src/mesh/bindings/modulegen__gcc_LP64.py:10035: Warning: exception NotSupportedError('Reverse wrappers for ns3::Callback<...> types (python using callbacks defined in C++) not implemented.',) in wrapper public: virtual bool ns3::dot11s::HwmpProtocol::RequestRoute (uint32_t sourceIface, ns3::Mac48Address const source, ns3::Mac48Address const destination, ns3::Ptr< ns3::Packet const > packet, uint16_t protocolType, ns3::Callback< void, bool, ns3::Ptr< ns3::Packet >, ns3::Mac48Address, ns3::Mac48Address, unsigned short, unsigned int, ns3::empty, ns3::empty, ns3::empty > routeReply);
  is_virtual=True)
/home/mattia/repos/ns-3-allinone/ns-3-dev/src/mesh/bindings/modulegen__gcc_LP64.py:11490: Warning: exception NotSupportedError('Reverse wrappers for ns3::Callback<...> types (python using callbacks defined in C++) not implemented.',) in wrapper public: virtual bool ns3::flame::FlameProtocol::RequestRoute (uint32_t sourceIface, ns3::Mac48Address const source, ns3::Mac48Address const destination, ns3::Ptr< ns3::Packet const > packet, uint16_t protocolType, ns3::Callback< void, bool, ns3::Ptr< ns3::Packet >, ns3::Mac48Address, ns3::Mac48Address, unsigned short, unsigned int, ns3::empty, ns3::empty, ns3::empty > routeReply);
  is_virtual=True)
/home/mattia/repos/ns-3-allinone/ns-3-dev/src/mesh/bindings/modulegen__gcc_LP64.py:761: Warning: exception NotSupportedError('Reverse wrappers for ns3::Callback<...> types (python using callbacks defined in C++) not implemented.',) in wrapper public: virtual bool ns3::dot11s::HwmpProtocol::RequestRoute (uint32_t sourceIface, ns3::Mac48Address const source, ns3::Mac48Address const destination, ns3::Ptr< ns3::Packet const > packet, uint16_t protocolType, ns3::Callback< void, bool, ns3::Ptr< ns3::Packet >, ns3::Mac48Address, ns3::Mac48Address, unsigned short, unsigned int, ns3::empty, ns3::empty, ns3::empty > routeReply);
  register_Ns3Dot11sHwmpProtocol_methods(root_module, root_module['ns3::dot11s::HwmpProtocol'])
bindings/python/ns3modulegen-modular.py:27: UserWarning: exception CodeGenerationError('ns3::dot11s::IeMeshIdChecker cannot be constructed (have pure virtual methods but no helper class)',) in wrapper <pybindgen.CppClass 'ns3::dot11s::IeMeshIdChecker'>
  warnings.warn("exception %r in wrapper %s" % (exception, wrapper))
/home/mattia/repos/ns-3-allinone/ns-3-dev/src/mesh/bindings/modulegen__gcc_LP64.py:784: Warning: exception NotSupportedError('Reverse wrappers for ns3::Callback<...> types (python using callbacks defined in C++) not implemented.',) in wrapper public: virtual bool ns3::flame::FlameProtocol::RequestRoute (uint32_t sourceIface, ns3::Mac48Address const source, ns3::Mac48Address const destination, ns3::Ptr< ns3::Packet const > packet, uint16_t protocolType, ns3::Callback< void, bool, ns3::Ptr< ns3::Packet >, ns3::Mac48Address, ns3::Mac48Address, unsigned short, unsigned int, ns3::empty, ns3::empty, ns3::empty > routeReply);
  register_Ns3FlameFlameProtocol_methods(root_module, root_module['ns3::flame::FlameProtocol'])
bindings/python/ns3modulegen-modular.py:27: UserWarning: exception CodeGenerationError('ns3::MeshL2RoutingProtocol cannot be constructed (have pure virtual methods but no helper class)',) in wrapper <pybindgen.CppClass 'ns3::MeshL2RoutingProtocol'>
  warnings.warn("exception %r in wrapper %s" % (exception, wrapper))
bindings/python/ns3modulegen-modular.py:27: UserWarning: exception CodeGenerationError('ns3::MeshStack cannot be constructed (have pure virtual methods but no helper class)',) in wrapper <pybindgen.CppClass 'ns3::MeshStack'>
  warnings.warn("exception %r in wrapper %s" % (exception, wrapper))
bindings/python/ns3modulegen-modular.py:27: UserWarning: exception CodeGenerationError('ns3::MeshWifiInterfaceMacPlugin cannot be constructed (have pure virtual methods but no helper class)',) in wrapper <pybindgen.CppClass 'ns3::MeshWifiInterfaceMacPlugin'>
  warnings.warn("exception %r in wrapper %s" % (exception, wrapper))
/home/mattia/repos/ns-3-allinone/ns-3-dev/src/mesh/bindings/modulegen__gcc_LP64.py:752: Warning: exception NotSupportedError('Reverse wrappers for ns3::Callback<...> types (python using callbacks defined in C++) not implemented.',) in wrapper public: virtual void ns3::MeshPointDevice::AddLinkChangeCallback (ns3::Callback< void, ns3::empty, ns3::empty, ns3::empty, ns3::empty, ns3::empty, ns3::empty, ns3::empty, ns3::empty, ns3::empty > callback);
  register_Ns3MeshPointDevice_methods(root_module, root_module['ns3::MeshPointDevice'])
/home/mattia/repos/ns-3-allinone/ns-3-dev/src/mesh/bindings/modulegen__gcc_LP64.py:752: Warning: exception NotSupportedError('Reverse wrappers for ns3::Callback<...> types (python using callbacks defined in C++) not implemented.',) in wrapper public: virtual void ns3::MeshPointDevice::SetPromiscReceiveCallback (ns3::Callback< bool, ns3::Ptr< ns3::NetDevice >, ns3::Ptr< ns3::Packet const >, unsigned short, ns3::Address const &, ns3::Address const &, ns3::NetDevice::PacketType, ns3::empty, ns3::empty, ns3::empty > cb);
  register_Ns3MeshPointDevice_methods(root_module, root_module['ns3::MeshPointDevice'])
/home/mattia/repos/ns-3-allinone/ns-3-dev/src/mesh/bindings/modulegen__gcc_LP64.py:752: Warning: exception NotSupportedError('Reverse wrappers for ns3::Callback<...> types (python using callbacks defined in C++) not implemented.',) in wrapper public: virtual void ns3::MeshPointDevice::SetReceiveCallback (ns3::Callback< bool, ns3::Ptr< ns3::NetDevice >, ns3::Ptr< ns3::Packet const >, unsigned short, ns3::Address const &, ns3::empty, ns3::empty, ns3::empty, ns3::empty, ns3::empty > cb);
  register_Ns3MeshPointDevice_methods(root_module, root_module['ns3::MeshPointDevice'])
/home/mattia/repos/ns-3-allinone/ns-3-dev/src/mesh/bindings/modulegen__gcc_LP64.py:753: Warning: exception NotSupportedError('Reverse wrappers for ns3::Callback<...> types (python using callbacks defined in C++) not implemented.',) in wrapper public: virtual void ns3::MeshWifiInterfaceMac::SetLinkUpCallback (ns3::Callback< void, ns3::empty, ns3::empty, ns3::empty, ns3::empty, ns3::empty, ns3::empty, ns3::empty, ns3::empty, ns3::empty > linkUp);
  register_Ns3MeshWifiInterfaceMac_methods(root_module, root_module['ns3::MeshWifiInterfaceMac'])
