>>>>>>>>>>>>>>>> [['void', 'ns3::Ptr<ns3::Packet>', 'ns3::Ipv6Address', 'ns3::Ipv6Address', 'unsigned char', 'ns3::Ptr<ns3::Ipv6Route>', 'ns3::empty', 'ns3::empty', 'ns3::empty', 'ns3::empty'], ['void', 'ns3::WifiMacHeader const&', 'ns3::empty', 'ns3::empty', 'ns3::empty', 'ns3::empty', 'ns3::empty', 'ns3::empty', 'ns3::empty', 'ns3::empty'], ['void', 'ns3::Ipv4Address', 'unsigned char', 'ns3::empty', 'ns3::empty', 'ns3::empty', 'ns3::empty', 'ns3::empty', 'ns3::empty', 'ns3::empty'], ['void', 'ns3::Ptr<ns3::ArpCache const>', 'ns3::Ipv4Address', 'ns3::empty', 'ns3::empty', 'ns3::empty', 'ns3::empty', 'ns3::empty', 'ns3::empty', 'ns3::empty'], ['void', 'ns3::Ptr<ns3::Packet>', 'ns3::Ipv4Address', 'ns3::Ipv4Address', 'unsigned char', 'ns3::Ptr<ns3::Ipv4Route>', 'ns3::empty', 'ns3::empty', 'ns3::empty', 'ns3::empty'], ['void', 'ns3::Ptr<ns3::NetDevice>', 'ns3::Ptr<ns3::Packet const>', 'unsigned short', 'ns3::Address const&', 'ns3::Address const&', 'ns3::NetDevice::PacketType', 'ns3::empty', 'ns3::empty', 'ns3::empty'], ['void', 'ns3::Ptr<ns3::Socket>', 'ns3::empty', 'ns3::empty', 'ns3::empty', 'ns3::empty', 'ns3::empty', 'ns3::empty', 'ns3::empty', 'ns3::empty'], ['void', 'ns3::Ptr<ns3::Socket>', 'unsigned int', 'ns3::empty', 'ns3::empty', 'ns3::empty', 'ns3::empty', 'ns3::empty', 'ns3::empty', 'ns3::empty'], ['void', 'ns3::Ptr<ns3::Socket>', 'ns3::Address const&', 'ns3::empty', 'ns3::empty', 'ns3::empty', 'ns3::empty', 'ns3::empty', 'ns3::empty', 'ns3::empty'], ['bool', 'ns3::Ptr<ns3::Socket>', 'ns3::Address const&', 'ns3::empty', 'ns3::empty', 'ns3::empty', 'ns3::empty', 'ns3::empty', 'ns3::empty', 'ns3::empty']]
/home/mattia/repos/ns-3-allinone/ns-3-dev/bindings/python/ns3modulegen_core_customizations.py:228: Warning: ***** Unable to register callback; parameter 'ns3::Ptr<ns3::Ipv6Route> arg5' error (used in ns3::Callback< void, ns3::Ptr<ns3::Packet>, ns3::Ipv6Address, ns3::Ipv6Address, unsigned char, ns3::Ptr<ns3::Ipv6Route>, ns3::empty, ns3::empty, ns3::empty, ns3::empty >): TypeLookupError(['ns3::Ptr< ns3::Ipv6Route >', 'ns3::Ipv6Route *'],)
  Warning)
***** registering callback handler: 'ns3::Callback< void, ns3::WifiMacHeader const &, ns3::empty, ns3::empty, ns3::empty, ns3::empty, ns3::empty, ns3::empty, ns3::empty, ns3::empty >'
***** registering callback handler: 'ns3::Callback< void, ns3::Ipv4Address, unsigned char, ns3::empty, ns3::empty, ns3::empty, ns3::empty, ns3::empty, ns3::empty, ns3::empty >'
***** registering callback handler: 'ns3::Callback< void, ns3::Ptr< ns3::ArpCache const >, ns3::Ipv4Address, ns3::empty, ns3::empty, ns3::empty, ns3::empty, ns3::empty, ns3::empty, ns3::empty >'
***** registering callback handler: 'ns3::Callback< void, ns3::Ptr< ns3::Packet >, ns3::Ipv4Address, ns3::Ipv4Address, unsigned char, ns3::Ptr< ns3::Ipv4Route >, ns3::empty, ns3::empty, ns3::empty, ns3::empty >'
***** registering callback handler: 'ns3::Callback< void, ns3::Ptr< ns3::NetDevice >, ns3::Ptr< ns3::Packet const >, unsigned short, ns3::Address const &, ns3::Address const &, ns3::NetDevice::PacketType, ns3::empty, ns3::empty, ns3::empty >'
***** registering callback handler: 'ns3::Callback< void, ns3::Ptr< ns3::Socket >, ns3::empty, ns3::empty, ns3::empty, ns3::empty, ns3::empty, ns3::empty, ns3::empty, ns3::empty >'
***** registering callback handler: 'ns3::Callback< void, ns3::Ptr< ns3::Socket >, unsigned int, ns3::empty, ns3::empty, ns3::empty, ns3::empty, ns3::empty, ns3::empty, ns3::empty >'
***** registering callback handler: 'ns3::Callback< void, ns3::Ptr< ns3::Socket >, ns3::Address const &, ns3::empty, ns3::empty, ns3::empty, ns3::empty, ns3::empty, ns3::empty, ns3::empty >'
***** registering callback handler: 'ns3::Callback< bool, ns3::Ptr< ns3::Socket >, ns3::Address const &, ns3::empty, ns3::empty, ns3::empty, ns3::empty, ns3::empty, ns3::empty, ns3::empty >'
/home/mattia/repos/ns-3-allinone/ns-3-dev/src/dsr/bindings/modulegen__gcc_LP64.py:889: Warning: exception TypeConfigurationError('direction not given',) in wrapper <pybindgen.cppmethod.CppConstructor object at 0x7f3c0b53a350>
  cls.add_constructor([param('uint8_t', 'type'), param('uint8_t const *', 'buffer'), param('uint8_t', 'len')])
/home/mattia/repos/ns-3-allinone/ns-3-dev/src/dsr/bindings/modulegen__gcc_LP64.py:900: Warning: exception TypeConfigurationError('direction not given',) in wrapper public: retval? ???::CopyAllFrom (params?);
  [param('uint8_t const *', 'buffer'), param('uint8_t', 'len')])
/home/mattia/repos/ns-3-allinone/ns-3-dev/src/dsr/bindings/modulegen__gcc_LP64.py:905: Warning: exception TypeConfigurationError('direction not given',) in wrapper public: retval? ???::CopyAllTo (params?) const;
  is_const=True)
/home/mattia/repos/ns-3-allinone/ns-3-dev/src/dsr/bindings/modulegen__gcc_LP64.py:909: Warning: exception TypeConfigurationError('direction not given',) in wrapper public: retval? ???::CopyFrom (params?);
  [param('uint8_t const *', 'buffer'), param('uint8_t', 'len')])
/home/mattia/repos/ns-3-allinone/ns-3-dev/src/dsr/bindings/modulegen__gcc_LP64.py:914: Warning: exception TypeConfigurationError('direction not given',) in wrapper public: retval? ???::CopyTo (params?) const;
  is_const=True)
/home/mattia/repos/ns-3-allinone/ns-3-dev/src/dsr/bindings/modulegen__gcc_LP64.py:964: Warning: exception TypeLookupError(['std::_List_const_iterator< ns3::AttributeConstructionList::Item >'],) in wrapper public: retval? ???::Begin (params?) const;
  is_const=True)
/home/mattia/repos/ns-3-allinone/ns-3-dev/src/dsr/bindings/modulegen__gcc_LP64.py:969: Warning: exception TypeLookupError(['std::_List_const_iterator< ns3::AttributeConstructionList::Item >'],) in wrapper public: retval? ???::End (params?) const;
  is_const=True)
/home/mattia/repos/ns-3-allinone/ns-3-dev/src/dsr/bindings/modulegen__gcc_LP64.py:1020: Warning: exception TypeLookupError(['std::ostream *'],) in wrapper public: retval? ???::CopyData (params?) const;
  is_const=True)
/home/mattia/repos/ns-3-allinone/ns-3-dev/src/dsr/bindings/modulegen__gcc_LP64.py:1025: Warning: exception TypeConfigurationError('direction not given',) in wrapper public: retval? ???::CopyData (params?) const;
  is_const=True)
/home/mattia/repos/ns-3-allinone/ns-3-dev/src/dsr/bindings/modulegen__gcc_LP64.py:1039: Warning: exception TypeConfigurationError('direction not given',) in wrapper public: retval? ???::Deserialize (params?);
  [param('uint8_t const *', 'buffer'), param('uint32_t', 'size')])
/home/mattia/repos/ns-3-allinone/ns-3-dev/src/dsr/bindings/modulegen__gcc_LP64.py:1069: Warning: exception TypeLookupError(['uint8_t *'],) in wrapper public: retval? ???::PeekData (params?) const;
  is_const=True)
/home/mattia/repos/ns-3-allinone/ns-3-dev/src/dsr/bindings/modulegen__gcc_LP64.py:1082: Warning: exception TypeConfigurationError('direction not given',) in wrapper public: retval? ???::Serialize (params?) const;
  is_const=True)
/home/mattia/repos/ns-3-allinone/ns-3-dev/src/dsr/bindings/modulegen__gcc_LP64.py:1137: Warning: exception TypeConfigurationError('direction not given',) in wrapper public: retval? ???::Read (params?);
  [param('uint8_t *', 'buffer'), param('uint32_t', 'size')])
/home/mattia/repos/ns-3-allinone/ns-3-dev/src/dsr/bindings/modulegen__gcc_LP64.py:1181: Warning: exception TypeConfigurationError('direction not given',) in wrapper public: retval? ???::Write (params?);
  [param('uint8_t const *', 'buffer'), param('uint32_t', 'size')])
/home/mattia/repos/ns-3-allinone/ns-3-dev/src/dsr/bindings/modulegen__gcc_LP64.py:1368: Warning: exception TypeConfigurationError('Either caller_owns_return or self.reference_existing_object must be given',) in wrapper public: retval? ???::Copy (params?) const;
  is_const=True)
/home/mattia/repos/ns-3-allinone/ns-3-dev/src/dsr/bindings/modulegen__gcc_LP64.py:1414: Warning: exception TypeLookupError(['ns3::Ptr< ns3::EventImpl > &'],) in wrapper <pybindgen.cppmethod.CppConstructor object at 0x7f3c0b454cd0>
  cls.add_constructor([param('ns3::Ptr< ns3::EventImpl > const &', 'impl'), param('uint64_t', 'ts'), param('uint32_t', 'context'), param('uint32_t', 'uid')])
/home/mattia/repos/ns-3-allinone/ns-3-dev/src/dsr/bindings/modulegen__gcc_LP64.py:1448: Warning: exception TypeConfigurationError('Either caller_owns_return or self.reference_existing_object must be given',) in wrapper public: retval? ???::PeekEventImpl (params?) const;
  is_const=True)
/home/mattia/repos/ns-3-allinone/ns-3-dev/src/dsr/bindings/modulegen__gcc_LP64.py:1642: Warning: exception TypeConfigurationError('direction not given',) in wrapper public: retval? ???::Deserialize (params?);
  is_static=True)
/home/mattia/repos/ns-3-allinone/ns-3-dev/src/dsr/bindings/modulegen__gcc_LP64.py:1707: Warning: exception TypeLookupError(['std::ostream &'],) in wrapper public: retval? ???::Print (params?) const;
  is_const=True)
/home/mattia/repos/ns-3-allinone/ns-3-dev/src/dsr/bindings/modulegen__gcc_LP64.py:1712: Warning: exception TypeConfigurationError('direction not given',) in wrapper public: retval? ???::Serialize (params?) const;
  is_const=True)
/home/mattia/repos/ns-3-allinone/ns-3-dev/src/dsr/bindings/modulegen__gcc_LP64.py:1840: Warning: exception TypeLookupError(['std::ostream &'],) in wrapper public: retval? ???::Print (params?) const;
  is_const=True)
/home/mattia/repos/ns-3-allinone/ns-3-dev/src/dsr/bindings/modulegen__gcc_LP64.py:1857: Warning: exception TypeConfigurationError('direction not given',) in wrapper <pybindgen.cppmethod.CppConstructor object at 0x7f3c0b350ad0>
  cls.add_constructor([param('uint8_t *', 'address')])
/home/mattia/repos/ns-3-allinone/ns-3-dev/src/dsr/bindings/modulegen__gcc_LP64.py:1875: Warning: exception TypeConfigurationError('direction not given',) in wrapper public: retval? ???::Deserialize (params?);
  is_static=True)
/home/mattia/repos/ns-3-allinone/ns-3-dev/src/dsr/bindings/modulegen__gcc_LP64.py:1900: Warning: exception TypeConfigurationError('direction not given',) in wrapper public: retval? ???::GetBytes (params?) const;
  is_const=True)
/home/mattia/repos/ns-3-allinone/ns-3-dev/src/dsr/bindings/modulegen__gcc_LP64.py:1989: Warning: exception TypeLookupError(['ns3::Mac16Address'],) in wrapper public: retval? ???::MakeAutoconfiguredAddress (params?);
  is_static=True)
/home/mattia/repos/ns-3-allinone/ns-3-dev/src/dsr/bindings/modulegen__gcc_LP64.py:1999: Warning: exception TypeLookupError(['ns3::Mac64Address'],) in wrapper public: retval? ???::MakeAutoconfiguredAddress (params?);
  is_static=True)
/home/mattia/repos/ns-3-allinone/ns-3-dev/src/dsr/bindings/modulegen__gcc_LP64.py:2004: Warning: exception TypeLookupError(['ns3::Mac16Address'],) in wrapper public: retval? ???::MakeAutoconfiguredLinkLocalAddress (params?);
  is_static=True)
/home/mattia/repos/ns-3-allinone/ns-3-dev/src/dsr/bindings/modulegen__gcc_LP64.py:2014: Warning: exception TypeLookupError(['ns3::Mac64Address'],) in wrapper public: retval? ???::MakeAutoconfiguredLinkLocalAddress (params?);
  is_static=True)
/home/mattia/repos/ns-3-allinone/ns-3-dev/src/dsr/bindings/modulegen__gcc_LP64.py:2029: Warning: exception TypeLookupError(['std::ostream &'],) in wrapper public: retval? ???::Print (params?) const;
  is_const=True)
/home/mattia/repos/ns-3-allinone/ns-3-dev/src/dsr/bindings/modulegen__gcc_LP64.py:2034: Warning: exception TypeConfigurationError('direction not given',) in wrapper public: retval? ???::Serialize (params?) const;
  is_const=True)
/home/mattia/repos/ns-3-allinone/ns-3-dev/src/dsr/bindings/modulegen__gcc_LP64.py:2042: Warning: exception TypeConfigurationError('direction not given',) in wrapper public: retval? ???::Set (params?);
  [param('uint8_t *', 'address')])
/home/mattia/repos/ns-3-allinone/ns-3-dev/src/dsr/bindings/modulegen__gcc_LP64.py:2107: Warning: exception TypeConfigurationError('direction not given',) in wrapper <pybindgen.cppmethod.CppConstructor object at 0x7f3c0b2bd750>
  cls.add_constructor([param('uint8_t *', 'prefix')])
/home/mattia/repos/ns-3-allinone/ns-3-dev/src/dsr/bindings/modulegen__gcc_LP64.py:2120: Warning: exception TypeConfigurationError('direction not given',) in wrapper public: retval? ???::GetBytes (params?) const;
  is_const=True)
/home/mattia/repos/ns-3-allinone/ns-3-dev/src/dsr/bindings/modulegen__gcc_LP64.py:2155: Warning: exception TypeLookupError(['std::ostream &'],) in wrapper public: retval? ???::Print (params?) const;
  is_const=True)
/home/mattia/repos/ns-3-allinone/ns-3-dev/src/dsr/bindings/modulegen__gcc_LP64.py:2182: Warning: exception TypeConfigurationError('direction not given',) in wrapper public: retval? ???::CopyFrom (params?);
  [param('uint8_t const *', 'buffer')])
/home/mattia/repos/ns-3-allinone/ns-3-dev/src/dsr/bindings/modulegen__gcc_LP64.py:2187: Warning: exception TypeConfigurationError('direction not given',) in wrapper public: retval? ???::CopyTo (params?) const;
  is_const=True)
/home/mattia/repos/ns-3-allinone/ns-3-dev/src/dsr/bindings/modulegen__gcc_LP64.py:2263: Warning: exception TypeLookupError(['__gnu_cxx::__normal_iterator< ns3::Ptr< ns3::Node > const, std::vector< ns3::Ptr< ns3::Node > > >'],) in wrapper public: retval? ???::Begin (params?) const;
  is_const=True)
/home/mattia/repos/ns-3-allinone/ns-3-dev/src/dsr/bindings/modulegen__gcc_LP64.py:2276: Warning: exception TypeLookupError(['__gnu_cxx::__normal_iterator< ns3::Ptr< ns3::Node > const, std::vector< ns3::Ptr< ns3::Node > > >'],) in wrapper public: retval? ???::End (params?) const;
  is_const=True)
/home/mattia/repos/ns-3-allinone/ns-3-dev/src/dsr/bindings/modulegen__gcc_LP64.py:2364: Warning: exception TypeConfigurationError('Missing transfer_ownership option',) in wrapper public: retval? ???::Delete (params?);
  is_static=True)
/home/mattia/repos/ns-3-allinone/ns-3-dev/src/dsr/bindings/modulegen__gcc_LP64.py:2437: Warning: exception TypeConfigurationError('direction not given',) in wrapper public: retval? ???::Deserialize (params?);
  [param('uint8_t const *', 'buffer'), param('uint32_t', 'size')])
/home/mattia/repos/ns-3-allinone/ns-3-dev/src/dsr/bindings/modulegen__gcc_LP64.py:2478: Warning: exception TypeConfigurationError('direction not given',) in wrapper public: retval? ???::Serialize (params?) const;
  is_const=True)
bindings/python/ns3modulegen-modular.py:27: UserWarning: exception TypeLookupError(['uint8_t [ 20 ]'],) in wrapper None
  warnings.warn("exception %r in wrapper %s" % (exception, wrapper))
bindings/python/ns3modulegen-modular.py:27: UserWarning: exception TypeConfigurationError('Either caller_owns_return or self.reference_existing_object must be given',) in wrapper None
  warnings.warn("exception %r in wrapper %s" % (exception, wrapper))
/home/mattia/repos/ns-3-allinone/ns-3-dev/src/dsr/bindings/modulegen__gcc_LP64.py:2633: Warning: exception TypeLookupError(['ns3::Ptr< ns3::SimulatorImpl >', 'ns3::SimulatorImpl *'],) in wrapper public: retval? ???::GetImplementation (params?);
  is_static=True)
/home/mattia/repos/ns-3-allinone/ns-3-dev/src/dsr/bindings/modulegen__gcc_LP64.py:2668: Warning: exception TypeLookupError(['ns3::Ptr< ns3::SimulatorImpl >', 'ns3::SimulatorImpl *'],) in wrapper public: retval? ???::SetImplementation (params?);
  is_static=True)
/home/mattia/repos/ns-3-allinone/ns-3-dev/src/dsr/bindings/modulegen__gcc_LP64.py:2740: Warning: exception TypeLookupError(['std::ostream &'],) in wrapper public: virtual retval? ???::Print (params?) const = 0;
  is_pure_virtual=True, is_const=True, is_virtual=True)
/home/mattia/repos/ns-3-allinone/ns-3-dev/src/dsr/bindings/modulegen__gcc_LP64.py:2752: Warning: exception TypeConfigurationError('direction not given',) in wrapper <pybindgen.cppmethod.CppConstructor object at 0x7f3c0b143b90>
  cls.add_constructor([param('uint8_t *', 'start'), param('uint8_t *', 'end')])
/home/mattia/repos/ns-3-allinone/ns-3-dev/src/dsr/bindings/modulegen__gcc_LP64.py:2760: Warning: exception TypeConfigurationError('direction not given',) in wrapper public: retval? ???::Read (params?);
  [param('uint8_t *', 'buffer'), param('uint32_t', 'size')])
/home/mattia/repos/ns-3-allinone/ns-3-dev/src/dsr/bindings/modulegen__gcc_LP64.py:2788: Warning: exception TypeConfigurationError('direction not given',) in wrapper public: retval? ???::Write (params?);
  [param('uint8_t const *', 'buffer'), param('uint32_t', 'size')])
/home/mattia/repos/ns-3-allinone/ns-3-dev/src/dsr/bindings/modulegen__gcc_LP64.py:2937: Warning: exception TypeLookupError(['ns3::Callback< ns3::ObjectBase *, ns3::empty, ns3::empty, ns3::empty, ns3::empty, ns3::empty, ns3::empty, ns3::empty, ns3::empty, ns3::empty >'],) in wrapper public: retval? ???::GetConstructor (params?) const;
  is_const=True)
/home/mattia/repos/ns-3-allinone/ns-3-dev/src/dsr/bindings/modulegen__gcc_LP64.py:3016: Warning: exception TypeConfigurationError('Missing transfer_ownership option',) in wrapper public: retval? ???::LookupByHashFailSafe (params?);
  is_static=True)
bindings/python/ns3modulegen-modular.py:27: UserWarning: exception TypeLookupError(['short unsigned int'],) in wrapper None
  warnings.warn("exception %r in wrapper %s" % (exception, wrapper))
/home/mattia/repos/ns-3-allinone/ns-3-dev/src/dsr/bindings/modulegen__gcc_LP64.py:3453: Warning: exception TypeLookupError(['std::ostream &'],) in wrapper public: virtual retval? ???::Print (params?) const = 0;
  is_pure_virtual=True, is_const=True, is_virtual=True)
/home/mattia/repos/ns-3-allinone/ns-3-dev/src/dsr/bindings/modulegen__gcc_LP64.py:3481: Warning: exception TypeLookupError(['std::ostream &'],) in wrapper public: virtual retval? ???::Print (params?) const = 0;
  is_pure_virtual=True, is_const=True, is_virtual=True)
/home/mattia/repos/ns-3-allinone/ns-3-dev/src/dsr/bindings/modulegen__gcc_LP64.py:3498: Warning: exception TypeConfigurationError('direction not given',) in wrapper public: retval? ???::GetData (params?) const;
  is_const=True)
/home/mattia/repos/ns-3-allinone/ns-3-dev/src/dsr/bindings/modulegen__gcc_LP64.py:3545: Warning: exception TypeLookupError(['std::ostream &'],) in wrapper private: virtual retval? ???::Print (params?) const;
  is_const=True, visibility='private', is_virtual=True)
/home/mattia/repos/ns-3-allinone/ns-3-dev/src/dsr/bindings/modulegen__gcc_LP64.py:3567: Warning: exception TypeConfigurationError('direction not given',) in wrapper public: retval? ???::GetData (params?) const;
  is_const=True)
/home/mattia/repos/ns-3-allinone/ns-3-dev/src/dsr/bindings/modulegen__gcc_LP64.py:3602: Warning: exception TypeLookupError(['std::ostream &'],) in wrapper public: virtual retval? ???::Print (params?) const;
  is_const=True, is_virtual=True)
/home/mattia/repos/ns-3-allinone/ns-3-dev/src/dsr/bindings/modulegen__gcc_LP64.py:3665: Warning: exception TypeLookupError(['std::ostream &'],) in wrapper public: virtual retval? ???::Print (params?) const;
  is_const=True, is_virtual=True)
/home/mattia/repos/ns-3-allinone/ns-3-dev/src/dsr/bindings/modulegen__gcc_LP64.py:3695: Warning: exception TypeConfigurationError('direction not given',) in wrapper public: retval? ???::GetData (params?) const;
  is_const=True)
/home/mattia/repos/ns-3-allinone/ns-3-dev/src/dsr/bindings/modulegen__gcc_LP64.py:3720: Warning: exception TypeLookupError(['std::ostream &'],) in wrapper public: virtual retval? ???::Print (params?) const;
  is_const=True, is_virtual=True)
/home/mattia/repos/ns-3-allinone/ns-3-dev/src/dsr/bindings/modulegen__gcc_LP64.py:3844: Warning: exception TypeLookupError(['std::ostream &'],) in wrapper public: virtual retval? ???::Print (params?) const;
  is_const=True, is_virtual=True)
/home/mattia/repos/ns-3-allinone/ns-3-dev/src/dsr/bindings/modulegen__gcc_LP64.py:3972: Warning: exception TypeLookupError(['std::ostream &'],) in wrapper public: virtual retval? ???::Print (params?) const;
  is_const=True, is_virtual=True)
/home/mattia/repos/ns-3-allinone/ns-3-dev/src/dsr/bindings/modulegen__gcc_LP64.py:4114: Warning: exception TypeLookupError(['ns3::RngStream *'],) in wrapper protected: retval? ???::Peek (params?) const;
  is_const=True, visibility='protected')
/home/mattia/repos/ns-3-allinone/ns-3-dev/src/dsr/bindings/modulegen__gcc_LP64.py:4459: Warning: exception TypeConfigurationError('direction not given',) in wrapper public: retval? ???::Recv (params?);
  [param('uint8_t *', 'buf'), param('uint32_t', 'size'), param('uint32_t', 'flags')])
/home/mattia/repos/ns-3-allinone/ns-3-dev/src/dsr/bindings/modulegen__gcc_LP64.py:4472: Warning: exception TypeConfigurationError('direction not given',) in wrapper public: retval? ???::RecvFrom (params?);
  [param('uint8_t *', 'buf'), param('uint32_t', 'size'), param('uint32_t', 'flags'), param('ns3::Address &', 'fromAddress')])
/home/mattia/repos/ns-3-allinone/ns-3-dev/src/dsr/bindings/modulegen__gcc_LP64.py:4485: Warning: exception TypeConfigurationError('direction not given',) in wrapper public: retval? ???::Send (params?);
  [param('uint8_t const *', 'buf'), param('uint32_t', 'size'), param('uint32_t', 'flags')])
/home/mattia/repos/ns-3-allinone/ns-3-dev/src/dsr/bindings/modulegen__gcc_LP64.py:4494: Warning: exception TypeConfigurationError('direction not given',) in wrapper public: retval? ???::SendTo (params?);
  [param('uint8_t const *', 'buf'), param('uint32_t', 'size'), param('uint32_t', 'flags'), param('ns3::Address const &', 'address')])
/home/mattia/repos/ns-3-allinone/ns-3-dev/src/dsr/bindings/modulegen__gcc_LP64.py:4678: Warning: exception TypeLookupError(['std::ostream &'],) in wrapper public: virtual retval? ???::Print (params?) const;
  is_const=True, is_virtual=True)
/home/mattia/repos/ns-3-allinone/ns-3-dev/src/dsr/bindings/modulegen__gcc_LP64.py:4724: Warning: exception TypeLookupError(['std::ostream &'],) in wrapper public: virtual retval? ???::Print (params?) const;
  is_const=True, is_virtual=True)
/home/mattia/repos/ns-3-allinone/ns-3-dev/src/dsr/bindings/modulegen__gcc_LP64.py:4770: Warning: exception TypeLookupError(['std::ostream &'],) in wrapper public: virtual retval? ???::Print (params?) const;
  is_const=True, is_virtual=True)
/home/mattia/repos/ns-3-allinone/ns-3-dev/src/dsr/bindings/modulegen__gcc_LP64.py:4816: Warning: exception TypeLookupError(['std::ostream &'],) in wrapper public: virtual retval? ???::Print (params?) const;
  is_const=True, is_virtual=True)
/home/mattia/repos/ns-3-allinone/ns-3-dev/src/dsr/bindings/modulegen__gcc_LP64.py:4862: Warning: exception TypeLookupError(['std::ostream &'],) in wrapper public: virtual retval? ???::Print (params?) const;
  is_const=True, is_virtual=True)
/home/mattia/repos/ns-3-allinone/ns-3-dev/src/dsr/bindings/modulegen__gcc_LP64.py:4916: Warning: exception TypeLookupError(['std::ostream &'],) in wrapper public: virtual retval? ???::Print (params?) const;
  is_const=True, is_virtual=True)
/home/mattia/repos/ns-3-allinone/ns-3-dev/src/dsr/bindings/modulegen__gcc_LP64.py:5147: Warning: exception TypeLookupError(['std::ostream &'],) in wrapper public: virtual retval? ???::Print (params?) const = 0;
  is_pure_virtual=True, is_const=True, is_virtual=True)
/home/mattia/repos/ns-3-allinone/ns-3-dev/src/dsr/bindings/modulegen__gcc_LP64.py:5318: Warning: exception TypeLookupError(['std::ostream &'],) in wrapper public: virtual retval? ???::Print (params?) const;
  is_const=True, is_virtual=True)
/home/mattia/repos/ns-3-allinone/ns-3-dev/src/dsr/bindings/modulegen__gcc_LP64.py:5479: Warning: exception TypeLookupError(['ns3::Callback< void, ns3::Ptr< ns3::Packet >, ns3::Mac48Address, ns3::Mac48Address, ns3::empty, ns3::empty, ns3::empty, ns3::empty, ns3::empty, ns3::empty >'],) in wrapper public: virtual retval? ???::SetForwardUpCallback (params?) = 0;
  is_pure_virtual=True, is_virtual=True)
/home/mattia/repos/ns-3-allinone/ns-3-dev/src/dsr/bindings/modulegen__gcc_LP64.py:5484: Warning: exception TypeLookupError(['ns3::Callback< void, ns3::empty, ns3::empty, ns3::empty, ns3::empty, ns3::empty, ns3::empty, ns3::empty, ns3::empty, ns3::empty >'],) in wrapper public: virtual retval? ???::SetLinkDownCallback (params?) = 0;
  is_pure_virtual=True, is_virtual=True)
/home/mattia/repos/ns-3-allinone/ns-3-dev/src/dsr/bindings/modulegen__gcc_LP64.py:5489: Warning: exception TypeLookupError(['ns3::Callback< void, ns3::empty, ns3::empty, ns3::empty, ns3::empty, ns3::empty, ns3::empty, ns3::empty, ns3::empty, ns3::empty >'],) in wrapper public: virtual retval? ???::SetLinkUpCallback (params?) = 0;
  is_pure_virtual=True, is_virtual=True)
/home/mattia/repos/ns-3-allinone/ns-3-dev/src/dsr/bindings/modulegen__gcc_LP64.py:5543: Warning: exception TypeLookupError(['ns3::Ptr< ns3::Dcf >', 'ns3::Dcf *'],) in wrapper protected: retval? ???::ConfigureDcf (params?);
  visibility='protected')
/home/mattia/repos/ns-3-allinone/ns-3-dev/src/dsr/bindings/modulegen__gcc_LP64.py:5810: Warning: exception TypeLookupError(['std::ostream &'],) in wrapper public: virtual retval? ???::Print (params?) const;
  is_const=True, is_virtual=True)
/home/mattia/repos/ns-3-allinone/ns-3-dev/src/dsr/bindings/modulegen__gcc_LP64.py:6012: Warning: exception TypeLookupError(['ns3::Ptr< ns3::WifiChannel >', 'ns3::WifiChannel *'],) in wrapper public: virtual retval? ???::GetChannel (params?) const = 0;
  is_pure_virtual=True, is_const=True, is_virtual=True)
/home/mattia/repos/ns-3-allinone/ns-3-dev/src/dsr/bindings/modulegen__gcc_LP64.py:6569: Warning: exception TypeConfigurationError('Missing transfer_ownership option',) in wrapper public: virtual retval? ???::RegisterListener (params?) = 0;
  is_pure_virtual=True, is_virtual=True)
/home/mattia/repos/ns-3-allinone/ns-3-dev/src/dsr/bindings/modulegen__gcc_LP64.py:6619: Warning: exception TypeLookupError(['ns3::Callback< void, ns3::Ptr< ns3::Packet const >, double, ns3::empty, ns3::empty, ns3::empty, ns3::empty, ns3::empty, ns3::empty, ns3::empty >'],) in wrapper public: virtual retval? ???::SetReceiveErrorCallback (params?) = 0;
  is_pure_virtual=True, is_virtual=True)
/home/mattia/repos/ns-3-allinone/ns-3-dev/src/dsr/bindings/modulegen__gcc_LP64.py:6624: Warning: exception TypeLookupError(['ns3::Callback< void, ns3::Ptr< ns3::Packet >, double, ns3::WifiMode, ns3::WifiPreamble, ns3::empty, ns3::empty, ns3::empty, ns3::empty, ns3::empty >'],) in wrapper public: virtual retval? ???::SetReceiveOkCallback (params?) = 0;
  is_pure_virtual=True, is_virtual=True)
/home/mattia/repos/ns-3-allinone/ns-3-dev/src/dsr/bindings/modulegen__gcc_LP64.py:6969: Warning: exception TypeConfigurationError('Either caller_owns_return or self.reference_existing_object must be given',) in wrapper private: virtual retval? ???::DoCreateStation (params?) const = 0;
  is_pure_virtual=True, is_const=True, visibility='private', is_virtual=True)
/home/mattia/repos/ns-3-allinone/ns-3-dev/src/dsr/bindings/modulegen__gcc_LP64.py:7049: Warning: exception TypeConfigurationError('Missing transfer_ownership option',) in wrapper private: virtual retval? ???::DoGetDataTxVector (params?) = 0;
  is_pure_virtual=True, visibility='private', is_virtual=True)
/home/mattia/repos/ns-3-allinone/ns-3-dev/src/dsr/bindings/modulegen__gcc_LP64.py:7054: Warning: exception TypeConfigurationError('Missing transfer_ownership option',) in wrapper private: virtual retval? ???::DoGetRtsTxVector (params?) = 0;
  is_pure_virtual=True, visibility='private', is_virtual=True)
/home/mattia/repos/ns-3-allinone/ns-3-dev/src/dsr/bindings/modulegen__gcc_LP64.py:7059: Warning: exception TypeConfigurationError('Missing transfer_ownership option',) in wrapper private: virtual retval? ???::DoNeedDataRetransmission (params?);
  visibility='private', is_virtual=True)
/home/mattia/repos/ns-3-allinone/ns-3-dev/src/dsr/bindings/modulegen__gcc_LP64.py:7064: Warning: exception TypeConfigurationError('Missing transfer_ownership option',) in wrapper private: virtual retval? ???::DoNeedFragmentation (params?);
  visibility='private', is_virtual=True)
/home/mattia/repos/ns-3-allinone/ns-3-dev/src/dsr/bindings/modulegen__gcc_LP64.py:7069: Warning: exception TypeConfigurationError('Missing transfer_ownership option',) in wrapper private: virtual retval? ???::DoNeedRts (params?);
  visibility='private', is_virtual=True)
/home/mattia/repos/ns-3-allinone/ns-3-dev/src/dsr/bindings/modulegen__gcc_LP64.py:7074: Warning: exception TypeConfigurationError('Missing transfer_ownership option',) in wrapper private: virtual retval? ???::DoNeedRtsRetransmission (params?);
  visibility='private', is_virtual=True)
/home/mattia/repos/ns-3-allinone/ns-3-dev/src/dsr/bindings/modulegen__gcc_LP64.py:7079: Warning: exception TypeConfigurationError('Missing transfer_ownership option',) in wrapper private: virtual retval? ???::DoReportDataFailed (params?) = 0;
  is_pure_virtual=True, visibility='private', is_virtual=True)
/home/mattia/repos/ns-3-allinone/ns-3-dev/src/dsr/bindings/modulegen__gcc_LP64.py:7084: Warning: exception TypeConfigurationError('Missing transfer_ownership option',) in wrapper private: virtual retval? ???::DoReportDataOk (params?) = 0;
  is_pure_virtual=True, visibility='private', is_virtual=True)
/home/mattia/repos/ns-3-allinone/ns-3-dev/src/dsr/bindings/modulegen__gcc_LP64.py:7089: Warning: exception TypeConfigurationError('Missing transfer_ownership option',) in wrapper private: virtual retval? ???::DoReportFinalDataFailed (params?) = 0;
  is_pure_virtual=True, visibility='private', is_virtual=True)
/home/mattia/repos/ns-3-allinone/ns-3-dev/src/dsr/bindings/modulegen__gcc_LP64.py:7094: Warning: exception TypeConfigurationError('Missing transfer_ownership option',) in wrapper private: virtual retval? ???::DoReportFinalRtsFailed (params?) = 0;
  is_pure_virtual=True, visibility='private', is_virtual=True)
/home/mattia/repos/ns-3-allinone/ns-3-dev/src/dsr/bindings/modulegen__gcc_LP64.py:7099: Warning: exception TypeConfigurationError('Missing transfer_ownership option',) in wrapper private: virtual retval? ???::DoReportRtsFailed (params?) = 0;
  is_pure_virtual=True, visibility='private', is_virtual=True)
/home/mattia/repos/ns-3-allinone/ns-3-dev/src/dsr/bindings/modulegen__gcc_LP64.py:7104: Warning: exception TypeConfigurationError('Missing transfer_ownership option',) in wrapper private: virtual retval? ???::DoReportRtsOk (params?) = 0;
  is_pure_virtual=True, visibility='private', is_virtual=True)
/home/mattia/repos/ns-3-allinone/ns-3-dev/src/dsr/bindings/modulegen__gcc_LP64.py:7109: Warning: exception TypeConfigurationError('Missing transfer_ownership option',) in wrapper private: virtual retval? ???::DoReportRxOk (params?) = 0;
  is_pure_virtual=True, visibility='private', is_virtual=True)
/home/mattia/repos/ns-3-allinone/ns-3-dev/src/dsr/bindings/modulegen__gcc_LP64.py:7194: Warning: exception TypeConfigurationError('Either caller_owns_return or self.reference_existing_object must be given',) in wrapper public: retval? ???::Add (params?);
  [param('ns3::Ipv4Address', 'to')])
/home/mattia/repos/ns-3-allinone/ns-3-dev/src/dsr/bindings/modulegen__gcc_LP64.py:7232: Warning: exception TypeConfigurationError('Either caller_owns_return or self.reference_existing_object must be given',) in wrapper public: retval? ???::Lookup (params?);
  [param('ns3::Ipv4Address', 'destination')])
/home/mattia/repos/ns-3-allinone/ns-3-dev/src/dsr/bindings/modulegen__gcc_LP64.py:7268: Warning: exception TypeConfigurationError('Missing transfer_ownership option',) in wrapper <pybindgen.cppmethod.CppConstructor object at 0x7f3c0a6b52d0>
  cls.add_constructor([param('ns3::ArpCache *', 'arp')])
/home/mattia/repos/ns-3-allinone/ns-3-dev/src/dsr/bindings/modulegen__gcc_LP64.py:7846: Warning: exception TypeLookupError(['uint8_t *'],) in wrapper public: retval? ???::GetRxMcsBitmask (params?);
  [])
/home/mattia/repos/ns-3-allinone/ns-3-dev/src/dsr/bindings/modulegen__gcc_LP64.py:7973: Warning: exception TypeLookupError(['ns3::Callback< void, ns3::Ptr< ns3::Packet >, ns3::Ipv4Address, ns3::Ipv4Address, unsigned char, ns3::Ptr< ns3::Ipv4Route >, ns3::empty, ns3::empty, ns3::empty, ns3::empty >'],) in wrapper public: virtual retval? ???::GetDownTarget (params?) const = 0;
  is_pure_virtual=True, is_const=True, is_virtual=True)
/home/mattia/repos/ns-3-allinone/ns-3-dev/src/dsr/bindings/modulegen__gcc_LP64.py:7978: Warning: exception TypeLookupError(['ns3::Callback< void, ns3::Ptr< ns3::Packet >, ns3::Ipv6Address, ns3::Ipv6Address, unsigned char, ns3::Ptr< ns3::Ipv6Route >, ns3::empty, ns3::empty, ns3::empty, ns3::empty >'],) in wrapper public: virtual retval? ???::GetDownTarget6 (params?) const = 0;
  is_pure_virtual=True, is_const=True, is_virtual=True)
/home/mattia/repos/ns-3-allinone/ns-3-dev/src/dsr/bindings/modulegen__gcc_LP64.py:8003: Warning: exception TypeConfigurationError('direction not given',) in wrapper public: virtual retval? ???::ReceiveIcmp (params?);
  is_virtual=True)
/home/mattia/repos/ns-3-allinone/ns-3-dev/src/dsr/bindings/modulegen__gcc_LP64.py:8008: Warning: exception TypeConfigurationError('direction not given',) in wrapper public: virtual retval? ???::ReceiveIcmp (params?);
  is_virtual=True)
/home/mattia/repos/ns-3-allinone/ns-3-dev/src/dsr/bindings/modulegen__gcc_LP64.py:8018: Warning: exception TypeLookupError(['ns3::Callback< void, ns3::Ptr< ns3::Packet >, ns3::Ipv6Address, ns3::Ipv6Address, unsigned char, ns3::Ptr< ns3::Ipv6Route >, ns3::empty, ns3::empty, ns3::empty, ns3::empty >'],) in wrapper public: virtual retval? ???::SetDownTarget6 (params?) = 0;
  is_pure_virtual=True, is_virtual=True)
/home/mattia/repos/ns-3-allinone/ns-3-dev/src/dsr/bindings/modulegen__gcc_LP64.py:8724: Warning: exception TypeLookupError(['ns3::Callback< void, ns3::Ptr< ns3::Ipv4Route >, ns3::Ptr< ns3::Packet const >, ns3::Ipv4Header const &, ns3::empty, ns3::empty, ns3::empty, ns3::empty, ns3::empty, ns3::empty >'],) in wrapper public: virtual retval? ???::RouteInput (params?) = 0;
  is_pure_virtual=True, is_virtual=True)
/home/mattia/repos/ns-3-allinone/ns-3-dev/src/dsr/bindings/modulegen__gcc_LP64.py:9049: Warning: exception TypeLookupError(['ns3::Callback< void, ns3::empty, ns3::empty, ns3::empty, ns3::empty, ns3::empty, ns3::empty, ns3::empty, ns3::empty, ns3::empty >'],) in wrapper public: virtual retval? ???::AddLinkChangeCallback (params?) = 0;
  is_pure_virtual=True, is_virtual=True)
/home/mattia/repos/ns-3-allinone/ns-3-dev/src/dsr/bindings/modulegen__gcc_LP64.py:9064: Warning: exception TypeLookupError(['ns3::Ptr< ns3::Channel >', 'ns3::Channel *'],) in wrapper public: virtual retval? ???::GetChannel (params?) const = 0;
  is_pure_virtual=True, is_const=True, is_virtual=True)
/home/mattia/repos/ns-3-allinone/ns-3-dev/src/dsr/bindings/modulegen__gcc_LP64.py:9159: Warning: exception TypeLookupError(['ns3::Callback< bool, ns3::Ptr< ns3::NetDevice >, ns3::Ptr< ns3::Packet const >, short unsigned int, ns3::Address const &, ns3::Address const &, ns3::NetDevice::PacketType, ns3::empty, ns3::empty, ns3::empty >'],) in wrapper public: virtual retval? ???::SetPromiscReceiveCallback (params?) = 0;
  is_pure_virtual=True, is_virtual=True)
/home/mattia/repos/ns-3-allinone/ns-3-dev/src/dsr/bindings/modulegen__gcc_LP64.py:9164: Warning: exception TypeLookupError(['ns3::Callback< bool, ns3::Ptr< ns3::NetDevice >, ns3::Ptr< ns3::Packet const >, short unsigned int, ns3::Address const &, ns3::empty, ns3::empty, ns3::empty, ns3::empty, ns3::empty >'],) in wrapper public: virtual retval? ???::SetReceiveCallback (params?) = 0;
  is_pure_virtual=True, is_virtual=True)
/home/mattia/repos/ns-3-allinone/ns-3-dev/src/dsr/bindings/modulegen__gcc_LP64.py:9226: Warning: exception TypeLookupError(['ns3::Ptr< ns3::Application >', 'ns3::Application *'],) in wrapper public: retval? ???::AddApplication (params?);
  [param('ns3::Ptr< ns3::Application >', 'application')])
/home/mattia/repos/ns-3-allinone/ns-3-dev/src/dsr/bindings/modulegen__gcc_LP64.py:9240: Warning: exception TypeLookupError(['ns3::Ptr< ns3::Application >', 'ns3::Application *'],) in wrapper public: retval? ???::GetApplication (params?) const;
  is_const=True)
/home/mattia/repos/ns-3-allinone/ns-3-dev/src/dsr/bindings/modulegen__gcc_LP64.py:9274: Warning: exception TypeLookupError(['ns3::Callback< void, ns3::Ptr< ns3::NetDevice >, ns3::empty, ns3::empty, ns3::empty, ns3::empty, ns3::empty, ns3::empty, ns3::empty, ns3::empty >'],) in wrapper public: retval? ???::RegisterDeviceAdditionListener (params?);
  [param('ns3::Callback< void, ns3::Ptr< ns3::NetDevice >, ns3::empty, ns3::empty, ns3::empty, ns3::empty, ns3::empty, ns3::empty, ns3::empty, ns3::empty >', 'listener')])
/home/mattia/repos/ns-3-allinone/ns-3-dev/src/dsr/bindings/modulegen__gcc_LP64.py:9282: Warning: exception TypeLookupError(['ns3::Callback< void, ns3::Ptr< ns3::NetDevice >, ns3::empty, ns3::empty, ns3::empty, ns3::empty, ns3::empty, ns3::empty, ns3::empty, ns3::empty >'],) in wrapper public: retval? ???::UnregisterDeviceAdditionListener (params?);
  [param('ns3::Callback< void, ns3::Ptr< ns3::NetDevice >, ns3::empty, ns3::empty, ns3::empty, ns3::empty, ns3::empty, ns3::empty, ns3::empty, ns3::empty >', 'listener')])
/home/mattia/repos/ns-3-allinone/ns-3-dev/src/dsr/bindings/modulegen__gcc_LP64.py:9390: Warning: exception TypeLookupError(['std::ostream *'],) in wrapper <pybindgen.cppmethod.CppConstructor object at 0x7f3c0a14f310>
  cls.add_constructor([param('std::ostream *', 'os')])
/home/mattia/repos/ns-3-allinone/ns-3-dev/src/dsr/bindings/modulegen__gcc_LP64.py:9394: Warning: exception TypeLookupError(['std::ostream *'],) in wrapper public: retval? ???::GetStream (params?);
  [])
/home/mattia/repos/ns-3-allinone/ns-3-dev/src/dsr/bindings/modulegen__gcc_LP64.py:9406: Warning: exception TypeConfigurationError('direction not given',) in wrapper <pybindgen.cppmethod.CppConstructor object at 0x7f3c0a14fed0>
  cls.add_constructor([param('uint8_t const *', 'buffer'), param('uint32_t', 'size'), param('bool', 'magic')])
/home/mattia/repos/ns-3-allinone/ns-3-dev/src/dsr/bindings/modulegen__gcc_LP64.py:9408: Warning: exception TypeConfigurationError('direction not given',) in wrapper <pybindgen.cppmethod.CppConstructor object at 0x7f3c0a14ff10>
  cls.add_constructor([param('uint8_t const *', 'buffer'), param('uint32_t', 'size')])
/home/mattia/repos/ns-3-allinone/ns-3-dev/src/dsr/bindings/modulegen__gcc_LP64.py:9449: Warning: exception TypeConfigurationError('direction not given',) in wrapper public: retval? ???::CopyData (params?) const;
  is_const=True)
/home/mattia/repos/ns-3-allinone/ns-3-dev/src/dsr/bindings/modulegen__gcc_LP64.py:9454: Warning: exception TypeLookupError(['std::ostream *'],) in wrapper public: retval? ???::CopyData (params?) const;
  is_const=True)
/home/mattia/repos/ns-3-allinone/ns-3-dev/src/dsr/bindings/modulegen__gcc_LP64.py:9509: Warning: exception TypeLookupError(['uint8_t *'],) in wrapper public: retval? ???::PeekData (params?) const;
  deprecated=True, is_const=True)
/home/mattia/repos/ns-3-allinone/ns-3-dev/src/dsr/bindings/modulegen__gcc_LP64.py:9528: Warning: exception TypeLookupError(['std::ostream &'],) in wrapper public: retval? ???::Print (params?) const;
  is_const=True)
/home/mattia/repos/ns-3-allinone/ns-3-dev/src/dsr/bindings/modulegen__gcc_LP64.py:9533: Warning: exception TypeLookupError(['std::ostream &'],) in wrapper public: retval? ???::PrintByteTags (params?) const;
  is_const=True)
/home/mattia/repos/ns-3-allinone/ns-3-dev/src/dsr/bindings/modulegen__gcc_LP64.py:9538: Warning: exception TypeLookupError(['std::ostream &'],) in wrapper public: retval? ???::PrintPacketTags (params?) const;
  is_const=True)
/home/mattia/repos/ns-3-allinone/ns-3-dev/src/dsr/bindings/modulegen__gcc_LP64.py:9575: Warning: exception TypeConfigurationError('direction not given',) in wrapper public: retval? ???::Serialize (params?) const;
  is_const=True)
/home/mattia/repos/ns-3-allinone/ns-3-dev/src/dsr/bindings/modulegen__gcc_LP64.py:9742: Warning: exception TypeLookupError(['ns3::Ipv4EndPoint *'],) in wrapper public: retval? ???::Allocate (params?);
  [])
/home/mattia/repos/ns-3-allinone/ns-3-dev/src/dsr/bindings/modulegen__gcc_LP64.py:9746: Warning: exception TypeLookupError(['ns3::Ipv4EndPoint *'],) in wrapper public: retval? ???::Allocate (params?);
  [param('ns3::Ipv4Address', 'address')])
/home/mattia/repos/ns-3-allinone/ns-3-dev/src/dsr/bindings/modulegen__gcc_LP64.py:9750: Warning: exception TypeLookupError(['ns3::Ipv4EndPoint *'],) in wrapper public: retval? ???::Allocate (params?);
  [param('uint16_t', 'port')])
/home/mattia/repos/ns-3-allinone/ns-3-dev/src/dsr/bindings/modulegen__gcc_LP64.py:9754: Warning: exception TypeLookupError(['ns3::Ipv4EndPoint *'],) in wrapper public: retval? ???::Allocate (params?);
  [param('ns3::Ipv4Address', 'address'), param('uint16_t', 'port')])
/home/mattia/repos/ns-3-allinone/ns-3-dev/src/dsr/bindings/modulegen__gcc_LP64.py:9758: Warning: exception TypeLookupError(['ns3::Ipv4EndPoint *'],) in wrapper public: retval? ???::Allocate (params?);
  [param('ns3::Ipv4Address', 'localAddress'), param('uint16_t', 'localPort'), param('ns3::Ipv4Address', 'peerAddress'), param('uint16_t', 'peerPort')])
/home/mattia/repos/ns-3-allinone/ns-3-dev/src/dsr/bindings/modulegen__gcc_LP64.py:9762: Warning: exception TypeLookupError(['ns3::Ipv6EndPoint *'],) in wrapper public: retval? ???::Allocate6 (params?);
  [])
/home/mattia/repos/ns-3-allinone/ns-3-dev/src/dsr/bindings/modulegen__gcc_LP64.py:9766: Warning: exception TypeLookupError(['ns3::Ipv6EndPoint *'],) in wrapper public: retval? ???::Allocate6 (params?);
  [param('ns3::Ipv6Address', 'address')])
/home/mattia/repos/ns-3-allinone/ns-3-dev/src/dsr/bindings/modulegen__gcc_LP64.py:9770: Warning: exception TypeLookupError(['ns3::Ipv6EndPoint *'],) in wrapper public: retval? ???::Allocate6 (params?);
  [param('uint16_t', 'port')])
/home/mattia/repos/ns-3-allinone/ns-3-dev/src/dsr/bindings/modulegen__gcc_LP64.py:9774: Warning: exception TypeLookupError(['ns3::Ipv6EndPoint *'],) in wrapper public: retval? ???::Allocate6 (params?);
  [param('ns3::Ipv6Address', 'address'), param('uint16_t', 'port')])
/home/mattia/repos/ns-3-allinone/ns-3-dev/src/dsr/bindings/modulegen__gcc_LP64.py:9778: Warning: exception TypeLookupError(['ns3::Ipv6EndPoint *'],) in wrapper public: retval? ???::Allocate6 (params?);
  [param('ns3::Ipv6Address', 'localAddress'), param('uint16_t', 'localPort'), param('ns3::Ipv6Address', 'peerAddress'), param('uint16_t', 'peerPort')])
/home/mattia/repos/ns-3-allinone/ns-3-dev/src/dsr/bindings/modulegen__gcc_LP64.py:9782: Warning: exception TypeLookupError(['ns3::Ipv4EndPoint *'],) in wrapper public: retval? ???::DeAllocate (params?);
  [param('ns3::Ipv4EndPoint *', 'endPoint')])
/home/mattia/repos/ns-3-allinone/ns-3-dev/src/dsr/bindings/modulegen__gcc_LP64.py:9786: Warning: exception TypeLookupError(['ns3::Ipv6EndPoint *'],) in wrapper public: retval? ???::DeAllocate (params?);
  [param('ns3::Ipv6EndPoint *', 'endPoint')])
/home/mattia/repos/ns-3-allinone/ns-3-dev/src/dsr/bindings/modulegen__gcc_LP64.py:9809: Warning: exception TypeConfigurationError('direction not given',) in wrapper public: virtual retval? ???::ReceiveIcmp (params?);
  is_virtual=True)
/home/mattia/repos/ns-3-allinone/ns-3-dev/src/dsr/bindings/modulegen__gcc_LP64.py:9814: Warning: exception TypeConfigurationError('direction not given',) in wrapper public: virtual retval? ???::ReceiveIcmp (params?);
  is_virtual=True)
/home/mattia/repos/ns-3-allinone/ns-3-dev/src/dsr/bindings/modulegen__gcc_LP64.py:9824: Warning: exception TypeLookupError(['ns3::Callback< void, ns3::Ptr< ns3::Packet >, ns3::Ipv6Address, ns3::Ipv6Address, unsigned char, ns3::Ptr< ns3::Ipv6Route >, ns3::empty, ns3::empty, ns3::empty, ns3::empty >'],) in wrapper public: virtual retval? ???::SetDownTarget6 (params?);
  is_virtual=True)
/home/mattia/repos/ns-3-allinone/ns-3-dev/src/dsr/bindings/modulegen__gcc_LP64.py:9829: Warning: exception TypeLookupError(['ns3::Callback< void, ns3::Ptr< ns3::Packet >, ns3::Ipv4Address, ns3::Ipv4Address, unsigned char, ns3::Ptr< ns3::Ipv4Route >, ns3::empty, ns3::empty, ns3::empty, ns3::empty >'],) in wrapper public: virtual retval? ???::GetDownTarget (params?) const;
  is_const=True, is_virtual=True)
/home/mattia/repos/ns-3-allinone/ns-3-dev/src/dsr/bindings/modulegen__gcc_LP64.py:9834: Warning: exception TypeLookupError(['ns3::Callback< void, ns3::Ptr< ns3::Packet >, ns3::Ipv6Address, ns3::Ipv6Address, unsigned char, ns3::Ptr< ns3::Ipv6Route >, ns3::empty, ns3::empty, ns3::empty, ns3::empty >'],) in wrapper public: virtual retval? ???::GetDownTarget6 (params?) const;
  is_const=True, is_virtual=True)
/home/mattia/repos/ns-3-allinone/ns-3-dev/src/dsr/bindings/modulegen__gcc_LP64.py:9946: Warning: exception TypeLookupError(['ns3::Ipv4EndPoint *'],) in wrapper public: retval? ???::Allocate (params?);
  [])
/home/mattia/repos/ns-3-allinone/ns-3-dev/src/dsr/bindings/modulegen__gcc_LP64.py:9950: Warning: exception TypeLookupError(['ns3::Ipv4EndPoint *'],) in wrapper public: retval? ???::Allocate (params?);
  [param('ns3::Ipv4Address', 'address')])
/home/mattia/repos/ns-3-allinone/ns-3-dev/src/dsr/bindings/modulegen__gcc_LP64.py:9954: Warning: exception TypeLookupError(['ns3::Ipv4EndPoint *'],) in wrapper public: retval? ???::Allocate (params?);
  [param('uint16_t', 'port')])
/home/mattia/repos/ns-3-allinone/ns-3-dev/src/dsr/bindings/modulegen__gcc_LP64.py:9958: Warning: exception TypeLookupError(['ns3::Ipv4EndPoint *'],) in wrapper public: retval? ???::Allocate (params?);
  [param('ns3::Ipv4Address', 'address'), param('uint16_t', 'port')])
/home/mattia/repos/ns-3-allinone/ns-3-dev/src/dsr/bindings/modulegen__gcc_LP64.py:9962: Warning: exception TypeLookupError(['ns3::Ipv4EndPoint *'],) in wrapper public: retval? ???::Allocate (params?);
  [param('ns3::Ipv4Address', 'localAddress'), param('uint16_t', 'localPort'), param('ns3::Ipv4Address', 'peerAddress'), param('uint16_t', 'peerPort')])
/home/mattia/repos/ns-3-allinone/ns-3-dev/src/dsr/bindings/modulegen__gcc_LP64.py:9966: Warning: exception TypeLookupError(['ns3::Ipv6EndPoint *'],) in wrapper public: retval? ???::Allocate6 (params?);
  [])
/home/mattia/repos/ns-3-allinone/ns-3-dev/src/dsr/bindings/modulegen__gcc_LP64.py:9970: Warning: exception TypeLookupError(['ns3::Ipv6EndPoint *'],) in wrapper public: retval? ???::Allocate6 (params?);
  [param('ns3::Ipv6Address', 'address')])
/home/mattia/repos/ns-3-allinone/ns-3-dev/src/dsr/bindings/modulegen__gcc_LP64.py:9974: Warning: exception TypeLookupError(['ns3::Ipv6EndPoint *'],) in wrapper public: retval? ???::Allocate6 (params?);
  [param('uint16_t', 'port')])
/home/mattia/repos/ns-3-allinone/ns-3-dev/src/dsr/bindings/modulegen__gcc_LP64.py:9978: Warning: exception TypeLookupError(['ns3::Ipv6EndPoint *'],) in wrapper public: retval? ???::Allocate6 (params?);
  [param('ns3::Ipv6Address', 'address'), param('uint16_t', 'port')])
/home/mattia/repos/ns-3-allinone/ns-3-dev/src/dsr/bindings/modulegen__gcc_LP64.py:9982: Warning: exception TypeLookupError(['ns3::Ipv6EndPoint *'],) in wrapper public: retval? ???::Allocate6 (params?);
  [param('ns3::Ipv6Address', 'localAddress'), param('uint16_t', 'localPort'), param('ns3::Ipv6Address', 'peerAddress'), param('uint16_t', 'peerPort')])
/home/mattia/repos/ns-3-allinone/ns-3-dev/src/dsr/bindings/modulegen__gcc_LP64.py:9986: Warning: exception TypeLookupError(['ns3::Ipv4EndPoint *'],) in wrapper public: retval? ???::DeAllocate (params?);
  [param('ns3::Ipv4EndPoint *', 'endPoint')])
/home/mattia/repos/ns-3-allinone/ns-3-dev/src/dsr/bindings/modulegen__gcc_LP64.py:9990: Warning: exception TypeLookupError(['ns3::Ipv6EndPoint *'],) in wrapper public: retval? ???::DeAllocate (params?);
  [param('ns3::Ipv6EndPoint *', 'endPoint')])
/home/mattia/repos/ns-3-allinone/ns-3-dev/src/dsr/bindings/modulegen__gcc_LP64.py:10006: Warning: exception TypeLookupError(['ns3::Ptr< ns3::Ipv6Route >', 'ns3::Ipv6Route *'],) in wrapper public: retval? ???::Send (params?);
  [param('ns3::Ptr< ns3::Packet >', 'packet'), param('ns3::Ipv6Address', 'saddr'), param('ns3::Ipv6Address', 'daddr'), param('uint16_t', 'sport'), param('uint16_t', 'dport'), param('ns3::Ptr< ns3::Ipv6Route >', 'route')])
/home/mattia/repos/ns-3-allinone/ns-3-dev/src/dsr/bindings/modulegen__gcc_LP64.py:10021: Warning: exception TypeConfigurationError('direction not given',) in wrapper public: virtual retval? ???::ReceiveIcmp (params?);
  is_virtual=True)
/home/mattia/repos/ns-3-allinone/ns-3-dev/src/dsr/bindings/modulegen__gcc_LP64.py:10026: Warning: exception TypeConfigurationError('direction not given',) in wrapper public: virtual retval? ???::ReceiveIcmp (params?);
  is_virtual=True)
/home/mattia/repos/ns-3-allinone/ns-3-dev/src/dsr/bindings/modulegen__gcc_LP64.py:10036: Warning: exception TypeLookupError(['ns3::Callback< void, ns3::Ptr< ns3::Packet >, ns3::Ipv6Address, ns3::Ipv6Address, unsigned char, ns3::Ptr< ns3::Ipv6Route >, ns3::empty, ns3::empty, ns3::empty, ns3::empty >'],) in wrapper public: virtual retval? ???::SetDownTarget6 (params?);
  is_virtual=True)
/home/mattia/repos/ns-3-allinone/ns-3-dev/src/dsr/bindings/modulegen__gcc_LP64.py:10041: Warning: exception TypeLookupError(['ns3::Callback< void, ns3::Ptr< ns3::Packet >, ns3::Ipv4Address, ns3::Ipv4Address, unsigned char, ns3::Ptr< ns3::Ipv4Route >, ns3::empty, ns3::empty, ns3::empty, ns3::empty >'],) in wrapper public: virtual retval? ???::GetDownTarget (params?) const;
  is_const=True, is_virtual=True)
/home/mattia/repos/ns-3-allinone/ns-3-dev/src/dsr/bindings/modulegen__gcc_LP64.py:10046: Warning: exception TypeLookupError(['ns3::Callback< void, ns3::Ptr< ns3::Packet >, ns3::Ipv6Address, ns3::Ipv6Address, unsigned char, ns3::Ptr< ns3::Ipv6Route >, ns3::empty, ns3::empty, ns3::empty, ns3::empty >'],) in wrapper public: virtual retval? ???::GetDownTarget6 (params?) const;
  is_const=True, is_virtual=True)
/home/mattia/repos/ns-3-allinone/ns-3-dev/src/dsr/bindings/modulegen__gcc_LP64.py:10181: Warning: exception TypeLookupError(['ns3::Callback< void, ns3::Ptr< ns3::Packet >, ns3::Ipv4Address, ns3::Ipv4Address, unsigned char, ns3::Ptr< ns3::Ipv4Route >, ns3::empty, ns3::empty, ns3::empty, ns3::empty >'],) in wrapper public: virtual retval? ???::GetDownTarget (params?) const;
  is_const=True, is_virtual=True)
/home/mattia/repos/ns-3-allinone/ns-3-dev/src/dsr/bindings/modulegen__gcc_LP64.py:10186: Warning: exception TypeLookupError(['ns3::Callback< void, ns3::Ptr< ns3::Packet >, ns3::Ipv6Address, ns3::Ipv6Address, unsigned char, ns3::Ptr< ns3::Ipv6Route >, ns3::empty, ns3::empty, ns3::empty, ns3::empty >'],) in wrapper public: virtual retval? ???::GetDownTarget6 (params?) const;
  is_const=True, is_virtual=True)
/home/mattia/repos/ns-3-allinone/ns-3-dev/src/dsr/bindings/modulegen__gcc_LP64.py:10233: Warning: exception TypeLookupError(['ns3::Callback< void, ns3::Ptr< ns3::Packet >, ns3::Ipv6Address, ns3::Ipv6Address, unsigned char, ns3::Ptr< ns3::Ipv6Route >, ns3::empty, ns3::empty, ns3::empty, ns3::empty >'],) in wrapper public: virtual retval? ???::SetDownTarget6 (params?);
  is_virtual=True)
/home/mattia/repos/ns-3-allinone/ns-3-dev/src/dsr/bindings/modulegen__gcc_LP64.py:10300: Warning: exception TypeLookupError(['ns3::Hash::Hash32Function_ptr'],) in wrapper <pybindgen.cppmethod.CppConstructor object at 0x7f3c09f659d0>
  cls.add_constructor([param('ns3::Hash::Hash32Function_ptr', 'hp')])
/home/mattia/repos/ns-3-allinone/ns-3-dev/src/dsr/bindings/modulegen__gcc_LP64.py:10317: Warning: exception TypeLookupError(['ns3::Hash::Hash64Function_ptr'],) in wrapper <pybindgen.cppmethod.CppConstructor object at 0x7f3c09f6da90>
  cls.add_constructor([param('ns3::Hash::Hash64Function_ptr', 'hp')])
/home/mattia/repos/ns-3-allinone/ns-3-dev/src/dsr/bindings/modulegen__gcc_LP64.py:10424: Warning: exception TypeLookupError(['std::ostream &'],) in wrapper public: virtual retval? ???::Print (params?) const;
  is_const=True, is_virtual=True)
/home/mattia/repos/ns-3-allinone/ns-3-dev/src/dsr/bindings/modulegen__gcc_LP64.py:10484: Warning: exception TypeLookupError(['std::vector< ns3::dsr::DsrNetworkQueueEntry > &'],) in wrapper public: retval? ???::GetQueue (params?);
  [])
/home/mattia/repos/ns-3-allinone/ns-3-dev/src/dsr/bindings/modulegen__gcc_LP64.py:10634: Warning: exception TypeLookupError(['std::ostream &'],) in wrapper public: virtual retval? ???::Print (params?) const;
  is_const=True, is_virtual=True)
/home/mattia/repos/ns-3-allinone/ns-3-dev/src/dsr/bindings/modulegen__gcc_LP64.py:10690: Warning: exception TypeLookupError(['std::ostream &'],) in wrapper public: virtual retval? ???::Print (params?) const;
  is_const=True, is_virtual=True)
/home/mattia/repos/ns-3-allinone/ns-3-dev/src/dsr/bindings/modulegen__gcc_LP64.py:10727: Warning: exception TypeLookupError(['std::ostream &'],) in wrapper public: virtual retval? ???::Print (params?) const;
  is_const=True, is_virtual=True)
/home/mattia/repos/ns-3-allinone/ns-3-dev/src/dsr/bindings/modulegen__gcc_LP64.py:10789: Warning: exception TypeLookupError(['std::ostream &'],) in wrapper public: virtual retval? ???::Print (params?) const;
  is_const=True, is_virtual=True)
/home/mattia/repos/ns-3-allinone/ns-3-dev/src/dsr/bindings/modulegen__gcc_LP64.py:10875: Warning: exception TypeLookupError(['std::ostream &'],) in wrapper public: virtual retval? ???::Print (params?) const;
  is_const=True, is_virtual=True)
/home/mattia/repos/ns-3-allinone/ns-3-dev/src/dsr/bindings/modulegen__gcc_LP64.py:10960: Warning: exception TypeLookupError(['std::ostream &'],) in wrapper public: virtual retval? ???::Print (params?) const;
  is_const=True, is_virtual=True)
/home/mattia/repos/ns-3-allinone/ns-3-dev/src/dsr/bindings/modulegen__gcc_LP64.py:11036: Warning: exception TypeLookupError(['std::ostream &'],) in wrapper public: virtual retval? ???::Print (params?) const;
  is_const=True, is_virtual=True)
/home/mattia/repos/ns-3-allinone/ns-3-dev/src/dsr/bindings/modulegen__gcc_LP64.py:11118: Warning: exception TypeLookupError(['std::ostream &'],) in wrapper public: virtual retval? ???::Print (params?) const;
  is_const=True, is_virtual=True)
/home/mattia/repos/ns-3-allinone/ns-3-dev/src/dsr/bindings/modulegen__gcc_LP64.py:11206: Warning: exception TypeLookupError(['std::ostream &'],) in wrapper public: virtual retval? ???::Print (params?) const;
  is_const=True, is_virtual=True)
/home/mattia/repos/ns-3-allinone/ns-3-dev/src/dsr/bindings/modulegen__gcc_LP64.py:11306: Warning: exception TypeLookupError(['ns3::Ptr< ns3::Packet > &'],) in wrapper public: retval? ???::ScheduleReply (params?);
  [param('ns3::Ptr< ns3::Packet > &', 'packet'), param('std::vector< ns3::Ipv4Address > &', 'nodeList'), param('ns3::Ipv4Address &', 'source'), param('ns3::Ipv4Address &', 'destination')])
/home/mattia/repos/ns-3-allinone/ns-3-dev/src/dsr/bindings/modulegen__gcc_LP64.py:11330: Warning: exception TypeLookupError(['ns3::Ptr< ns3::Packet > &'],) in wrapper public: retval? ???::AddAckReqHeader (params?);
  [param('ns3::Ptr< ns3::Packet > &', 'packet'), param('ns3::Ipv4Address', 'nextHop')])
/home/mattia/repos/ns-3-allinone/ns-3-dev/src/dsr/bindings/modulegen__gcc_LP64.py:11399: Warning: exception TypeLookupError(['ns3::Callback< void, ns3::Ptr< ns3::Packet >, ns3::Ipv4Address, ns3::Ipv4Address, unsigned char, ns3::Ptr< ns3::Ipv4Route >, ns3::empty, ns3::empty, ns3::empty, ns3::empty >'],) in wrapper public: virtual retval? ???::GetDownTarget (params?) const;
  is_const=True, is_virtual=True)
/home/mattia/repos/ns-3-allinone/ns-3-dev/src/dsr/bindings/modulegen__gcc_LP64.py:11404: Warning: exception TypeLookupError(['ns3::Callback< void, ns3::Ptr< ns3::Packet >, ns3::Ipv6Address, ns3::Ipv6Address, unsigned char, ns3::Ptr< ns3::Ipv6Route >, ns3::empty, ns3::empty, ns3::empty, ns3::empty >'],) in wrapper public: virtual retval? ???::GetDownTarget6 (params?) const;
  is_const=True, is_virtual=True)
/home/mattia/repos/ns-3-allinone/ns-3-dev/src/dsr/bindings/modulegen__gcc_LP64.py:11514: Warning: exception TypeLookupError(['ns3::Ptr< ns3::Packet > &'],) in wrapper public: retval? ???::Process (params?);
  [param('ns3::Ptr< ns3::Packet > &', 'packet'), param('ns3::Ipv4Header const &', 'ipv4Header'), param('ns3::Ipv4Address', 'dst'), param('uint8_t *', 'nextHeader'), param('uint8_t', 'protocol'), param('bool &', 'isDropped')])
/home/mattia/repos/ns-3-allinone/ns-3-dev/src/dsr/bindings/modulegen__gcc_LP64.py:11626: Warning: exception TypeLookupError(['ns3::Callback< void, ns3::Ptr< ns3::Packet >, ns3::Ipv6Address, ns3::Ipv6Address, unsigned char, ns3::Ptr< ns3::Ipv6Route >, ns3::empty, ns3::empty, ns3::empty, ns3::empty >'],) in wrapper public: virtual retval? ???::SetDownTarget6 (params?);
  is_virtual=True)
/home/mattia/repos/ns-3-allinone/ns-3-dev/src/dsr/bindings/modulegen__gcc_LP64.py:11699: Warning: exception TypeLookupError(['std::ostream &'],) in wrapper public: virtual retval? ???::Print (params?) const;
  is_const=True, is_virtual=True)
/home/mattia/repos/ns-3-allinone/ns-3-dev/src/dsr/bindings/modulegen__gcc_LP64.py:11793: Warning: exception TypeLookupError(['std::vector< ns3::dsr::ErrorBuffEntry > &'],) in wrapper public: retval? ???::GetBuffer (params?);
  [])
/home/mattia/repos/ns-3-allinone/ns-3-dev/src/dsr/bindings/modulegen__gcc_LP64.py:12362: Warning: exception TypeLookupError(['ns3::Callback< void, ns3::Ipv4Address, unsigned char, ns3::empty, ns3::empty, ns3::empty, ns3::empty, ns3::empty, ns3::empty, ns3::empty >'],) in wrapper public: retval? ???::GetCallback (params?) const;
  is_const=True)
/home/mattia/repos/ns-3-allinone/ns-3-dev/src/dsr/bindings/modulegen__gcc_LP64.py:12406: Warning: exception TypeLookupError(['ns3::Callback< void, ns3::WifiMacHeader const &, ns3::empty, ns3::empty, ns3::empty, ns3::empty, ns3::empty, ns3::empty, ns3::empty, ns3::empty >'],) in wrapper public: retval? ???::GetTxErrorCallback (params?) const;
  is_const=True)
/home/mattia/repos/ns-3-allinone/ns-3-dev/src/dsr/bindings/modulegen__gcc_LP64.py:12436: Warning: exception TypeLookupError(['std::ostream &'],) in wrapper public: retval? ???::Print (params?);
  [param('std::ostream &', 'os')])
bindings/python/ns3modulegen-modular.py:27: UserWarning: exception TypeLookupError(['ns3::Callback< void, ns3::Ipv4Address, unsigned char, ns3::empty, ns3::empty, ns3::empty, ns3::empty, ns3::empty, ns3::empty, ns3::empty >'],) in wrapper None
  warnings.warn("exception %r in wrapper %s" % (exception, wrapper))
bindings/python/ns3modulegen-modular.py:27: UserWarning: exception TypeLookupError(['ns3::Callback< void, ns3::WifiMacHeader const &, ns3::empty, ns3::empty, ns3::empty, ns3::empty, ns3::empty, ns3::empty, ns3::empty, ns3::empty >'],) in wrapper None
  warnings.warn("exception %r in wrapper %s" % (exception, wrapper))
/home/mattia/repos/ns-3-allinone/ns-3-dev/src/dsr/bindings/modulegen__gcc_LP64.py:12607: Warning: exception TypeLookupError(['std::ostream &'],) in wrapper public: retval? ???::Print (params?) const;
  is_const=True)
/home/mattia/repos/ns-3-allinone/ns-3-dev/src/dsr/bindings/modulegen__gcc_LP64.py:12650: Warning: exception TypeConfigurationError('Either caller_owns_return or self.reference_existing_object must be given',) in wrapper public: retval? ???::FindUnidirectional (params?);
  [param('ns3::Ipv4Address', 'neighbor')])
/home/mattia/repos/ns-3-allinone/ns-3-dev/src/dsr/bindings/modulegen__gcc_LP64.py:12801: Warning: exception TypeLookupError(['std::vector< ns3::dsr::SendBuffEntry > &'],) in wrapper public: retval? ???::GetBuffer (params?);
  [])
/home/mattia/repos/ns-3-allinone/ns-3-dev/src/dsr/bindings/modulegen__gcc_LP64.py:12904: Warning: exception TypeLookupError(['std::ostream &'],) in wrapper public: virtual retval? ???::Print (params?) const;
  is_const=True, is_virtual=True)
/home/mattia/repos/ns-3-allinone/ns-3-dev/src/dsr/bindings/modulegen__gcc_LP64.py:12992: Warning: exception TypeLookupError(['std::ostream &'],) in wrapper public: virtual retval? ???::Print (params?) const;
  is_const=True, is_virtual=True)
/home/mattia/repos/ns-3-allinone/pybindgen/pybindgen/cppclass_typehandlers.py:1098: UserWarning: Returning shared pointers is dangerous!  The C++ API should be redesigned to avoid this situation.
  warnings.warn("Returning shared pointers is dangerous!"
bindings/python/ns3modulegen-modular.py:27: UserWarning: exception CodeGenerationError('ns3::dsr::DsrOptions cannot be constructed (class has pure virtual methods)',) in wrapper <pybindgen.CppClass 'ns3::dsr::DsrOptions'>
  warnings.warn("exception %r in wrapper %s" % (exception, wrapper))
