>>>>>>>>>>>>>>>> [['void', 'ns3::empty', 'ns3::empty', 'ns3::empty', 'ns3::empty', 'ns3::empty', 'ns3::empty', 'ns3::empty', 'ns3::empty', 'ns3::empty'], ['bool', 'ns3::Ptr<ns3::NetDevice>', 'ns3::Ptr<ns3::Packet const>', 'unsigned short', 'ns3::Address const&', 'ns3::Address const&', 'ns3::NetDevice::PacketType', 'ns3::empty', 'ns3::empty', 'ns3::empty'], ['bool', 'ns3::Ptr<ns3::NetDevice>', 'ns3::Ptr<ns3::Packet const>', 'unsigned short', 'ns3::Address const&', 'ns3::empty', 'ns3::empty', 'ns3::empty', 'ns3::empty', 'ns3::empty'], ['void', 'ns3::Ptr<ns3::NetDevice>', 'ns3::Ptr<ns3::Packet const>', 'unsigned short', 'ns3::Address const&', 'ns3::Address const&', 'ns3::NetDevice::PacketType', 'ns3::empty', 'ns3::empty', 'ns3::empty']]
***** registering callback handler: 'ns3::Callback< void, ns3::empty, ns3::empty, ns3::empty, ns3::empty, ns3::empty, ns3::empty, ns3::empty, ns3::empty, ns3::empty >'
***** registering callback handler: 'ns3::Callback< bool, ns3::Ptr< ns3::NetDevice >, ns3::Ptr< ns3::Packet const >, unsigned short, ns3::Address const &, ns3::Address const &, ns3::NetDevice::PacketType, ns3::empty, ns3::empty, ns3::empty >'
***** registering callback handler: 'ns3::Callback< bool, ns3::Ptr< ns3::NetDevice >, ns3::Ptr< ns3::Packet const >, unsigned short, ns3::Address const &, ns3::empty, ns3::empty, ns3::empty, ns3::empty, ns3::empty >'
***** registering callback handler: 'ns3::Callback< void, ns3::Ptr< ns3::NetDevice >, ns3::Ptr< ns3::Packet const >, unsigned short, ns3::Address const &, ns3::Address const &, ns3::NetDevice::PacketType, ns3::empty, ns3::empty, ns3::empty >'
/home/mattia/repos/ns-3-allinone/ns-3-dev/src/emu/bindings/modulegen__gcc_LP64.py:413: Warning: exception TypeConfigurationError('direction not given',) in wrapper <pybindgen.cppmethod.CppConstructor object at 0x7f321aa97890>
  cls.add_constructor([param('uint8_t', 'type'), param('uint8_t const *', 'buffer'), param('uint8_t', 'len')])
/home/mattia/repos/ns-3-allinone/ns-3-dev/src/emu/bindings/modulegen__gcc_LP64.py:424: Warning: exception TypeConfigurationError('direction not given',) in wrapper public: retval? ???::CopyAllFrom (params?);
  [param('uint8_t const *', 'buffer'), param('uint8_t', 'len')])
/home/mattia/repos/ns-3-allinone/ns-3-dev/src/emu/bindings/modulegen__gcc_LP64.py:429: Warning: exception TypeConfigurationError('direction not given',) in wrapper public: retval? ???::CopyAllTo (params?) const;
  is_const=True)
/home/mattia/repos/ns-3-allinone/ns-3-dev/src/emu/bindings/modulegen__gcc_LP64.py:433: Warning: exception TypeConfigurationError('direction not given',) in wrapper public: retval? ???::CopyFrom (params?);
  [param('uint8_t const *', 'buffer'), param('uint8_t', 'len')])
/home/mattia/repos/ns-3-allinone/ns-3-dev/src/emu/bindings/modulegen__gcc_LP64.py:438: Warning: exception TypeConfigurationError('direction not given',) in wrapper public: retval? ???::CopyTo (params?) const;
  is_const=True)
/home/mattia/repos/ns-3-allinone/ns-3-dev/src/emu/bindings/modulegen__gcc_LP64.py:607: Warning: exception TypeLookupError(['std::_List_const_iterator< ns3::AttributeConstructionList::Item >'],) in wrapper public: retval? ???::Begin (params?) const;
  is_const=True)
/home/mattia/repos/ns-3-allinone/ns-3-dev/src/emu/bindings/modulegen__gcc_LP64.py:612: Warning: exception TypeLookupError(['std::_List_const_iterator< ns3::AttributeConstructionList::Item >'],) in wrapper public: retval? ???::End (params?) const;
  is_const=True)
/home/mattia/repos/ns-3-allinone/ns-3-dev/src/emu/bindings/modulegen__gcc_LP64.py:663: Warning: exception TypeLookupError(['std::ostream *'],) in wrapper public: retval? ???::CopyData (params?) const;
  is_const=True)
/home/mattia/repos/ns-3-allinone/ns-3-dev/src/emu/bindings/modulegen__gcc_LP64.py:668: Warning: exception TypeConfigurationError('direction not given',) in wrapper public: retval? ???::CopyData (params?) const;
  is_const=True)
/home/mattia/repos/ns-3-allinone/ns-3-dev/src/emu/bindings/modulegen__gcc_LP64.py:682: Warning: exception TypeConfigurationError('direction not given',) in wrapper public: retval? ???::Deserialize (params?);
  [param('uint8_t const *', 'buffer'), param('uint32_t', 'size')])
/home/mattia/repos/ns-3-allinone/ns-3-dev/src/emu/bindings/modulegen__gcc_LP64.py:712: Warning: exception TypeLookupError(['uint8_t *'],) in wrapper public: retval? ???::PeekData (params?) const;
  is_const=True)
/home/mattia/repos/ns-3-allinone/ns-3-dev/src/emu/bindings/modulegen__gcc_LP64.py:725: Warning: exception TypeConfigurationError('direction not given',) in wrapper public: retval? ???::Serialize (params?) const;
  is_const=True)
/home/mattia/repos/ns-3-allinone/ns-3-dev/src/emu/bindings/modulegen__gcc_LP64.py:780: Warning: exception TypeConfigurationError('direction not given',) in wrapper public: retval? ???::Read (params?);
  [param('uint8_t *', 'buffer'), param('uint32_t', 'size')])
/home/mattia/repos/ns-3-allinone/ns-3-dev/src/emu/bindings/modulegen__gcc_LP64.py:824: Warning: exception TypeConfigurationError('direction not given',) in wrapper public: retval? ???::Write (params?);
  [param('uint8_t const *', 'buffer'), param('uint32_t', 'size')])
/home/mattia/repos/ns-3-allinone/ns-3-dev/src/emu/bindings/modulegen__gcc_LP64.py:1045: Warning: exception TypeLookupError(['ns3::Ptr< ns3::EventImpl > &'],) in wrapper <pybindgen.cppmethod.CppConstructor object at 0x7f321a918c90>
  cls.add_constructor([param('ns3::Ptr< ns3::EventImpl > const &', 'impl'), param('uint64_t', 'ts'), param('uint32_t', 'context'), param('uint32_t', 'uid')])
/home/mattia/repos/ns-3-allinone/ns-3-dev/src/emu/bindings/modulegen__gcc_LP64.py:1079: Warning: exception TypeConfigurationError('Either caller_owns_return or self.reference_existing_object must be given',) in wrapper public: retval? ???::PeekEventImpl (params?) const;
  is_const=True)
/home/mattia/repos/ns-3-allinone/ns-3-dev/src/emu/bindings/modulegen__gcc_LP64.py:1138: Warning: exception TypeConfigurationError('direction not given',) in wrapper public: retval? ???::Deserialize (params?);
  is_static=True)
/home/mattia/repos/ns-3-allinone/ns-3-dev/src/emu/bindings/modulegen__gcc_LP64.py:1203: Warning: exception TypeLookupError(['std::ostream &'],) in wrapper public: retval? ???::Print (params?) const;
  is_const=True)
/home/mattia/repos/ns-3-allinone/ns-3-dev/src/emu/bindings/modulegen__gcc_LP64.py:1208: Warning: exception TypeConfigurationError('direction not given',) in wrapper public: retval? ???::Serialize (params?) const;
  is_const=True)
/home/mattia/repos/ns-3-allinone/ns-3-dev/src/emu/bindings/modulegen__gcc_LP64.py:1275: Warning: exception TypeLookupError(['std::ostream &'],) in wrapper public: retval? ???::Print (params?) const;
  is_const=True)
/home/mattia/repos/ns-3-allinone/ns-3-dev/src/emu/bindings/modulegen__gcc_LP64.py:1292: Warning: exception TypeConfigurationError('direction not given',) in wrapper <pybindgen.cppmethod.CppConstructor object at 0x7f321a8939d0>
  cls.add_constructor([param('uint8_t *', 'address')])
/home/mattia/repos/ns-3-allinone/ns-3-dev/src/emu/bindings/modulegen__gcc_LP64.py:1310: Warning: exception TypeConfigurationError('direction not given',) in wrapper public: retval? ???::Deserialize (params?);
  is_static=True)
/home/mattia/repos/ns-3-allinone/ns-3-dev/src/emu/bindings/modulegen__gcc_LP64.py:1335: Warning: exception TypeConfigurationError('direction not given',) in wrapper public: retval? ???::GetBytes (params?) const;
  is_const=True)
/home/mattia/repos/ns-3-allinone/ns-3-dev/src/emu/bindings/modulegen__gcc_LP64.py:1424: Warning: exception TypeLookupError(['ns3::Mac16Address'],) in wrapper public: retval? ???::MakeAutoconfiguredAddress (params?);
  is_static=True)
/home/mattia/repos/ns-3-allinone/ns-3-dev/src/emu/bindings/modulegen__gcc_LP64.py:1434: Warning: exception TypeLookupError(['ns3::Mac64Address'],) in wrapper public: retval? ???::MakeAutoconfiguredAddress (params?);
  is_static=True)
/home/mattia/repos/ns-3-allinone/ns-3-dev/src/emu/bindings/modulegen__gcc_LP64.py:1439: Warning: exception TypeLookupError(['ns3::Mac16Address'],) in wrapper public: retval? ???::MakeAutoconfiguredLinkLocalAddress (params?);
  is_static=True)
/home/mattia/repos/ns-3-allinone/ns-3-dev/src/emu/bindings/modulegen__gcc_LP64.py:1449: Warning: exception TypeLookupError(['ns3::Mac64Address'],) in wrapper public: retval? ???::MakeAutoconfiguredLinkLocalAddress (params?);
  is_static=True)
/home/mattia/repos/ns-3-allinone/ns-3-dev/src/emu/bindings/modulegen__gcc_LP64.py:1464: Warning: exception TypeLookupError(['std::ostream &'],) in wrapper public: retval? ???::Print (params?) const;
  is_const=True)
/home/mattia/repos/ns-3-allinone/ns-3-dev/src/emu/bindings/modulegen__gcc_LP64.py:1469: Warning: exception TypeConfigurationError('direction not given',) in wrapper public: retval? ???::Serialize (params?) const;
  is_const=True)
/home/mattia/repos/ns-3-allinone/ns-3-dev/src/emu/bindings/modulegen__gcc_LP64.py:1477: Warning: exception TypeConfigurationError('direction not given',) in wrapper public: retval? ???::Set (params?);
  [param('uint8_t *', 'address')])
/home/mattia/repos/ns-3-allinone/ns-3-dev/src/emu/bindings/modulegen__gcc_LP64.py:1487: Warning: exception TypeConfigurationError('direction not given',) in wrapper <pybindgen.cppmethod.CppConstructor object at 0x7f321a865190>
  cls.add_constructor([param('uint8_t *', 'prefix')])
/home/mattia/repos/ns-3-allinone/ns-3-dev/src/emu/bindings/modulegen__gcc_LP64.py:1500: Warning: exception TypeConfigurationError('direction not given',) in wrapper public: retval? ???::GetBytes (params?) const;
  is_const=True)
/home/mattia/repos/ns-3-allinone/ns-3-dev/src/emu/bindings/modulegen__gcc_LP64.py:1535: Warning: exception TypeLookupError(['std::ostream &'],) in wrapper public: retval? ???::Print (params?) const;
  is_const=True)
/home/mattia/repos/ns-3-allinone/ns-3-dev/src/emu/bindings/modulegen__gcc_LP64.py:1562: Warning: exception TypeConfigurationError('direction not given',) in wrapper public: retval? ???::CopyFrom (params?);
  [param('uint8_t const *', 'buffer')])
/home/mattia/repos/ns-3-allinone/ns-3-dev/src/emu/bindings/modulegen__gcc_LP64.py:1567: Warning: exception TypeConfigurationError('direction not given',) in wrapper public: retval? ???::CopyTo (params?) const;
  is_const=True)
/home/mattia/repos/ns-3-allinone/ns-3-dev/src/emu/bindings/modulegen__gcc_LP64.py:1637: Warning: exception TypeLookupError(['__gnu_cxx::__normal_iterator< ns3::Ptr< ns3::NetDevice > const, std::vector< ns3::Ptr< ns3::NetDevice > > >'],) in wrapper public: retval? ???::Begin (params?) const;
  is_const=True)
/home/mattia/repos/ns-3-allinone/ns-3-dev/src/emu/bindings/modulegen__gcc_LP64.py:1642: Warning: exception TypeLookupError(['__gnu_cxx::__normal_iterator< ns3::Ptr< ns3::NetDevice > const, std::vector< ns3::Ptr< ns3::NetDevice > > >'],) in wrapper public: retval? ???::End (params?) const;
  is_const=True)
/home/mattia/repos/ns-3-allinone/ns-3-dev/src/emu/bindings/modulegen__gcc_LP64.py:1688: Warning: exception TypeLookupError(['__gnu_cxx::__normal_iterator< ns3::Ptr< ns3::Node > const, std::vector< ns3::Ptr< ns3::Node > > >'],) in wrapper public: retval? ???::Begin (params?) const;
  is_const=True)
/home/mattia/repos/ns-3-allinone/ns-3-dev/src/emu/bindings/modulegen__gcc_LP64.py:1701: Warning: exception TypeLookupError(['__gnu_cxx::__normal_iterator< ns3::Ptr< ns3::Node > const, std::vector< ns3::Ptr< ns3::Node > > >'],) in wrapper public: retval? ???::End (params?) const;
  is_const=True)
/home/mattia/repos/ns-3-allinone/ns-3-dev/src/emu/bindings/modulegen__gcc_LP64.py:1789: Warning: exception TypeConfigurationError('Missing transfer_ownership option',) in wrapper public: retval? ???::Delete (params?);
  is_static=True)
/home/mattia/repos/ns-3-allinone/ns-3-dev/src/emu/bindings/modulegen__gcc_LP64.py:1862: Warning: exception TypeConfigurationError('direction not given',) in wrapper public: retval? ???::Deserialize (params?);
  [param('uint8_t const *', 'buffer'), param('uint32_t', 'size')])
/home/mattia/repos/ns-3-allinone/ns-3-dev/src/emu/bindings/modulegen__gcc_LP64.py:1903: Warning: exception TypeConfigurationError('direction not given',) in wrapper public: retval? ???::Serialize (params?) const;
  is_const=True)
bindings/python/ns3modulegen-modular.py:27: UserWarning: exception TypeLookupError(['uint8_t [ 20 ]'],) in wrapper None
  warnings.warn("exception %r in wrapper %s" % (exception, wrapper))
bindings/python/ns3modulegen-modular.py:27: UserWarning: exception TypeConfigurationError('Either caller_owns_return or self.reference_existing_object must be given',) in wrapper None
  warnings.warn("exception %r in wrapper %s" % (exception, wrapper))
/home/mattia/repos/ns-3-allinone/ns-3-dev/src/emu/bindings/modulegen__gcc_LP64.py:2034: Warning: exception TypeLookupError(['uint32_t &'],) in wrapper public: retval? ???::Diff (params?);
  is_static=True)
/home/mattia/repos/ns-3-allinone/ns-3-dev/src/emu/bindings/modulegen__gcc_LP64.py:2088: Warning: exception TypeConfigurationError('direction not given',) in wrapper public: retval? ???::Read (params?);
  [param('uint8_t * const', 'data'), param('uint32_t', 'maxBytes'), param('uint32_t &', 'tsSec'), param('uint32_t &', 'tsUsec'), param('uint32_t &', 'inclLen'), param('uint32_t &', 'origLen'), param('uint32_t &', 'readLen')])
/home/mattia/repos/ns-3-allinone/ns-3-dev/src/emu/bindings/modulegen__gcc_LP64.py:2092: Warning: exception TypeConfigurationError('direction not given',) in wrapper public: retval? ???::Write (params?);
  [param('uint32_t', 'tsSec'), param('uint32_t', 'tsUsec'), param('uint8_t const * const', 'data'), param('uint32_t', 'totalLen')])
/home/mattia/repos/ns-3-allinone/ns-3-dev/src/emu/bindings/modulegen__gcc_LP64.py:2201: Warning: exception TypeLookupError(['ns3::Ptr< ns3::SimulatorImpl >', 'ns3::SimulatorImpl *'],) in wrapper public: retval? ???::GetImplementation (params?);
  is_static=True)
/home/mattia/repos/ns-3-allinone/ns-3-dev/src/emu/bindings/modulegen__gcc_LP64.py:2236: Warning: exception TypeLookupError(['ns3::Ptr< ns3::SimulatorImpl >', 'ns3::SimulatorImpl *'],) in wrapper public: retval? ???::SetImplementation (params?);
  is_static=True)
/home/mattia/repos/ns-3-allinone/ns-3-dev/src/emu/bindings/modulegen__gcc_LP64.py:2293: Warning: exception TypeLookupError(['std::ostream &'],) in wrapper public: virtual retval? ???::Print (params?) const = 0;
  is_pure_virtual=True, is_const=True, is_virtual=True)
/home/mattia/repos/ns-3-allinone/ns-3-dev/src/emu/bindings/modulegen__gcc_LP64.py:2305: Warning: exception TypeConfigurationError('direction not given',) in wrapper <pybindgen.cppmethod.CppConstructor object at 0x7f321a65a750>
  cls.add_constructor([param('uint8_t *', 'start'), param('uint8_t *', 'end')])
/home/mattia/repos/ns-3-allinone/ns-3-dev/src/emu/bindings/modulegen__gcc_LP64.py:2313: Warning: exception TypeConfigurationError('direction not given',) in wrapper public: retval? ???::Read (params?);
  [param('uint8_t *', 'buffer'), param('uint32_t', 'size')])
/home/mattia/repos/ns-3-allinone/ns-3-dev/src/emu/bindings/modulegen__gcc_LP64.py:2341: Warning: exception TypeConfigurationError('direction not given',) in wrapper public: retval? ???::Write (params?);
  [param('uint8_t const *', 'buffer'), param('uint32_t', 'size')])
/home/mattia/repos/ns-3-allinone/ns-3-dev/src/emu/bindings/modulegen__gcc_LP64.py:2406: Warning: exception TypeLookupError(['ns3::Callback< ns3::ObjectBase *, ns3::empty, ns3::empty, ns3::empty, ns3::empty, ns3::empty, ns3::empty, ns3::empty, ns3::empty, ns3::empty >'],) in wrapper public: retval? ???::GetConstructor (params?) const;
  is_const=True)
/home/mattia/repos/ns-3-allinone/ns-3-dev/src/emu/bindings/modulegen__gcc_LP64.py:2485: Warning: exception TypeConfigurationError('Missing transfer_ownership option',) in wrapper public: retval? ???::LookupByHashFailSafe (params?);
  is_static=True)
bindings/python/ns3modulegen-modular.py:27: UserWarning: exception TypeLookupError(['short unsigned int'],) in wrapper None
  warnings.warn("exception %r in wrapper %s" % (exception, wrapper))
/home/mattia/repos/ns-3-allinone/ns-3-dev/src/emu/bindings/modulegen__gcc_LP64.py:2686: Warning: exception TypeLookupError(['std::ostream &'],) in wrapper public: virtual retval? ???::Print (params?) const = 0;
  is_pure_virtual=True, is_const=True, is_virtual=True)
/home/mattia/repos/ns-3-allinone/ns-3-dev/src/emu/bindings/modulegen__gcc_LP64.py:2754: Warning: exception TypeLookupError(['std::ostream &'],) in wrapper public: virtual retval? ???::Print (params?) const = 0;
  is_pure_virtual=True, is_const=True, is_virtual=True)
/home/mattia/repos/ns-3-allinone/ns-3-dev/src/emu/bindings/modulegen__gcc_LP64.py:2873: Warning: exception TypeConfigurationError('direction not given',) in wrapper public: retval? ???::Write (params?);
  [param('ns3::Time', 't'), param('uint8_t const *', 'buffer'), param('uint32_t', 'length')])
/home/mattia/repos/ns-3-allinone/ns-3-dev/src/emu/bindings/modulegen__gcc_LP64.py:3045: Warning: exception TypeLookupError(['pthread_t'],) in wrapper public: retval? ???::Equals (params?);
  is_static=True)
/home/mattia/repos/ns-3-allinone/ns-3-dev/src/emu/bindings/modulegen__gcc_LP64.py:3054: Warning: exception TypeLookupError(['pthread_t'],) in wrapper public: retval? ???::Self (params?);
  is_static=True)
/home/mattia/repos/ns-3-allinone/ns-3-dev/src/emu/bindings/modulegen__gcc_LP64.py:3284: Warning: exception TypeLookupError(['std::ostream &'],) in wrapper public: virtual retval? ???::Print (params?) const = 0;
  is_pure_virtual=True, is_const=True, is_virtual=True)
/home/mattia/repos/ns-3-allinone/ns-3-dev/src/emu/bindings/modulegen__gcc_LP64.py:3740: Warning: exception TypeLookupError(['ns3::Ptr< ns3::Channel >', 'ns3::Channel *'],) in wrapper public: virtual retval? ???::GetChannel (params?) const = 0;
  is_pure_virtual=True, is_const=True, is_virtual=True)
/home/mattia/repos/ns-3-allinone/ns-3-dev/src/emu/bindings/modulegen__gcc_LP64.py:3902: Warning: exception TypeLookupError(['ns3::Ptr< ns3::Application >', 'ns3::Application *'],) in wrapper public: retval? ???::AddApplication (params?);
  [param('ns3::Ptr< ns3::Application >', 'application')])
/home/mattia/repos/ns-3-allinone/ns-3-dev/src/emu/bindings/modulegen__gcc_LP64.py:3916: Warning: exception TypeLookupError(['ns3::Ptr< ns3::Application >', 'ns3::Application *'],) in wrapper public: retval? ???::GetApplication (params?) const;
  is_const=True)
/home/mattia/repos/ns-3-allinone/ns-3-dev/src/emu/bindings/modulegen__gcc_LP64.py:3950: Warning: exception TypeLookupError(['ns3::Callback< void, ns3::Ptr< ns3::NetDevice >, ns3::empty, ns3::empty, ns3::empty, ns3::empty, ns3::empty, ns3::empty, ns3::empty, ns3::empty >'],) in wrapper public: retval? ???::RegisterDeviceAdditionListener (params?);
  [param('ns3::Callback< void, ns3::Ptr< ns3::NetDevice >, ns3::empty, ns3::empty, ns3::empty, ns3::empty, ns3::empty, ns3::empty, ns3::empty, ns3::empty >', 'listener')])
/home/mattia/repos/ns-3-allinone/ns-3-dev/src/emu/bindings/modulegen__gcc_LP64.py:3958: Warning: exception TypeLookupError(['ns3::Callback< void, ns3::Ptr< ns3::NetDevice >, ns3::empty, ns3::empty, ns3::empty, ns3::empty, ns3::empty, ns3::empty, ns3::empty, ns3::empty >'],) in wrapper public: retval? ???::UnregisterDeviceAdditionListener (params?);
  [param('ns3::Callback< void, ns3::Ptr< ns3::NetDevice >, ns3::empty, ns3::empty, ns3::empty, ns3::empty, ns3::empty, ns3::empty, ns3::empty, ns3::empty >', 'listener')])
/home/mattia/repos/ns-3-allinone/ns-3-dev/src/emu/bindings/modulegen__gcc_LP64.py:4021: Warning: exception TypeLookupError(['std::ostream *'],) in wrapper <pybindgen.cppmethod.CppConstructor object at 0x7f321a216450>
  cls.add_constructor([param('std::ostream *', 'os')])
/home/mattia/repos/ns-3-allinone/ns-3-dev/src/emu/bindings/modulegen__gcc_LP64.py:4025: Warning: exception TypeLookupError(['std::ostream *'],) in wrapper public: retval? ???::GetStream (params?);
  [])
/home/mattia/repos/ns-3-allinone/ns-3-dev/src/emu/bindings/modulegen__gcc_LP64.py:4037: Warning: exception TypeConfigurationError('direction not given',) in wrapper <pybindgen.cppmethod.CppConstructor object at 0x7f321a220290>
  cls.add_constructor([param('uint8_t const *', 'buffer'), param('uint32_t', 'size'), param('bool', 'magic')])
/home/mattia/repos/ns-3-allinone/ns-3-dev/src/emu/bindings/modulegen__gcc_LP64.py:4039: Warning: exception TypeConfigurationError('direction not given',) in wrapper <pybindgen.cppmethod.CppConstructor object at 0x7f321a2202d0>
  cls.add_constructor([param('uint8_t const *', 'buffer'), param('uint32_t', 'size')])
/home/mattia/repos/ns-3-allinone/ns-3-dev/src/emu/bindings/modulegen__gcc_LP64.py:4080: Warning: exception TypeConfigurationError('direction not given',) in wrapper public: retval? ???::CopyData (params?) const;
  is_const=True)
/home/mattia/repos/ns-3-allinone/ns-3-dev/src/emu/bindings/modulegen__gcc_LP64.py:4085: Warning: exception TypeLookupError(['std::ostream *'],) in wrapper public: retval? ???::CopyData (params?) const;
  is_const=True)
/home/mattia/repos/ns-3-allinone/ns-3-dev/src/emu/bindings/modulegen__gcc_LP64.py:4140: Warning: exception TypeLookupError(['uint8_t *'],) in wrapper public: retval? ???::PeekData (params?) const;
  deprecated=True, is_const=True)
/home/mattia/repos/ns-3-allinone/ns-3-dev/src/emu/bindings/modulegen__gcc_LP64.py:4159: Warning: exception TypeLookupError(['std::ostream &'],) in wrapper public: retval? ???::Print (params?) const;
  is_const=True)
/home/mattia/repos/ns-3-allinone/ns-3-dev/src/emu/bindings/modulegen__gcc_LP64.py:4164: Warning: exception TypeLookupError(['std::ostream &'],) in wrapper public: retval? ???::PrintByteTags (params?) const;
  is_const=True)
/home/mattia/repos/ns-3-allinone/ns-3-dev/src/emu/bindings/modulegen__gcc_LP64.py:4169: Warning: exception TypeLookupError(['std::ostream &'],) in wrapper public: retval? ???::PrintPacketTags (params?) const;
  is_const=True)
/home/mattia/repos/ns-3-allinone/ns-3-dev/src/emu/bindings/modulegen__gcc_LP64.py:4206: Warning: exception TypeConfigurationError('direction not given',) in wrapper public: retval? ???::Serialize (params?) const;
  is_const=True)
/home/mattia/repos/ns-3-allinone/ns-3-dev/src/emu/bindings/modulegen__gcc_LP64.py:4349: Warning: exception TypeLookupError(['ns3::Ptr< ns3::Queue >', 'ns3::Queue *'],) in wrapper public: retval? ???::SetQueue (params?);
  [param('ns3::Ptr< ns3::Queue >', 'queue')])
/home/mattia/repos/ns-3-allinone/ns-3-dev/src/emu/bindings/modulegen__gcc_LP64.py:4354: Warning: exception TypeLookupError(['ns3::Ptr< ns3::Queue >', 'ns3::Queue *'],) in wrapper public: retval? ???::GetQueue (params?) const;
  is_const=True)
/home/mattia/repos/ns-3-allinone/ns-3-dev/src/emu/bindings/modulegen__gcc_LP64.py:4369: Warning: exception TypeLookupError(['ns3::Ptr< ns3::Channel >', 'ns3::Channel *'],) in wrapper public: virtual retval? ???::GetChannel (params?) const;
  is_const=True, is_virtual=True)
/home/mattia/repos/ns-3-allinone/ns-3-dev/src/emu/bindings/modulegen__gcc_LP64.py:4539: Warning: exception TypeLookupError(['ns3::Hash::Hash32Function_ptr'],) in wrapper <pybindgen.cppmethod.CppConstructor object at 0x7f321a11fa50>
  cls.add_constructor([param('ns3::Hash::Hash32Function_ptr', 'hp')])
/home/mattia/repos/ns-3-allinone/ns-3-dev/src/emu/bindings/modulegen__gcc_LP64.py:4556: Warning: exception TypeLookupError(['ns3::Hash::Hash64Function_ptr'],) in wrapper <pybindgen.cppmethod.CppConstructor object at 0x7f321a129b10>
  cls.add_constructor([param('ns3::Hash::Hash64Function_ptr', 'hp')])
