>>>>>>>>>>>>>>>> [['void', 'ns3::Ptr<ns3::NetDevice>', 'ns3::Ptr<ns3::Packet const>', 'unsigned short', 'ns3::Address const&', 'ns3::Address const&', 'ns3::NetDevice::PacketType', 'ns3::empty', 'ns3::empty', 'ns3::empty']]
/home/mattia/repos/ns-3-allinone/ns-3-dev/bindings/python/ns3modulegen_core_customizations.py:228: Warning: ***** Unable to register callback; parameter 'ns3::Ptr<ns3::Packet const> arg2' error (used in ns3::Callback< void, ns3::Ptr<ns3::NetDevice>, ns3::Ptr<ns3::Packet const>, unsigned short, ns3::Address const&, ns3::Address const&, ns3::NetDevice::PacketType, ns3::empty, ns3::empty, ns3::empty >): TypeLookupError(['ns3::Ptr< ns3::Packet const >', 'ns3::Packet *'],)
  Warning)
/home/mattia/repos/ns-3-allinone/ns-3-dev/src/topology-read/bindings/modulegen__gcc_LP64.py:272: Warning: exception TypeConfigurationError('direction not given',) in wrapper <pybindgen.cppmethod.CppConstructor object at 0x7f714f5ab510>
  cls.add_constructor([param('uint8_t', 'type'), param('uint8_t const *', 'buffer'), param('uint8_t', 'len')])
/home/mattia/repos/ns-3-allinone/ns-3-dev/src/topology-read/bindings/modulegen__gcc_LP64.py:283: Warning: exception TypeConfigurationError('direction not given',) in wrapper public: retval? ???::CopyAllFrom (params?);
  [param('uint8_t const *', 'buffer'), param('uint8_t', 'len')])
/home/mattia/repos/ns-3-allinone/ns-3-dev/src/topology-read/bindings/modulegen__gcc_LP64.py:288: Warning: exception TypeConfigurationError('direction not given',) in wrapper public: retval? ???::CopyAllTo (params?) const;
  is_const=True)
/home/mattia/repos/ns-3-allinone/ns-3-dev/src/topology-read/bindings/modulegen__gcc_LP64.py:292: Warning: exception TypeConfigurationError('direction not given',) in wrapper public: retval? ???::CopyFrom (params?);
  [param('uint8_t const *', 'buffer'), param('uint8_t', 'len')])
/home/mattia/repos/ns-3-allinone/ns-3-dev/src/topology-read/bindings/modulegen__gcc_LP64.py:297: Warning: exception TypeConfigurationError('direction not given',) in wrapper public: retval? ???::CopyTo (params?) const;
  is_const=True)
/home/mattia/repos/ns-3-allinone/ns-3-dev/src/topology-read/bindings/modulegen__gcc_LP64.py:347: Warning: exception TypeLookupError(['std::_List_const_iterator< ns3::AttributeConstructionList::Item >'],) in wrapper public: retval? ???::Begin (params?) const;
  is_const=True)
/home/mattia/repos/ns-3-allinone/ns-3-dev/src/topology-read/bindings/modulegen__gcc_LP64.py:352: Warning: exception TypeLookupError(['std::_List_const_iterator< ns3::AttributeConstructionList::Item >'],) in wrapper public: retval? ???::End (params?) const;
  is_const=True)
/home/mattia/repos/ns-3-allinone/ns-3-dev/src/topology-read/bindings/modulegen__gcc_LP64.py:449: Warning: exception TypeConfigurationError('direction not given',) in wrapper public: retval? ???::Deserialize (params?);
  is_static=True)
/home/mattia/repos/ns-3-allinone/ns-3-dev/src/topology-read/bindings/modulegen__gcc_LP64.py:514: Warning: exception TypeLookupError(['std::ostream &'],) in wrapper public: retval? ???::Print (params?) const;
  is_const=True)
/home/mattia/repos/ns-3-allinone/ns-3-dev/src/topology-read/bindings/modulegen__gcc_LP64.py:519: Warning: exception TypeConfigurationError('direction not given',) in wrapper public: retval? ???::Serialize (params?) const;
  is_const=True)
/home/mattia/repos/ns-3-allinone/ns-3-dev/src/topology-read/bindings/modulegen__gcc_LP64.py:586: Warning: exception TypeLookupError(['std::ostream &'],) in wrapper public: retval? ???::Print (params?) const;
  is_const=True)
/home/mattia/repos/ns-3-allinone/ns-3-dev/src/topology-read/bindings/modulegen__gcc_LP64.py:603: Warning: exception TypeConfigurationError('direction not given',) in wrapper <pybindgen.cppmethod.CppConstructor object at 0x7f714f4d0e10>
  cls.add_constructor([param('uint8_t *', 'address')])
/home/mattia/repos/ns-3-allinone/ns-3-dev/src/topology-read/bindings/modulegen__gcc_LP64.py:621: Warning: exception TypeConfigurationError('direction not given',) in wrapper public: retval? ???::Deserialize (params?);
  is_static=True)
/home/mattia/repos/ns-3-allinone/ns-3-dev/src/topology-read/bindings/modulegen__gcc_LP64.py:646: Warning: exception TypeConfigurationError('direction not given',) in wrapper public: retval? ???::GetBytes (params?) const;
  is_const=True)
/home/mattia/repos/ns-3-allinone/ns-3-dev/src/topology-read/bindings/modulegen__gcc_LP64.py:735: Warning: exception TypeLookupError(['ns3::Mac16Address'],) in wrapper public: retval? ???::MakeAutoconfiguredAddress (params?);
  is_static=True)
/home/mattia/repos/ns-3-allinone/ns-3-dev/src/topology-read/bindings/modulegen__gcc_LP64.py:740: Warning: exception TypeLookupError(['ns3::Mac48Address'],) in wrapper public: retval? ???::MakeAutoconfiguredAddress (params?);
  is_static=True)
/home/mattia/repos/ns-3-allinone/ns-3-dev/src/topology-read/bindings/modulegen__gcc_LP64.py:745: Warning: exception TypeLookupError(['ns3::Mac64Address'],) in wrapper public: retval? ???::MakeAutoconfiguredAddress (params?);
  is_static=True)
/home/mattia/repos/ns-3-allinone/ns-3-dev/src/topology-read/bindings/modulegen__gcc_LP64.py:750: Warning: exception TypeLookupError(['ns3::Mac16Address'],) in wrapper public: retval? ???::MakeAutoconfiguredLinkLocalAddress (params?);
  is_static=True)
/home/mattia/repos/ns-3-allinone/ns-3-dev/src/topology-read/bindings/modulegen__gcc_LP64.py:755: Warning: exception TypeLookupError(['ns3::Mac48Address'],) in wrapper public: retval? ???::MakeAutoconfiguredLinkLocalAddress (params?);
  is_static=True)
/home/mattia/repos/ns-3-allinone/ns-3-dev/src/topology-read/bindings/modulegen__gcc_LP64.py:760: Warning: exception TypeLookupError(['ns3::Mac64Address'],) in wrapper public: retval? ???::MakeAutoconfiguredLinkLocalAddress (params?);
  is_static=True)
/home/mattia/repos/ns-3-allinone/ns-3-dev/src/topology-read/bindings/modulegen__gcc_LP64.py:775: Warning: exception TypeLookupError(['std::ostream &'],) in wrapper public: retval? ???::Print (params?) const;
  is_const=True)
/home/mattia/repos/ns-3-allinone/ns-3-dev/src/topology-read/bindings/modulegen__gcc_LP64.py:780: Warning: exception TypeConfigurationError('direction not given',) in wrapper public: retval? ???::Serialize (params?) const;
  is_const=True)
/home/mattia/repos/ns-3-allinone/ns-3-dev/src/topology-read/bindings/modulegen__gcc_LP64.py:788: Warning: exception TypeConfigurationError('direction not given',) in wrapper public: retval? ???::Set (params?);
  [param('uint8_t *', 'address')])
/home/mattia/repos/ns-3-allinone/ns-3-dev/src/topology-read/bindings/modulegen__gcc_LP64.py:798: Warning: exception TypeConfigurationError('direction not given',) in wrapper <pybindgen.cppmethod.CppConstructor object at 0x7f714f49db50>
  cls.add_constructor([param('uint8_t *', 'prefix')])
/home/mattia/repos/ns-3-allinone/ns-3-dev/src/topology-read/bindings/modulegen__gcc_LP64.py:811: Warning: exception TypeConfigurationError('direction not given',) in wrapper public: retval? ???::GetBytes (params?) const;
  is_const=True)
/home/mattia/repos/ns-3-allinone/ns-3-dev/src/topology-read/bindings/modulegen__gcc_LP64.py:846: Warning: exception TypeLookupError(['std::ostream &'],) in wrapper public: retval? ???::Print (params?) const;
  is_const=True)
/home/mattia/repos/ns-3-allinone/ns-3-dev/src/topology-read/bindings/modulegen__gcc_LP64.py:882: Warning: exception TypeLookupError(['__gnu_cxx::__normal_iterator< ns3::Ptr< ns3::Node > const, std::vector< ns3::Ptr< ns3::Node > > >'],) in wrapper public: retval? ???::Begin (params?) const;
  is_const=True)
/home/mattia/repos/ns-3-allinone/ns-3-dev/src/topology-read/bindings/modulegen__gcc_LP64.py:895: Warning: exception TypeLookupError(['__gnu_cxx::__normal_iterator< ns3::Ptr< ns3::Node > const, std::vector< ns3::Ptr< ns3::Node > > >'],) in wrapper public: retval? ???::End (params?) const;
  is_const=True)
/home/mattia/repos/ns-3-allinone/ns-3-dev/src/topology-read/bindings/modulegen__gcc_LP64.py:983: Warning: exception TypeConfigurationError('Missing transfer_ownership option',) in wrapper public: retval? ???::Delete (params?);
  is_static=True)
/home/mattia/repos/ns-3-allinone/ns-3-dev/src/topology-read/bindings/modulegen__gcc_LP64.py:1002: Warning: exception TypeConfigurationError('direction not given',) in wrapper <pybindgen.cppmethod.CppConstructor object at 0x7f714f41eed0>
  cls.add_constructor([param('uint8_t *', 'start'), param('uint8_t *', 'end')])
/home/mattia/repos/ns-3-allinone/ns-3-dev/src/topology-read/bindings/modulegen__gcc_LP64.py:1010: Warning: exception TypeConfigurationError('direction not given',) in wrapper public: retval? ???::Read (params?);
  [param('uint8_t *', 'buffer'), param('uint32_t', 'size')])
/home/mattia/repos/ns-3-allinone/ns-3-dev/src/topology-read/bindings/modulegen__gcc_LP64.py:1038: Warning: exception TypeConfigurationError('direction not given',) in wrapper public: retval? ???::Write (params?);
  [param('uint8_t const *', 'buffer'), param('uint32_t', 'size')])
/home/mattia/repos/ns-3-allinone/ns-3-dev/src/topology-read/bindings/modulegen__gcc_LP64.py:1122: Warning: exception TypeLookupError(['ns3::Callback< ns3::ObjectBase *, ns3::empty, ns3::empty, ns3::empty, ns3::empty, ns3::empty, ns3::empty, ns3::empty, ns3::empty, ns3::empty >'],) in wrapper public: retval? ???::GetConstructor (params?) const;
  is_const=True)
/home/mattia/repos/ns-3-allinone/ns-3-dev/src/topology-read/bindings/modulegen__gcc_LP64.py:1201: Warning: exception TypeConfigurationError('Missing transfer_ownership option',) in wrapper public: retval? ???::LookupByHashFailSafe (params?);
  is_static=True)
bindings/python/ns3modulegen-modular.py:27: UserWarning: exception TypeLookupError(['short unsigned int'],) in wrapper None
  warnings.warn("exception %r in wrapper %s" % (exception, wrapper))
/home/mattia/repos/ns-3-allinone/ns-3-dev/src/topology-read/bindings/modulegen__gcc_LP64.py:1713: Warning: exception TypeLookupError(['std::_List_const_iterator< ns3::TopologyReader::Link >'],) in wrapper public: retval? ???::LinksBegin (params?) const;
  is_const=True)
/home/mattia/repos/ns-3-allinone/ns-3-dev/src/topology-read/bindings/modulegen__gcc_LP64.py:1723: Warning: exception TypeLookupError(['std::_List_const_iterator< ns3::TopologyReader::Link >'],) in wrapper public: retval? ???::LinksEnd (params?) const;
  is_const=True)
/home/mattia/repos/ns-3-allinone/ns-3-dev/src/topology-read/bindings/modulegen__gcc_LP64.py:1748: Warning: exception TypeLookupError(['std::_Rb_tree_const_iterator< std::pair< std::basic_string< char, std::char_traits< char >, std::allocator< char > > const, std::basic_string< char, std::char_traits< char >, std::allocator< char > > > >'],) in wrapper public: retval? ???::AttributesBegin (params?);
  [])
/home/mattia/repos/ns-3-allinone/ns-3-dev/src/topology-read/bindings/modulegen__gcc_LP64.py:1752: Warning: exception TypeLookupError(['std::_Rb_tree_const_iterator< std::pair< std::basic_string< char, std::char_traits< char >, std::allocator< char > > const, std::basic_string< char, std::char_traits< char >, std::allocator< char > > > >'],) in wrapper public: retval? ???::AttributesEnd (params?);
  [])
/home/mattia/repos/ns-3-allinone/ns-3-dev/src/topology-read/bindings/modulegen__gcc_LP64.py:2160: Warning: exception TypeLookupError(['ns3::Callback< void, ns3::empty, ns3::empty, ns3::empty, ns3::empty, ns3::empty, ns3::empty, ns3::empty, ns3::empty, ns3::empty >'],) in wrapper public: virtual retval? ???::AddLinkChangeCallback (params?) = 0;
  is_pure_virtual=True, is_virtual=True)
/home/mattia/repos/ns-3-allinone/ns-3-dev/src/topology-read/bindings/modulegen__gcc_LP64.py:2175: Warning: exception TypeLookupError(['ns3::Ptr< ns3::Channel >', 'ns3::Channel *'],) in wrapper public: virtual retval? ???::GetChannel (params?) const = 0;
  is_pure_virtual=True, is_const=True, is_virtual=True)
/home/mattia/repos/ns-3-allinone/ns-3-dev/src/topology-read/bindings/modulegen__gcc_LP64.py:2240: Warning: exception TypeLookupError(['ns3::Ptr< ns3::Packet >', 'ns3::Packet *'],) in wrapper public: virtual retval? ???::Send (params?) = 0;
  is_pure_virtual=True, is_virtual=True)
/home/mattia/repos/ns-3-allinone/ns-3-dev/src/topology-read/bindings/modulegen__gcc_LP64.py:2245: Warning: exception TypeLookupError(['ns3::Ptr< ns3::Packet >', 'ns3::Packet *'],) in wrapper public: virtual retval? ???::SendFrom (params?) = 0;
  is_pure_virtual=True, is_virtual=True)
/home/mattia/repos/ns-3-allinone/ns-3-dev/src/topology-read/bindings/modulegen__gcc_LP64.py:2270: Warning: exception TypeLookupError(['ns3::Callback< bool, ns3::Ptr< ns3::NetDevice >, ns3::Ptr< ns3::Packet const >, short unsigned int, ns3::Address const &, ns3::Address const &, ns3::NetDevice::PacketType, ns3::empty, ns3::empty, ns3::empty >'],) in wrapper public: virtual retval? ???::SetPromiscReceiveCallback (params?) = 0;
  is_pure_virtual=True, is_virtual=True)
/home/mattia/repos/ns-3-allinone/ns-3-dev/src/topology-read/bindings/modulegen__gcc_LP64.py:2275: Warning: exception TypeLookupError(['ns3::Callback< bool, ns3::Ptr< ns3::NetDevice >, ns3::Ptr< ns3::Packet const >, short unsigned int, ns3::Address const &, ns3::empty, ns3::empty, ns3::empty, ns3::empty, ns3::empty >'],) in wrapper public: virtual retval? ???::SetReceiveCallback (params?) = 0;
  is_pure_virtual=True, is_virtual=True)
/home/mattia/repos/ns-3-allinone/ns-3-dev/src/topology-read/bindings/modulegen__gcc_LP64.py:2293: Warning: exception TypeLookupError(['ns3::Ptr< ns3::Application >', 'ns3::Application *'],) in wrapper public: retval? ???::AddApplication (params?);
  [param('ns3::Ptr< ns3::Application >', 'application')])
/home/mattia/repos/ns-3-allinone/ns-3-dev/src/topology-read/bindings/modulegen__gcc_LP64.py:2307: Warning: exception TypeLookupError(['ns3::Ptr< ns3::Application >', 'ns3::Application *'],) in wrapper public: retval? ???::GetApplication (params?) const;
  is_const=True)
/home/mattia/repos/ns-3-allinone/ns-3-dev/src/topology-read/bindings/modulegen__gcc_LP64.py:2341: Warning: exception TypeLookupError(['ns3::Callback< void, ns3::Ptr< ns3::NetDevice >, ns3::empty, ns3::empty, ns3::empty, ns3::empty, ns3::empty, ns3::empty, ns3::empty, ns3::empty >'],) in wrapper public: retval? ???::RegisterDeviceAdditionListener (params?);
  [param('ns3::Callback< void, ns3::Ptr< ns3::NetDevice >, ns3::empty, ns3::empty, ns3::empty, ns3::empty, ns3::empty, ns3::empty, ns3::empty, ns3::empty >', 'listener')])
/home/mattia/repos/ns-3-allinone/ns-3-dev/src/topology-read/bindings/modulegen__gcc_LP64.py:2345: Warning: exception TypeLookupError(['ns3::Callback< void, ns3::Ptr< ns3::NetDevice >, ns3::Ptr< ns3::Packet const >, unsigned short, ns3::Address const &, ns3::Address const &, ns3::NetDevice::PacketType, ns3::empty, ns3::empty, ns3::empty >'],) in wrapper public: retval? ???::RegisterProtocolHandler (params?);
  [param('ns3::Callback< void, ns3::Ptr< ns3::NetDevice >, ns3::Ptr< ns3::Packet const >, unsigned short, ns3::Address const &, ns3::Address const &, ns3::NetDevice::PacketType, ns3::empty, ns3::empty, ns3::empty >', 'handler'), param('uint16_t', 'protocolType'), param('ns3::Ptr< ns3::NetDevice >', 'device'), param('bool', 'promiscuous', default_value='false')])
/home/mattia/repos/ns-3-allinone/ns-3-dev/src/topology-read/bindings/modulegen__gcc_LP64.py:2349: Warning: exception TypeLookupError(['ns3::Callback< void, ns3::Ptr< ns3::NetDevice >, ns3::empty, ns3::empty, ns3::empty, ns3::empty, ns3::empty, ns3::empty, ns3::empty, ns3::empty >'],) in wrapper public: retval? ???::UnregisterDeviceAdditionListener (params?);
  [param('ns3::Callback< void, ns3::Ptr< ns3::NetDevice >, ns3::empty, ns3::empty, ns3::empty, ns3::empty, ns3::empty, ns3::empty, ns3::empty, ns3::empty >', 'listener')])
/home/mattia/repos/ns-3-allinone/ns-3-dev/src/topology-read/bindings/modulegen__gcc_LP64.py:2353: Warning: exception TypeLookupError(['ns3::Callback< void, ns3::Ptr< ns3::NetDevice >, ns3::Ptr< ns3::Packet const >, unsigned short, ns3::Address const &, ns3::Address const &, ns3::NetDevice::PacketType, ns3::empty, ns3::empty, ns3::empty >'],) in wrapper public: retval? ???::UnregisterProtocolHandler (params?);
  [param('ns3::Callback< void, ns3::Ptr< ns3::NetDevice >, ns3::Ptr< ns3::Packet const >, unsigned short, ns3::Address const &, ns3::Address const &, ns3::NetDevice::PacketType, ns3::empty, ns3::empty, ns3::empty >', 'handler')])
/home/mattia/repos/ns-3-allinone/ns-3-dev/src/topology-read/bindings/modulegen__gcc_LP64.py:2557: Warning: exception TypeLookupError(['ns3::Hash::Hash32Function_ptr'],) in wrapper <pybindgen.cppmethod.CppConstructor object at 0x7f714f05c1d0>
  cls.add_constructor([param('ns3::Hash::Hash32Function_ptr', 'hp')])
/home/mattia/repos/ns-3-allinone/ns-3-dev/src/topology-read/bindings/modulegen__gcc_LP64.py:2574: Warning: exception TypeLookupError(['ns3::Hash::Hash64Function_ptr'],) in wrapper <pybindgen.cppmethod.CppConstructor object at 0x7f714f065290>
  cls.add_constructor([param('ns3::Hash::Hash64Function_ptr', 'hp')])
